Change Component Designator: Old Designator=C71 New Designator=C78
Change Component Designator: Old Designator=C72 New Designator=C79
Change Component Designator: Old Designator=C73 New Designator=C80
Change Component Designator: Old Designator=C74 New Designator=C81
Change Component Designator: Old Designator=C75 New Designator=C82
Change Component Designator: Old Designator=C76 New Designator=C83
Change Component Designator: Old Designator=C77 New Designator=C88
Change Component Designator: Old Designator=C97 New Designator=C84
Change Component Designator: Old Designator=C98 New Designator=C85
Change Component Designator: Old Designator=C99 New Designator=C86
Change Component Designator: Old Designator=C100 New Designator=C87
Change Component Designator: Old Designator=D8 New Designator=D7
Change Component Designator: Old Designator=D9 New Designator=D8
Change Component Designator: Old Designator=D10 New Designator=D9
Change Component Designator: Old Designator=D11 New Designator=D10
Change Component Designator: Old Designator=J13 New Designator=J9
Change Component Designator: Old Designator=J14 New Designator=J10
Change Component Designator: Old Designator=R97 New Designator=R96
Change Component Designator: Old Designator=R98 New Designator=R97
Change Component Designator: Old Designator=R109 New Designator=R98
Change Component Designator: Old Designator=R110 New Designator=R99
Change Component Designator: Old Designator=R111 New Designator=R100
Change Component Designator: Old Designator=R112 New Designator=R101
Change Component Designator: Old Designator=TP50 New Designator=TP55
Change Component Designator: Old Designator=TP51 New Designator=TP56
Change Component Designator: Old Designator=TP52 New Designator=TP57
Change Component Designator: Old Designator=TP53 New Designator=TP58
Change Component Designator: Old Designator=TP54 New Designator=TP59
Change Component Designator: Old Designator=TP55 New Designator=TP60
Change Component Designator: Old Designator=TP56 New Designator=TP61
Change Component Designator: Old Designator=TP57 New Designator=TP62
Change Component Designator: Old Designator=TP58 New Designator=TP63
Change Component Designator: Old Designator=TP59 New Designator=TP64
Change Component Designator: Old Designator=TP60 New Designator=TP65
Change Component Designator: Old Designator=TP61 New Designator=TP66
Change Component Designator: Old Designator=TP62 New Designator=TP67
Change Component Designator: Old Designator=TP63 New Designator=TP68
Change Component Designator: Old Designator=TP64 New Designator=TP69
Change Component Designator: Old Designator=TP65 New Designator=TP70
Change Component Designator: Old Designator=TP66 New Designator=TP71
Change Component Designator: Old Designator=TP67 New Designator=TP72
Change Component Designator: Old Designator=TP68 New Designator=TP73
Change Component Designator: Old Designator=U32 New Designator=U26
