Replace Part C79 CPolarized in D:\WORKSPACE\compute-module-4-gateway\PCB\CELLULAR.SchDoc with CPolarized from DB.DbLib
Replace Part C80 Capacitor in D:\WORKSPACE\compute-module-4-gateway\PCB\CELLULAR.SchDoc with Capacitor from DB.DbLib
Replace Part C81 Capacitor in D:\WORKSPACE\compute-module-4-gateway\PCB\CELLULAR.SchDoc with Capacitor from DB.DbLib
Replace Part C82 Capacitor in D:\WORKSPACE\compute-module-4-gateway\PCB\CELLULAR.SchDoc with Capacitor from DB.DbLib
Replace Part C83 Capacitor in D:\WORKSPACE\compute-module-4-gateway\PCB\CELLULAR.SchDoc with Capacitor from DB.DbLib
Replace Part C84 Capacitor in D:\WORKSPACE\compute-module-4-gateway\PCB\CELLULAR.SchDoc with Capacitor from DB.DbLib
Replace Part C85 Capacitor in D:\WORKSPACE\compute-module-4-gateway\PCB\CELLULAR.SchDoc with Capacitor from DB.DbLib
Replace Part C86 Capacitor in D:\WORKSPACE\compute-module-4-gateway\PCB\CELLULAR.SchDoc with Capacitor from DB.DbLib
Replace Part C87 Capacitor in D:\WORKSPACE\compute-module-4-gateway\PCB\CELLULAR.SchDoc with Capacitor from DB.DbLib
Replace Part C88 Capacitor in D:\WORKSPACE\compute-module-4-gateway\PCB\CELLULAR.SchDoc with Capacitor from DB.DbLib
Replace Part C89 Capacitor in D:\WORKSPACE\compute-module-4-gateway\PCB\CELLULAR.SchDoc with Capacitor from DB.DbLib
Replace Part D11 TVSBI in D:\WORKSPACE\compute-module-4-gateway\PCB\CELLULAR.SchDoc with TVSBI from DB.DbLib
Replace Part D12 TVSBI in D:\WORKSPACE\compute-module-4-gateway\PCB\CELLULAR.SchDoc with TVSBI from DB.DbLib
Replace Part D13 TVSBI in D:\WORKSPACE\compute-module-4-gateway\PCB\CELLULAR.SchDoc with TVSBI from DB.DbLib
Replace Part D14 TVSBI in D:\WORKSPACE\compute-module-4-gateway\PCB\CELLULAR.SchDoc with TVSBI from DB.DbLib
Replace Part J9 13220312 in D:\WORKSPACE\compute-module-4-gateway\PCB\CELLULAR.SchDoc with 13220312 from DB.DbLib
Replace Part J10 2336582-1 in D:\WORKSPACE\compute-module-4-gateway\PCB\CELLULAR.SchDoc with 2336582-1 from DB.DbLib
Replace Part Q2 NX3008NBKS_115 in D:\WORKSPACE\compute-module-4-gateway\PCB\CELLULAR.SchDoc with NX3008NBKS_115 from DB.DbLib
Replace Part Q3 NX3008NBKS_115 in D:\WORKSPACE\compute-module-4-gateway\PCB\CELLULAR.SchDoc with NX3008NBKS_115 from DB.DbLib
Replace Part R101 Resistor in D:\WORKSPACE\compute-module-4-gateway\PCB\CELLULAR.SchDoc with Resistor from DB.DbLib
Replace Part R102 Resistor in D:\WORKSPACE\compute-module-4-gateway\PCB\CELLULAR.SchDoc with Resistor from DB.DbLib
Replace Part R103 Resistor in D:\WORKSPACE\compute-module-4-gateway\PCB\CELLULAR.SchDoc with Resistor from DB.DbLib
Replace Part R104 Resistor in D:\WORKSPACE\compute-module-4-gateway\PCB\CELLULAR.SchDoc with Resistor from DB.DbLib
Replace Part R105 Resistor in D:\WORKSPACE\compute-module-4-gateway\PCB\CELLULAR.SchDoc with Resistor from DB.DbLib
Replace Part R106 Resistor in D:\WORKSPACE\compute-module-4-gateway\PCB\CELLULAR.SchDoc with Resistor from DB.DbLib
Replace Part TP43 TP in D:\WORKSPACE\compute-module-4-gateway\PCB\CELLULAR.SchDoc with TP from DB.DbLib
Replace Part TP44 TP in D:\WORKSPACE\compute-module-4-gateway\PCB\CELLULAR.SchDoc with TP from DB.DbLib
Replace Part TP45 TP in D:\WORKSPACE\compute-module-4-gateway\PCB\CELLULAR.SchDoc with TP from DB.DbLib
Replace Part TP46 TP in D:\WORKSPACE\compute-module-4-gateway\PCB\CELLULAR.SchDoc with TP from DB.DbLib
Replace Part TP47 TP in D:\WORKSPACE\compute-module-4-gateway\PCB\CELLULAR.SchDoc with TP from DB.DbLib
Replace Part TP48 TP in D:\WORKSPACE\compute-module-4-gateway\PCB\CELLULAR.SchDoc with TP from DB.DbLib
Replace Part TP49 TP in D:\WORKSPACE\compute-module-4-gateway\PCB\CELLULAR.SchDoc with TP from DB.DbLib
Replace Part TP50 TP in D:\WORKSPACE\compute-module-4-gateway\PCB\CELLULAR.SchDoc with TP from DB.DbLib
Replace Part TP51 TP in D:\WORKSPACE\compute-module-4-gateway\PCB\CELLULAR.SchDoc with TP from DB.DbLib
Replace Part TP52 TP in D:\WORKSPACE\compute-module-4-gateway\PCB\CELLULAR.SchDoc with TP from DB.DbLib
Replace Part TP53 TP in D:\WORKSPACE\compute-module-4-gateway\PCB\CELLULAR.SchDoc with TP from DB.DbLib
Replace Part TP54 TP in D:\WORKSPACE\compute-module-4-gateway\PCB\CELLULAR.SchDoc with TP from DB.DbLib
Replace Part TP55 TP in D:\WORKSPACE\compute-module-4-gateway\PCB\CELLULAR.SchDoc with TP from DB.DbLib
Replace Part TP56 TP in D:\WORKSPACE\compute-module-4-gateway\PCB\CELLULAR.SchDoc with TP from DB.DbLib
Replace Part TP57 TP in D:\WORKSPACE\compute-module-4-gateway\PCB\CELLULAR.SchDoc with TP from DB.DbLib
Replace Part TP58 TP in D:\WORKSPACE\compute-module-4-gateway\PCB\CELLULAR.SchDoc with TP from DB.DbLib
Replace Part TP59 TP in D:\WORKSPACE\compute-module-4-gateway\PCB\CELLULAR.SchDoc with TP from DB.DbLib
Replace Part TP60 TP in D:\WORKSPACE\compute-module-4-gateway\PCB\CELLULAR.SchDoc with TP from DB.DbLib
Replace Part TP61 TP in D:\WORKSPACE\compute-module-4-gateway\PCB\CELLULAR.SchDoc with TP from DB.DbLib
Replace Part U21 LARA-R6 in D:\WORKSPACE\compute-module-4-gateway\PCB\CELLULAR.SchDoc with LARA-R6 from DB.DbLib
