Change Component Designator: Old Designator=C? New Designator=C71
Change Component Designator: Old Designator=C? New Designator=C72
Change Component Designator: Old Designator=C? New Designator=C73
Change Component Designator: Old Designator=C? New Designator=C74
Change Component Designator: Old Designator=C? New Designator=C75
Change Component Designator: Old Designator=C? New Designator=C76
Change Component Designator: Old Designator=C? New Designator=C77
Change Component Designator: Old Designator=D? New Designator=D8
Change Component Designator: Old Designator=J? New Designator=J13
Change Component Designator: Old Designator=J? New Designator=J14
Change Component Designator: Old Designator=Q? New Designator=Q2
Change Component Designator: Old Designator=Q? New Designator=Q3
Change Component Designator: Old Designator=R? New Designator=R97
Change Component Designator: Old Designator=R? New Designator=R98
Change Component Designator: Old Designator=TP? New Designator=TP50
Change Component Designator: Old Designator=TP? New Designator=TP51
Change Component Designator: Old Designator=TP? New Designator=TP52
Change Component Designator: Old Designator=TP? New Designator=TP53
Change Component Designator: Old Designator=TP? New Designator=TP54
Change Component Designator: Old Designator=TP? New Designator=TP55
Change Component Designator: Old Designator=TP? New Designator=TP56
Change Component Designator: Old Designator=TP? New Designator=TP57
Change Component Designator: Old Designator=TP? New Designator=TP58
Change Component Designator: Old Designator=TP? New Designator=TP59
Change Component Designator: Old Designator=TP? New Designator=TP60
Change Component Designator: Old Designator=TP? New Designator=TP61
Change Component Designator: Old Designator=TP? New Designator=TP62
Change Component Designator: Old Designator=TP? New Designator=TP63
Change Component Designator: Old Designator=TP? New Designator=TP64
Change Component Designator: Old Designator=TP? New Designator=TP65
Change Component Designator: Old Designator=U? New Designator=U32
