Added Component: Designator=U5(SOT65P210X1106N)
Add component (AddParameter): Name = "Datasheet Link"; Value = "http://www.ti.com/lit/gpn/SN74LVC2G07"; VariantName = "[No Variations]"
Add component (AddParameter): Name = "DES"; Value = "Buffers & Line Drivers Dual Buffer Driver A 595-SN74LVC2G07DCKR"; VariantName = "[No Variations]"
Add component (AddParameter): Name = "FTP"; Value = "SOT-353-SC70-6"; VariantName = "[No Variations]"
Add component (AddParameter): Name = "Geometry.Height"; Value = "1.1mm"; VariantName = "[No Variations]"
Add component (AddParameter): Name = "MAN"; Value = "Texas Instruments"; VariantName = "[No Variations]"
Add component (AddParameter): Name = "MANREF"; Value = "SN74LVC2G07DCKT"; VariantName = "[No Variations]"
Add component (AddParameter): Name = "Manufacturer_Name"; Value = "Texas Instruments"; VariantName = "[No Variations]"
Add component (AddParameter): Name = "Manufacturer_Part_Number"; Value = "SN74LVC2G07DCKT"; VariantName = "[No Variations]"
Add component (AddParameter): Name = "Mouser Part Number"; Value = "595-SN74LVC2G07DCKT"; VariantName = "[No Variations]"
Add component (AddParameter): Name = "Mouser Price/Stock"; Value = "https://www.mouser.co.uk/ProductDetail/Texas-Instruments/SN74LVC2G07DCKT?qs=pajgIaoyDUh%252B8BjKWdvxSw%3D%3D"; VariantName = "[No Variations]"
Add component (AddParameter): Name = "NOTE"; Value = "_"; VariantName = "[No Variations]"
Add component (AddParameter): Name = "Part Number"; Value = "GIC-000000009"; VariantName = "[No Variations]"
Add component (AddParameter): Name = "SUP"; Value = "Mouser"; VariantName = "[No Variations]"
Add component (AddParameter): Name = "SUPREF"; Value = "595-SN74LVC2G07DCKT"; VariantName = "[No Variations]"
Add component (AddParameter): Name = "TOL"; Value = "_"; VariantName = "[No Variations]"
Add component (AddParameter): Name = "Value 1"; Value = "5.5 V"; VariantName = "[No Variations]"
Add component (AddParameter): Name = "Value 2"; Value = "32 mA"; VariantName = "[No Variations]"
Added Component: Designator=U6(SOT65P210X1106N)
Add component (AddParameter): Name = "Datasheet Link"; Value = "http://www.ti.com/lit/gpn/SN74LVC2G07"; VariantName = "[No Variations]"
Add component (AddParameter): Name = "DES"; Value = "Buffers & Line Drivers Dual Buffer Driver A 595-SN74LVC2G07DCKR"; VariantName = "[No Variations]"
Add component (AddParameter): Name = "FTP"; Value = "SOT-353-SC70-6"; VariantName = "[No Variations]"
Add component (AddParameter): Name = "Geometry.Height"; Value = "1.1mm"; VariantName = "[No Variations]"
Add component (AddParameter): Name = "MAN"; Value = "Texas Instruments"; VariantName = "[No Variations]"
Add component (AddParameter): Name = "MANREF"; Value = "SN74LVC2G07DCKT"; VariantName = "[No Variations]"
Add component (AddParameter): Name = "Manufacturer_Name"; Value = "Texas Instruments"; VariantName = "[No Variations]"
Add component (AddParameter): Name = "Manufacturer_Part_Number"; Value = "SN74LVC2G07DCKT"; VariantName = "[No Variations]"
Add component (AddParameter): Name = "Mouser Part Number"; Value = "595-SN74LVC2G07DCKT"; VariantName = "[No Variations]"
Add component (AddParameter): Name = "Mouser Price/Stock"; Value = "https://www.mouser.co.uk/ProductDetail/Texas-Instruments/SN74LVC2G07DCKT?qs=pajgIaoyDUh%252B8BjKWdvxSw%3D%3D"; VariantName = "[No Variations]"
Add component (AddParameter): Name = "NOTE"; Value = "_"; VariantName = "[No Variations]"
Add component (AddParameter): Name = "Part Number"; Value = "GIC-000000009"; VariantName = "[No Variations]"
Add component (AddParameter): Name = "SUP"; Value = "Mouser"; VariantName = "[No Variations]"
Add component (AddParameter): Name = "SUPREF"; Value = "595-SN74LVC2G07DCKT"; VariantName = "[No Variations]"
Add component (AddParameter): Name = "TOL"; Value = "_"; VariantName = "[No Variations]"
Add component (AddParameter): Name = "Value 1"; Value = "5.5 V"; VariantName = "[No Variations]"
Add component (AddParameter): Name = "Value 2"; Value = "32 mA"; VariantName = "[No Variations]"
Added Component: Designator=U7(SOT65P210X1106N)
Add component (AddParameter): Name = "Datasheet Link"; Value = "http://www.ti.com/lit/gpn/SN74LVC2G07"; VariantName = "[No Variations]"
Add component (AddParameter): Name = "DES"; Value = "Buffers & Line Drivers Dual Buffer Driver A 595-SN74LVC2G07DCKR"; VariantName = "[No Variations]"
Add component (AddParameter): Name = "FTP"; Value = "SOT-353-SC70-6"; VariantName = "[No Variations]"
Add component (AddParameter): Name = "Geometry.Height"; Value = "1.1mm"; VariantName = "[No Variations]"
Add component (AddParameter): Name = "MAN"; Value = "Texas Instruments"; VariantName = "[No Variations]"
Add component (AddParameter): Name = "MANREF"; Value = "SN74LVC2G07DCKT"; VariantName = "[No Variations]"
Add component (AddParameter): Name = "Manufacturer_Name"; Value = "Texas Instruments"; VariantName = "[No Variations]"
Add component (AddParameter): Name = "Manufacturer_Part_Number"; Value = "SN74LVC2G07DCKT"; VariantName = "[No Variations]"
Add component (AddParameter): Name = "Mouser Part Number"; Value = "595-SN74LVC2G07DCKT"; VariantName = "[No Variations]"
Add component (AddParameter): Name = "Mouser Price/Stock"; Value = "https://www.mouser.co.uk/ProductDetail/Texas-Instruments/SN74LVC2G07DCKT?qs=pajgIaoyDUh%252B8BjKWdvxSw%3D%3D"; VariantName = "[No Variations]"
Add component (AddParameter): Name = "NOTE"; Value = "_"; VariantName = "[No Variations]"
Add component (AddParameter): Name = "Part Number"; Value = "GIC-000000009"; VariantName = "[No Variations]"
Add component (AddParameter): Name = "SUP"; Value = "Mouser"; VariantName = "[No Variations]"
Add component (AddParameter): Name = "SUPREF"; Value = "595-SN74LVC2G07DCKT"; VariantName = "[No Variations]"
Add component (AddParameter): Name = "TOL"; Value = "_"; VariantName = "[No Variations]"
Add component (AddParameter): Name = "Value 1"; Value = "5.5 V"; VariantName = "[No Variations]"
Add component (AddParameter): Name = "Value 2"; Value = "32 mA"; VariantName = "[No Variations]"
Added Component: Designator=U20(SOT65P210X1106N)
Add component (AddParameter): Name = "Datasheet Link"; Value = "http://www.ti.com/lit/gpn/SN74LVC2G07"; VariantName = "[No Variations]"
Add component (AddParameter): Name = "DES"; Value = "Buffers & Line Drivers Dual Buffer Driver A 595-SN74LVC2G07DCKR"; VariantName = "[No Variations]"
Add component (AddParameter): Name = "FTP"; Value = "SOT-353-SC70-6"; VariantName = "[No Variations]"
Add component (AddParameter): Name = "Geometry.Height"; Value = "1.1mm"; VariantName = "[No Variations]"
Add component (AddParameter): Name = "MAN"; Value = "Texas Instruments"; VariantName = "[No Variations]"
Add component (AddParameter): Name = "MANREF"; Value = "SN74LVC2G07DCKT"; VariantName = "[No Variations]"
Add component (AddParameter): Name = "Manufacturer_Name"; Value = "Texas Instruments"; VariantName = "[No Variations]"
Add component (AddParameter): Name = "Manufacturer_Part_Number"; Value = "SN74LVC2G07DCKT"; VariantName = "[No Variations]"
Add component (AddParameter): Name = "Mouser Part Number"; Value = "595-SN74LVC2G07DCKT"; VariantName = "[No Variations]"
Add component (AddParameter): Name = "Mouser Price/Stock"; Value = "https://www.mouser.co.uk/ProductDetail/Texas-Instruments/SN74LVC2G07DCKT?qs=pajgIaoyDUh%252B8BjKWdvxSw%3D%3D"; VariantName = "[No Variations]"
Add component (AddParameter): Name = "NOTE"; Value = "_"; VariantName = "[No Variations]"
Add component (AddParameter): Name = "Part Number"; Value = "GIC-000000009"; VariantName = "[No Variations]"
Add component (AddParameter): Name = "SUP"; Value = "Mouser"; VariantName = "[No Variations]"
Add component (AddParameter): Name = "SUPREF"; Value = "595-SN74LVC2G07DCKT"; VariantName = "[No Variations]"
Add component (AddParameter): Name = "TOL"; Value = "_"; VariantName = "[No Variations]"
Add component (AddParameter): Name = "Value 1"; Value = "5.5 V"; VariantName = "[No Variations]"
Add component (AddParameter): Name = "Value 2"; Value = "32 mA"; VariantName = "[No Variations]"
Added Pin To Net: NetName=RPi_GPIO10 Pin=U5-1
Added Pin To Net: NetName=GND Pin=U5-2
Added Pin To Net: NetName=PWR_LED Pin=U5-3
Added Pin To Net: NetName=SYS_WAR_LED Pin=U5-4
Added Pin To Net: NetName=RPi_3V3_OUT Pin=U5-5
Added Pin To Net: NetName=SYS_ERR_LED Pin=U5-6
Added Pin To Net: NetName=RPi_GPIO12 Pin=U6-1
Added Pin To Net: NetName=GND Pin=U6-2
Added Pin To Net: NetName=PWR_LED Pin=U6-3
Added Pin To Net: NetName=SYS_PWR_LED Pin=U6-4
Added Pin To Net: NetName=RPi_3V3_OUT Pin=U6-5
Added Pin To Net: NetName=SYS_NET_LED Pin=U6-6
Added Pin To Net: NetName=SCL0 Pin=U7-1
Added Pin To Net: NetName=GND Pin=U7-2
Added Pin To Net: NetName=SDA0 Pin=U7-3
Added Pin To Net: NetName=I2C_SDA Pin=U7-4
Added Pin To Net: NetName=RPi_3V3_OUT Pin=U7-5
Added Pin To Net: NetName=I2C_SCL Pin=U7-6
Added Pin To Net: NetName=SYS_WAR_LED Pin=U20-1
Added Pin To Net: NetName=GND Pin=U20-2
Added Pin To Net: NetName=SYS_ERR_LED Pin=U20-3
Added Pin To Net: NetName=SYS_WAR Pin=U20-4
Added Pin To Net: NetName=3v3 Pin=U20-5
Added Pin To Net: NetName=SYS_ERR Pin=U20-6
Added Member To Class: ClassName=RPI Member=Component U5 SN74LVC2G07DCKT
Added Member To Class: ClassName=RPI Member=Component U6 SN74LVC2G07DCKT
Added Member To Class: ClassName=RPI Member=Component U7 SN74LVC2G07DCKT
Added Member To Class: ClassName=CPU_superviser Member=Component U20 SN74LVC2G07DCKT
