Added Component: Designator=TP65(TP)
Add component (AddParameter): Name = "DES"; Value = "_"; VariantName = "[No Variations]"
Add component (AddParameter): Name = "FTP"; Value = "_"; VariantName = "[No Variations]"
Add component (AddParameter): Name = "MAN"; Value = "_"; VariantName = "[No Variations]"
Add component (AddParameter): Name = "MANREF"; Value = "_"; VariantName = "[No Variations]"
Add component (AddParameter): Name = "NOTE"; Value = "_"; VariantName = "[No Variations]"
Add component (AddParameter): Name = "Part Number"; Value = "MIS-000000002"; VariantName = "[No Variations]"
Add component (AddParameter): Name = "SUP"; Value = "_"; VariantName = "[No Variations]"
Add component (AddParameter): Name = "SUPREF"; Value = "_"; VariantName = "[No Variations]"
Add component (AddParameter): Name = "TOL"; Value = "_"; VariantName = "[No Variations]"
Add component (AddParameter): Name = "Value 1"; Value = "_"; VariantName = "[No Variations]"
Add component (AddParameter): Name = "Value 2"; Value = "_"; VariantName = "[No Variations]"
Added Component: Designator=TP66(TP)
Add component (AddParameter): Name = "DES"; Value = "_"; VariantName = "[No Variations]"
Add component (AddParameter): Name = "FTP"; Value = "_"; VariantName = "[No Variations]"
Add component (AddParameter): Name = "MAN"; Value = "_"; VariantName = "[No Variations]"
Add component (AddParameter): Name = "MANREF"; Value = "_"; VariantName = "[No Variations]"
Add component (AddParameter): Name = "NOTE"; Value = "_"; VariantName = "[No Variations]"
Add component (AddParameter): Name = "Part Number"; Value = "MIS-000000002"; VariantName = "[No Variations]"
Add component (AddParameter): Name = "SUP"; Value = "_"; VariantName = "[No Variations]"
Add component (AddParameter): Name = "SUPREF"; Value = "_"; VariantName = "[No Variations]"
Add component (AddParameter): Name = "TOL"; Value = "_"; VariantName = "[No Variations]"
Add component (AddParameter): Name = "Value 1"; Value = "_"; VariantName = "[No Variations]"
Add component (AddParameter): Name = "Value 2"; Value = "_"; VariantName = "[No Variations]"
Added Component: Designator=TP67(TP)
Add component (AddParameter): Name = "DES"; Value = "_"; VariantName = "[No Variations]"
Add component (AddParameter): Name = "FTP"; Value = "_"; VariantName = "[No Variations]"
Add component (AddParameter): Name = "MAN"; Value = "_"; VariantName = "[No Variations]"
Add component (AddParameter): Name = "MANREF"; Value = "_"; VariantName = "[No Variations]"
Add component (AddParameter): Name = "NOTE"; Value = "_"; VariantName = "[No Variations]"
Add component (AddParameter): Name = "Part Number"; Value = "MIS-000000002"; VariantName = "[No Variations]"
Add component (AddParameter): Name = "SUP"; Value = "_"; VariantName = "[No Variations]"
Add component (AddParameter): Name = "SUPREF"; Value = "_"; VariantName = "[No Variations]"
Add component (AddParameter): Name = "TOL"; Value = "_"; VariantName = "[No Variations]"
Add component (AddParameter): Name = "Value 1"; Value = "_"; VariantName = "[No Variations]"
Add component (AddParameter): Name = "Value 2"; Value = "_"; VariantName = "[No Variations]"
Added Component: Designator=TP68(TP)
Add component (AddParameter): Name = "DES"; Value = "_"; VariantName = "[No Variations]"
Add component (AddParameter): Name = "FTP"; Value = "_"; VariantName = "[No Variations]"
Add component (AddParameter): Name = "MAN"; Value = "_"; VariantName = "[No Variations]"
Add component (AddParameter): Name = "MANREF"; Value = "_"; VariantName = "[No Variations]"
Add component (AddParameter): Name = "NOTE"; Value = "_"; VariantName = "[No Variations]"
Add component (AddParameter): Name = "Part Number"; Value = "MIS-000000002"; VariantName = "[No Variations]"
Add component (AddParameter): Name = "SUP"; Value = "_"; VariantName = "[No Variations]"
Add component (AddParameter): Name = "SUPREF"; Value = "_"; VariantName = "[No Variations]"
Add component (AddParameter): Name = "TOL"; Value = "_"; VariantName = "[No Variations]"
Add component (AddParameter): Name = "Value 1"; Value = "_"; VariantName = "[No Variations]"
Add component (AddParameter): Name = "Value 2"; Value = "_"; VariantName = "[No Variations]"
Added Component: Designator=TP69(TP)
Add component (AddParameter): Name = "DES"; Value = "_"; VariantName = "[No Variations]"
Add component (AddParameter): Name = "FTP"; Value = "_"; VariantName = "[No Variations]"
Add component (AddParameter): Name = "MAN"; Value = "_"; VariantName = "[No Variations]"
Add component (AddParameter): Name = "MANREF"; Value = "_"; VariantName = "[No Variations]"
Add component (AddParameter): Name = "NOTE"; Value = "_"; VariantName = "[No Variations]"
Add component (AddParameter): Name = "Part Number"; Value = "MIS-000000002"; VariantName = "[No Variations]"
Add component (AddParameter): Name = "SUP"; Value = "_"; VariantName = "[No Variations]"
Add component (AddParameter): Name = "SUPREF"; Value = "_"; VariantName = "[No Variations]"
Add component (AddParameter): Name = "TOL"; Value = "_"; VariantName = "[No Variations]"
Add component (AddParameter): Name = "Value 1"; Value = "_"; VariantName = "[No Variations]"
Add component (AddParameter): Name = "Value 2"; Value = "_"; VariantName = "[No Variations]"
Added Pin To Net: NetName=3v8 Pin=TP65-1
Added Pin To Net: NetName=VCC_SYS Pin=TP66-1
Added Pin To Net: NetName=5V Pin=TP67-1
Added Pin To Net: NetName=3v3 Pin=TP68-1
Added Pin To Net: NetName=RPi_3V3_OUT Pin=TP69-1
Added Member To Class: ClassName=POWER SUPPLY Member=Component TP65 Test Point
Added Member To Class: ClassName=POWER SUPPLY Member=Component TP66 Test Point
Added Member To Class: ClassName=POWER SUPPLY Member=Component TP67 Test Point
Added Member To Class: ClassName=POWER SUPPLY Member=Component TP68 Test Point
Added Member To Class: ClassName=POWER SUPPLY Member=Component TP69 Test Point
