Removed Pin From Net: NetName=RPi_USB_P Pin=R81-2
Removed Pin From Net: NetName=RPi_USB_N Pin=R82-2
Removed Pin From Net: NetName=_D3_P Pin=U14-7
Removed Pin From Net: NetName=_D3_N Pin=U14-8
Removed Pin From Net: NetName=_D4_N Pin=U26-28
Removed Pin From Net: NetName=_D4_P Pin=U26-29
Removed Pin From Net: NetName=_D1_N Pin=U28-11
Removed Pin From Net: NetName=_D1_P Pin=U28-12
Removed Pin From Net: NetName=_D2_N Pin=U33-11
Removed Pin From Net: NetName=_D2_P Pin=U33-12
Add Pin To Net: Unknown Pin: Pin J12-4
Add Pin To Net: Unknown Pin: Pin U6-1
Add Pin To Net: Unknown Pin: Pin U6-2
Add Pin To Net: Unknown Pin: Pin U6-3
Add Pin To Net: Unknown Pin: Pin U6-4
Add Pin To Net: Unknown Pin: Pin U6-5
Add Pin To Net: Unknown Pin: Pin U6-6
Add Pin To Net: Unknown Pin: Pin U8-1
Add Pin To Net: Unknown Pin: Pin U8-2
Add Pin To Net: Unknown Pin: Pin U8-3
Add Pin To Net: Unknown Pin: Pin U8-4
Add Pin To Net: Unknown Pin: Pin U8-5
Add Pin To Net: Unknown Pin: Pin U8-6
Add Pin To Net: Unknown Pin: Pin U9-1
Add Pin To Net: Unknown Pin: Pin U9-2
Add Pin To Net: Unknown Pin: Pin U9-3
Add Pin To Net: Unknown Pin: Pin U9-4
Add Pin To Net: Unknown Pin: Pin U9-5
Add Pin To Net: Unknown Pin: Pin U9-6
Add Pin To Net: Unknown Pin: Pin U25-1
Add Pin To Net: Unknown Pin: Pin U25-2
Add Pin To Net: Unknown Pin: Pin U25-3
Add Pin To Net: Unknown Pin: Pin U25-4
Add Pin To Net: Unknown Pin: Pin U25-5
Add Pin To Net: Unknown Pin: Pin U25-6
Added Pin To Net: NetName=NetU14_7 Pin=U14-7
Added Net: Name=NetU14_7
Added Pin To Net: NetName=NetU14_8 Pin=U14-8
Added Net: Name=NetU14_8
Added Pin To Net: NetName=NetU26_28 Pin=U26-28
Added Net: Name=NetU26_28
Added Pin To Net: NetName=NetU26_29 Pin=U26-29
Added Net: Name=NetU26_29
Added Pin To Net: NetName=NetU28_11 Pin=U28-11
Added Net: Name=NetU28_11
Added Pin To Net: NetName=NetU28_12 Pin=U28-12
Added Net: Name=NetU28_12
Added Pin To Net: NetName=NetU33_11 Pin=U33-11
Added Net: Name=NetU33_11
Added Pin To Net: NetName=NetU33_12 Pin=U33-12
Added Net: Name=NetU33_12
Added Pin To Net: NetName=USB_N Pin=R81-2
Added Net: Name=USB_N
Added Pin To Net: NetName=USB_P Pin=R82-2
Added Net: Name=USB_P
Added Differential Pair: Name=USB
Added Class: Name=USB_DIFFPAIR
