Change Component Comment : Designator=F1 Old Comment=3.15A New Comment=3404.2421.22
Change Component Comment : Designator=J1 Old Comment=12/24VDC New Comment=796644-2
Change Component Comment : Designator=U10 Old Comment=CM4 GND New Comment=
Change Component Comment : Designator=U7 Old Comment=CM4 GPIO New Comment=
Change Component Comment : Designator=U11 Old Comment=CM4 I2C New Comment=
Change Component Comment : Designator=U5 Old Comment=CM4 3V3 1V8 OUT New Comment=
Change Component Comment : Designator=U12 Old Comment=CM4 5V IN New Comment=
Change Component Comment : Designator=U17 Old Comment=MAX4996LETG+ New Comment=MAX4996LETG+
MAX4996LETG+
Change Component Description : Designator=J1 Old Description=Body Features: Product Orientation Right Angle New Description=
Change component parameters: Designator = "J1" ("J1"); Footprint = "7966442"; UniqueID = "\EBBYFDAC\KBWKPQNM" ("\EBBYFDAC\KBWKPQNM")
Change component parameters (AddParameter): Name = "DES"; Value = "SIMM Connectors PUSH-PUSH NANO SIM CONNECTOR"; VariantName = "[No Variations]"
Change component parameters (AddParameter): Name = "FTP"; Value = "THT"; VariantName = "[No Variations]"
Change component parameters (AddParameter): Name = "MAN"; Value = "TE Connectivity"; VariantName = "[No Variations]"
Change component parameters (AddParameter): Name = "MANREF"; Value = "796644-2"; VariantName = "[No Variations]"
Change component parameters (AddParameter): Name = "Part Number"; Value = "CON-000000016"; VariantName = "[No Variations]"
Change component parameters (AddParameter): Name = "SUP"; Value = "Mouser"; VariantName = "[No Variations]"
Change component parameters (AddParameter): Name = "SUPREF"; Value = "571-796644-2"; VariantName = "[No Variations]"
Change component parameters: Designator = "J12" ("J12"); Footprint = "OLED128x32"; UniqueID = "\RXZGPLOD\OOMSHEOZ" ("\RXZGPLOD\OOMSHEOZ")
Change component parameters (AddParameter): Name = "FTP"; Value = "THT"; VariantName = "[No Variations]"
Change component parameters (AddParameter): Name = "NOTE"; Value = "_"; VariantName = "[No Variations]"
Change component parameters (AddParameter): Name = "Part Number"; Value = "CON-000000009"; VariantName = "[No Variations]"
Change component parameters (AddParameter): Name = "SUP"; Value = "Mouser"; VariantName = "[No Variations]"
Change component parameters (AddParameter): Name = "TOL"; Value = "_"; VariantName = "[No Variations]"
Change component parameters: Designator = "R1" ("R1"); Footprint = "RESC1608N"; UniqueID = "\IUUJHVEZ" ("\IUUJHVEZ")
Change component parameters (AddParameter): Name = "MAN"; Value = "KOA Speer"; VariantName = "[No Variations]"
Change component parameters (AddParameter): Name = "NOTE"; Value = "_"; VariantName = "[No Variations]"
Change component parameters (AddParameter): Name = "Part Number"; Value = "RES-000000008"; VariantName = "[No Variations]"
Change component parameters (AddParameter): Name = "SUP"; Value = "Mouser"; VariantName = "[No Variations]"
Change component parameters (AddParameter): Name = "Value 1"; Value = "330R"; VariantName = "[No Variations]"
Change component parameters: Designator = "R2" ("R2"); Footprint = "RESC1608N"; UniqueID = "\WIZTJBWJ" ("\WIZTJBWJ")
Change component parameters (AddParameter): Name = "MAN"; Value = "KOA Speer"; VariantName = "[No Variations]"
Change component parameters (AddParameter): Name = "NOTE"; Value = "_"; VariantName = "[No Variations]"
Change component parameters (AddParameter): Name = "Part Number"; Value = "RES-000000008"; VariantName = "[No Variations]"
Change component parameters (AddParameter): Name = "SUP"; Value = "Mouser"; VariantName = "[No Variations]"
Change component parameters (AddParameter): Name = "Value 1"; Value = "330R"; VariantName = "[No Variations]"
Change component parameters: Designator = "R3" ("R3"); Footprint = "RESC1608N"; UniqueID = "\IEONMNEO" ("\IEONMNEO")
Change component parameters (AddParameter): Name = "MAN"; Value = "KOA Speer"; VariantName = "[No Variations]"
Change component parameters (AddParameter): Name = "NOTE"; Value = "_"; VariantName = "[No Variations]"
Change component parameters (AddParameter): Name = "Part Number"; Value = "RES-000000008"; VariantName = "[No Variations]"
Change component parameters (AddParameter): Name = "SUP"; Value = "Mouser"; VariantName = "[No Variations]"
Change component parameters (AddParameter): Name = "Value 1"; Value = "330R"; VariantName = "[No Variations]"
Change component parameters: Designator = "R4" ("R4"); Footprint = "RESC1608N"; UniqueID = "\OTMTNLFU" ("\OTMTNLFU")
Change component parameters (AddParameter): Name = "MAN"; Value = "KOA Speer"; VariantName = "[No Variations]"
Change component parameters (AddParameter): Name = "NOTE"; Value = "_"; VariantName = "[No Variations]"
Change component parameters (AddParameter): Name = "Part Number"; Value = "RES-000000008"; VariantName = "[No Variations]"
Change component parameters (AddParameter): Name = "SUP"; Value = "Mouser"; VariantName = "[No Variations]"
Change component parameters (AddParameter): Name = "Value 1"; Value = "330R"; VariantName = "[No Variations]"
Change component parameters: Designator = "R5" ("R5"); Footprint = "RESC1608N"; UniqueID = "\RBWHBTDW" ("\RBWHBTDW")
Change component parameters (AddParameter): Name = "MAN"; Value = "KOA Speer"; VariantName = "[No Variations]"
Change component parameters (AddParameter): Name = "NOTE"; Value = "_"; VariantName = "[No Variations]"
Change component parameters (AddParameter): Name = "Part Number"; Value = "RES-000000008"; VariantName = "[No Variations]"
Change component parameters (AddParameter): Name = "SUP"; Value = "Mouser"; VariantName = "[No Variations]"
Change component parameters (AddParameter): Name = "Value 1"; Value = "330R"; VariantName = "[No Variations]"
Change component parameters: Designator = "R6" ("R6"); Footprint = "RESC1608N"; UniqueID = "\GHKBGRSX" ("\GHKBGRSX")
Change component parameters (AddParameter): Name = "MAN"; Value = "KOA Speer"; VariantName = "[No Variations]"
Change component parameters (AddParameter): Name = "NOTE"; Value = "_"; VariantName = "[No Variations]"
Change component parameters (AddParameter): Name = "Part Number"; Value = "RES-000000008"; VariantName = "[No Variations]"
Change component parameters (AddParameter): Name = "SUP"; Value = "Mouser"; VariantName = "[No Variations]"
Change component parameters (AddParameter): Name = "Value 1"; Value = "330R"; VariantName = "[No Variations]"
Add Pin To Net: Unknown Pin: Pin J12-4
Add Pin To Net: Unknown Pin: Pin U6-1
Add Pin To Net: Unknown Pin: Pin U6-2
Add Pin To Net: Unknown Pin: Pin U6-3
Add Pin To Net: Unknown Pin: Pin U6-4
Add Pin To Net: Unknown Pin: Pin U6-5
Add Pin To Net: Unknown Pin: Pin U6-6
Add Pin To Net: Unknown Pin: Pin U8-1
Add Pin To Net: Unknown Pin: Pin U8-2
Add Pin To Net: Unknown Pin: Pin U8-3
Add Pin To Net: Unknown Pin: Pin U8-4
Add Pin To Net: Unknown Pin: Pin U8-5
Add Pin To Net: Unknown Pin: Pin U8-6
Add Pin To Net: Unknown Pin: Pin U9-1
Add Pin To Net: Unknown Pin: Pin U9-2
Add Pin To Net: Unknown Pin: Pin U9-3
Add Pin To Net: Unknown Pin: Pin U9-4
Add Pin To Net: Unknown Pin: Pin U9-5
Add Pin To Net: Unknown Pin: Pin U9-6
Add Pin To Net: Unknown Pin: Pin U25-1
Add Pin To Net: Unknown Pin: Pin U25-2
Add Pin To Net: Unknown Pin: Pin U25-3
Add Pin To Net: Unknown Pin: Pin U25-4
Add Pin To Net: Unknown Pin: Pin U25-5
Add Pin To Net: Unknown Pin: Pin U25-6
