Added Component: Designator=J12(OLED128x32)
Add component (AddParameter): Name = "FTP"; Value = "THT"; VariantName = "[No Variations]"
Add component (AddParameter): Name = "NOTE"; Value = "_"; VariantName = "[No Variations]"
Add component (AddParameter): Name = "Part Number"; Value = "CON-000000009"; VariantName = "[No Variations]"
Add component (AddParameter): Name = "SUP"; Value = "Mouser"; VariantName = "[No Variations]"
Add component (AddParameter): Name = "TOL"; Value = "_"; VariantName = "[No Variations]"
Added Pin To Net: NetName=GND Pin=J12-1
Added Pin To Net: NetName=3v3 Pin=J12-2
Added Pin To Net: NetName=I2C_SDA Pin=J12-3
Added Pin To Net: NetName=I2C_SCL Pin=J12-4
Add Pin To Net: Unknown Pin: Pin U5-1
Add Pin To Net: Unknown Pin: Pin U5-2
Add Pin To Net: Unknown Pin: Pin U5-3
Add Pin To Net: Unknown Pin: Pin U5-4
Add Pin To Net: Unknown Pin: Pin U5-5
Add Pin To Net: Unknown Pin: Pin U5-6
Add Pin To Net: Unknown Pin: Pin U6-1
Add Pin To Net: Unknown Pin: Pin U6-2
Add Pin To Net: Unknown Pin: Pin U6-3
Add Pin To Net: Unknown Pin: Pin U6-4
Add Pin To Net: Unknown Pin: Pin U6-5
Add Pin To Net: Unknown Pin: Pin U6-6
Add Pin To Net: Unknown Pin: Pin U7-1
Add Pin To Net: Unknown Pin: Pin U7-2
Add Pin To Net: Unknown Pin: Pin U7-3
Add Pin To Net: Unknown Pin: Pin U7-4
Add Pin To Net: Unknown Pin: Pin U7-5
Add Pin To Net: Unknown Pin: Pin U7-6
Add Pin To Net: Unknown Pin: Pin U20-1
Add Pin To Net: Unknown Pin: Pin U20-2
Add Pin To Net: Unknown Pin: Pin U20-3
Add Pin To Net: Unknown Pin: Pin U20-4
Add Pin To Net: Unknown Pin: Pin U20-5
Add Pin To Net: Unknown Pin: Pin U20-6
Added Member To Class: ClassName=I2C Member=Component J12 OLED128x32
