Removed Pin From Net: NetName=GND Pin=C41-1
Removed Pin From Net: NetName=GND Pin=C42-1
Removed Pin From Net: NetName=NetC41_2 Pin=U9-2
Removed Pin From Net: NetName=NetC42_2 Pin=U9-3
Removed Pin From Net: NetName=NetC42_2 Pin=Y1-2
Change Component Footprint: Designator=Y1 Old Footprint=830010043 New Footprint=NX3225SA
Change Component Footprint: Designator=C41 Old Footprint=CAPC1608N New Footprint=CAPC402
Change Component Footprint: Designator=C42 Old Footprint=CAPC1608N New Footprint=CAPC402
Change Component Comment : Designator=Y1 Old Comment=830010043 New Comment=NX3225SA-12MHZ-STD-CSR-6
Change Component Comment : Designator=C41 Old Comment=C0603C270F4HACTU New Comment=GRM1555C1H8R2CA01D
Change Component Comment : Designator=C42 Old Comment=C0603C270F4HACTU New Comment=GRM1555C1H8R2CA01D
Change component parameters: Designator = "C41" ("C41"); Footprint = "CAPC1608N"; UniqueID = "\YBWWLQFK\LBAIQAWF" ("\YBWWLQFK\LBAIQAWF")
Change component parameters (AddParameter): Name = "DES"; Value = "Ceramic Capacitor, 8.2 pF, 50V, C0G, 0402"; VariantName = "[No Variations]"
Change component parameters (AddParameter): Name = "FTP"; Value = "402"; VariantName = "[No Variations]"
Change component parameters (AddParameter): Name = "MAN"; Value = "Murata"; VariantName = "[No Variations]"
Change component parameters (AddParameter): Name = "MANREF"; Value = "GRM1555C1H8R2CA01D"; VariantName = "[No Variations]"
Change component parameters (AddParameter): Name = "Part Number"; Value = "CAP-000000013"; VariantName = "[No Variations]"
Change component parameters (AddParameter): Name = "SUPREF"; Value = "81-GRM1555C1H8R2CA01D"; VariantName = "[No Variations]"
Change component parameters (AddParameter): Name = "Value 1"; Value = "8.2 pF"; VariantName = "[No Variations]"
Change component parameters (AddParameter): Name = "Value 2"; Value = "50V"; VariantName = "[No Variations]"
Change component parameters: Designator = "C42" ("C42"); Footprint = "CAPC1608N"; UniqueID = "\YBWWLQFK\ZAMPESOM" ("\YBWWLQFK\ZAMPESOM")
Change component parameters (AddParameter): Name = "DES"; Value = "Ceramic Capacitor, 8.2 pF, 50V, C0G, 0402"; VariantName = "[No Variations]"
Change component parameters (AddParameter): Name = "FTP"; Value = "402"; VariantName = "[No Variations]"
Change component parameters (AddParameter): Name = "MAN"; Value = "Murata"; VariantName = "[No Variations]"
Change component parameters (AddParameter): Name = "MANREF"; Value = "GRM1555C1H8R2CA01D"; VariantName = "[No Variations]"
Change component parameters (AddParameter): Name = "Part Number"; Value = "CAP-000000013"; VariantName = "[No Variations]"
Change component parameters (AddParameter): Name = "SUPREF"; Value = "81-GRM1555C1H8R2CA01D"; VariantName = "[No Variations]"
Change component parameters (AddParameter): Name = "Value 1"; Value = "8.2 pF"; VariantName = "[No Variations]"
Change component parameters (AddParameter): Name = "Value 2"; Value = "50V"; VariantName = "[No Variations]"
Change component parameters: Designator = "Y1" ("Y1"); Footprint = "830010043"; UniqueID = "\YBWWLQFK\HITVUZRQ" ("\YBWWLQFK\HITVUZRQ")
Change component parameters (AddParameter): Name = "DES"; Value = "Crystals CRYSTAL 12MHZ 8PF SMD"; VariantName = "[No Variations]"
Change component parameters (AddParameter): Name = "FTP"; Value = "_"; VariantName = "[No Variations]"
Change component parameters (AddParameter): Name = "MAN"; Value = "NDK"; VariantName = "[No Variations]"
Change component parameters (AddParameter): Name = "MANREF"; Value = "NX3225SA-12MHZ-STD-CSR-6"; VariantName = "[No Variations]"
Change component parameters (AddParameter): Name = "NOTE"; Value = "_"; VariantName = "[No Variations]"
Change component parameters (AddParameter): Name = "Part Number"; Value = "Y-000000002"; VariantName = "[No Variations]"
Change component parameters (AddParameter): Name = "SUP"; Value = "Mouser"; VariantName = "[No Variations]"
Change component parameters (AddParameter): Name = "SUPREF"; Value = "344-NX3225SA12MCSR6"; VariantName = "[No Variations]"
Change component parameters (AddParameter): Name = "Value 1"; Value = "12Mhz"; VariantName = "[No Variations]"
Added Pin To Net: NetName=GND Pin=Y1-2
Added Pin To Net: NetName=NetC42_2 Pin=Y1-3
Added Pin To Net: NetName=GND Pin=Y1-4
Added Pin To Net: NetName=NetC41_1 Pin=C41-1
Added Pin To Net: NetName=NetC41_1 Pin=U9-2
Added Net: Name=NetC41_1
Added Pin To Net: NetName=NetC42_1 Pin=C42-1
Added Pin To Net: NetName=NetC42_1 Pin=U9-3
Added Net: Name=NetC42_1
