Change Component DesignItemId : Designator=L3 Old DesignItemId=IND-000000002 New DesignItemId=IND-000000006
Change Component DesignItemId : Designator=L4 Old DesignItemId=IND-000000002 New DesignItemId=IND-000000006
Change Component DesignItemId : Designator=L5 Old DesignItemId=IND-000000002 New DesignItemId=IND-000000006
Change Component DesignItemId : Designator=L6 Old DesignItemId=IND-000000002 New DesignItemId=IND-000000006
Change Component DesignItemId : Designator=L7 Old DesignItemId=IND-000000002 New DesignItemId=IND-000000006
Change Component DesignItemId : Designator=L8 Old DesignItemId=IND-000000002 New DesignItemId=IND-000000006
Change Component Footprint: Designator=L3 Old Footprint=1.5uH-XAL4020 New Footprint=BEADC0603X33N
Change Component Footprint: Designator=L4 Old Footprint=1.5uH-XAL4020 New Footprint=BEADC0603X33N
Change Component Footprint: Designator=L5 Old Footprint=1.5uH-XAL4020 New Footprint=BEADC0603X33N
Change Component Footprint: Designator=L6 Old Footprint=1.5uH-XAL4020 New Footprint=BEADC0603X33N
Change Component Footprint: Designator=L7 Old Footprint=1.5uH-XAL4020 New Footprint=BEADC0603X33N
Change Component Footprint: Designator=L8 Old Footprint=1.5uH-XAL4020 New Footprint=BEADC0603X33N
Change Component Comment : Designator=L3 Old Comment=IHLP1616ABER1R0M11 New Comment=MAF0603FAL330BT000
Change Component Comment : Designator=L4 Old Comment=IHLP1616ABER1R0M11 New Comment=MAF0603FAL330BT000
Change Component Comment : Designator=L5 Old Comment=IHLP1616ABER1R0M11 New Comment=MAF0603FAL330BT000
Change Component Comment : Designator=L6 Old Comment=IHLP1616ABER1R0M11 New Comment=MAF0603FAL330BT000
Change Component Comment : Designator=L7 Old Comment=IHLP1616ABER1R0M11 New Comment=MAF0603FAL330BT000
Change Component Comment : Designator=L8 Old Comment=IHLP1616ABER1R0M11 New Comment=MAF0603FAL330BT000
Change component parameters: Designator = "L3" ("L3"); Footprint = "1.5uH-XAL4020"; UniqueID = "\YBWWLQFK\IFHWYGIO" ("\YBWWLQFK\IFHWYGIO")
Change component parameters (AddParameter): Name = "DES"; Value = "Common Mode Chokes / Filters 0603 33ohm 200mA"; VariantName = "[No Variations]"
Change component parameters (AddParameter): Name = "MAN"; Value = "TDK"; VariantName = "[No Variations]"
Change component parameters (AddParameter): Name = "MANREF"; Value = "MAF0603FAL330BT000"; VariantName = "[No Variations]"
Change component parameters (AddParameter): Name = "Part Number"; Value = "IND-000000006"; VariantName = "[No Variations]"
Change component parameters (AddParameter): Name = "SUP"; Value = "Mouser"; VariantName = "[No Variations]"
Change component parameters (AddParameter): Name = "SUPREF"; Value = "810-MAF0603FAL330BT0"; VariantName = "[No Variations]"
Change component parameters: Designator = "L4" ("L4"); Footprint = "1.5uH-XAL4020"; UniqueID = "\YBWWLQFK\ORNRZWMK" ("\YBWWLQFK\ORNRZWMK")
Change component parameters (AddParameter): Name = "DES"; Value = "Common Mode Chokes / Filters 0603 33ohm 200mA"; VariantName = "[No Variations]"
Change component parameters (AddParameter): Name = "MAN"; Value = "TDK"; VariantName = "[No Variations]"
Change component parameters (AddParameter): Name = "MANREF"; Value = "MAF0603FAL330BT000"; VariantName = "[No Variations]"
Change component parameters (AddParameter): Name = "Part Number"; Value = "IND-000000006"; VariantName = "[No Variations]"
Change component parameters (AddParameter): Name = "SUP"; Value = "Mouser"; VariantName = "[No Variations]"
Change component parameters (AddParameter): Name = "SUPREF"; Value = "810-MAF0603FAL330BT0"; VariantName = "[No Variations]"
Change component parameters: Designator = "L5" ("L5"); Footprint = "1.5uH-XAL4020"; UniqueID = "\YBWWLQFK\VKJHVDXB" ("\YBWWLQFK\VKJHVDXB")
Change component parameters (AddParameter): Name = "DES"; Value = "Common Mode Chokes / Filters 0603 33ohm 200mA"; VariantName = "[No Variations]"
Change component parameters (AddParameter): Name = "MAN"; Value = "TDK"; VariantName = "[No Variations]"
Change component parameters (AddParameter): Name = "MANREF"; Value = "MAF0603FAL330BT000"; VariantName = "[No Variations]"
Change component parameters (AddParameter): Name = "Part Number"; Value = "IND-000000006"; VariantName = "[No Variations]"
Change component parameters (AddParameter): Name = "SUP"; Value = "Mouser"; VariantName = "[No Variations]"
Change component parameters (AddParameter): Name = "SUPREF"; Value = "810-MAF0603FAL330BT0"; VariantName = "[No Variations]"
Change component parameters: Designator = "L6" ("L6"); Footprint = "1.5uH-XAL4020"; UniqueID = "\YBWWLQFK\PSIALDQT" ("\YBWWLQFK\PSIALDQT")
Change component parameters (AddParameter): Name = "DES"; Value = "Common Mode Chokes / Filters 0603 33ohm 200mA"; VariantName = "[No Variations]"
Change component parameters (AddParameter): Name = "MAN"; Value = "TDK"; VariantName = "[No Variations]"
Change component parameters (AddParameter): Name = "MANREF"; Value = "MAF0603FAL330BT000"; VariantName = "[No Variations]"
Change component parameters (AddParameter): Name = "Part Number"; Value = "IND-000000006"; VariantName = "[No Variations]"
Change component parameters (AddParameter): Name = "SUP"; Value = "Mouser"; VariantName = "[No Variations]"
Change component parameters (AddParameter): Name = "SUPREF"; Value = "810-MAF0603FAL330BT0"; VariantName = "[No Variations]"
Change component parameters: Designator = "L7" ("L7"); Footprint = "1.5uH-XAL4020"; UniqueID = "\YBWWLQFK\EZQHRJPG" ("\YBWWLQFK\EZQHRJPG")
Change component parameters (AddParameter): Name = "DES"; Value = "Common Mode Chokes / Filters 0603 33ohm 200mA"; VariantName = "[No Variations]"
Change component parameters (AddParameter): Name = "MAN"; Value = "TDK"; VariantName = "[No Variations]"
Change component parameters (AddParameter): Name = "MANREF"; Value = "MAF0603FAL330BT000"; VariantName = "[No Variations]"
Change component parameters (AddParameter): Name = "Part Number"; Value = "IND-000000006"; VariantName = "[No Variations]"
Change component parameters (AddParameter): Name = "SUP"; Value = "Mouser"; VariantName = "[No Variations]"
Change component parameters (AddParameter): Name = "SUPREF"; Value = "810-MAF0603FAL330BT0"; VariantName = "[No Variations]"
Change component parameters: Designator = "L8" ("L8"); Footprint = "1.5uH-XAL4020"; UniqueID = "\YBWWLQFK\PJCHYXSD" ("\YBWWLQFK\PJCHYXSD")
Change component parameters (AddParameter): Name = "DES"; Value = "Common Mode Chokes / Filters 0603 33ohm 200mA"; VariantName = "[No Variations]"
Change component parameters (AddParameter): Name = "MAN"; Value = "TDK"; VariantName = "[No Variations]"
Change component parameters (AddParameter): Name = "MANREF"; Value = "MAF0603FAL330BT000"; VariantName = "[No Variations]"
Change component parameters (AddParameter): Name = "Part Number"; Value = "IND-000000006"; VariantName = "[No Variations]"
Change component parameters (AddParameter): Name = "SUP"; Value = "Mouser"; VariantName = "[No Variations]"
Change component parameters (AddParameter): Name = "SUPREF"; Value = "810-MAF0603FAL330BT0"; VariantName = "[No Variations]"
Added Member To Class: ClassName=RS-485 Member=Component R32 RN731JTTD1002F25
