Removed Member From Class: ClassName=cm4gateway Member=C75
Removed Member From Class: ClassName=POWER SUPPLY Member=C76
Removed Member From Class: ClassName=POWER SUPPLY Member=C77
Removed Member From Class: ClassName=POWER SUPPLY Member=C78
Removed Member From Class: ClassName=POWER SUPPLY Member=J8
Removed Member From Class: ClassName=cm4gateway Member=R96
Removed Member From Class: ClassName=cm4gateway Member=R97
Removed Member From Class: ClassName=cm4gateway Member=R98
Removed Member From Class: ClassName=cm4gateway Member=R99
Removed Member From Class: ClassName=cm4gateway Member=R100
Removed Member From Class: ClassName=RPI Member=TP34
Removed Member From Class: ClassName=RPI Member=TP35
Removed Member From Class: ClassName=RPI Member=TP36
Removed Member From Class: ClassName=RPI Member=TP37
Removed Member From Class: ClassName=RS-485 Member=TP38
Removed Member From Class: ClassName=RS-485 Member=TP39
Removed Member From Class: ClassName=RS-485 Member=TP40
Removed Member From Class: ClassName=RS-485 Member=TP41
Removed Member From Class: ClassName=RS-485 Member=TP42
Removed Member From Class: ClassName=POWER SUPPLY Member=U24
Change Component Description : Designator=J1 Old Description=Body Features: Product Orientation Right Angle New Description=Body Features: Product Orientation Right Angle | Primary Product Color Green | Configuration Features: Number of Rows 1 | Number of Positions 2 | Stacking Configuration Side Stackable | Contact Features: Contact Mating Area Plating Material Tin | Contact Current Rating (Max) 15 AMP | Contact Base Material Copper Alloy | Dimensions: Wire Size 30  12 AWG | Wire Size .05  3 MMSQ | Electrical Characteristics: Operating Voltage 300 VAC | Housing Features: Centerline (Pitch) .197 INCH | Centerline (Pitch) 5
Change component parameters: Designator = "R113" ("R113"); Footprint = "RESC1608N"; UniqueID = "\ZHXPIHHN\NNKCASGC" ("\ZHXPIHHN\NNKCASGC")
Change component parameters (AddParameter): Name = "MAN"; Value = "KOA Speer"; VariantName = "[No Variations]"
Change component parameters (AddParameter): Name = "NOTE"; Value = "_"; VariantName = "[No Variations]"
Change component parameters (AddParameter): Name = "Part Number"; Value = "RES-000000008"; VariantName = "[No Variations]"
Change component parameters (AddParameter): Name = "SUP"; Value = "Mouser"; VariantName = "[No Variations]"
Change component parameters (AddParameter): Name = "Value 1"; Value = "330R"; VariantName = "[No Variations]"
Change component parameters: Designator = "R114" ("R114"); Footprint = "RESC1608N"; UniqueID = "\ZHXPIHHN\IATWPUAT" ("\ZHXPIHHN\IATWPUAT")
Change component parameters (AddParameter): Name = "MAN"; Value = "KOA Speer"; VariantName = "[No Variations]"
Change component parameters (AddParameter): Name = "NOTE"; Value = "_"; VariantName = "[No Variations]"
Change component parameters (AddParameter): Name = "Part Number"; Value = "RES-000000008"; VariantName = "[No Variations]"
Change component parameters (AddParameter): Name = "SUP"; Value = "Mouser"; VariantName = "[No Variations]"
Change component parameters (AddParameter): Name = "Value 1"; Value = "330R"; VariantName = "[No Variations]"
Change component parameters: Designator = "R115" ("R115"); Footprint = "RESC1608N"; UniqueID = "\ZHXPIHHN\YFWEGOYE" ("\ZHXPIHHN\YFWEGOYE")
Change component parameters (AddParameter): Name = "MAN"; Value = "KOA Speer"; VariantName = "[No Variations]"
Change component parameters (AddParameter): Name = "NOTE"; Value = "_"; VariantName = "[No Variations]"
Change component parameters (AddParameter): Name = "Part Number"; Value = "RES-000000008"; VariantName = "[No Variations]"
Change component parameters (AddParameter): Name = "SUP"; Value = "Mouser"; VariantName = "[No Variations]"
Change component parameters (AddParameter): Name = "Value 1"; Value = "330R"; VariantName = "[No Variations]"
Change component parameters: Designator = "R116" ("R116"); Footprint = "RESC1608N"; UniqueID = "\ZHXPIHHN\EYDIYQBM" ("\ZHXPIHHN\EYDIYQBM")
Change component parameters (AddParameter): Name = "MAN"; Value = "KOA Speer"; VariantName = "[No Variations]"
Change component parameters (AddParameter): Name = "NOTE"; Value = "_"; VariantName = "[No Variations]"
Change component parameters (AddParameter): Name = "Part Number"; Value = "RES-000000008"; VariantName = "[No Variations]"
Change component parameters (AddParameter): Name = "SUP"; Value = "Mouser"; VariantName = "[No Variations]"
Change component parameters (AddParameter): Name = "Value 1"; Value = "330R"; VariantName = "[No Variations]"
Change component parameters: Designator = "R127" ("R127"); Footprint = "RESC1608N"; UniqueID = "\ZHXPIHHN\DSUDPECK" ("\ZHXPIHHN\DSUDPECK")
Change component parameters (AddParameter): Name = "MAN"; Value = "KOA Speer"; VariantName = "[No Variations]"
Change component parameters (AddParameter): Name = "NOTE"; Value = "_"; VariantName = "[No Variations]"
Change component parameters (AddParameter): Name = "Part Number"; Value = "RES-000000008"; VariantName = "[No Variations]"
Change component parameters (AddParameter): Name = "SUP"; Value = "Mouser"; VariantName = "[No Variations]"
Change component parameters (AddParameter): Name = "Value 1"; Value = "330R"; VariantName = "[No Variations]"
Change component parameters: Designator = "R130" ("R130"); Footprint = "RESC1608N"; UniqueID = "\ZHXPIHHN\PQOEVQJM" ("\ZHXPIHHN\PQOEVQJM")
Change component parameters (AddParameter): Name = "MAN"; Value = "KOA Speer"; VariantName = "[No Variations]"
Change component parameters (AddParameter): Name = "NOTE"; Value = "_"; VariantName = "[No Variations]"
Change component parameters (AddParameter): Name = "Part Number"; Value = "RES-000000008"; VariantName = "[No Variations]"
Change component parameters (AddParameter): Name = "SUP"; Value = "Mouser"; VariantName = "[No Variations]"
Change component parameters (AddParameter): Name = "Value 1"; Value = "330R"; VariantName = "[No Variations]"
Change component parameters: Designator = "R131" ("R131"); Footprint = "RESC1608N"; UniqueID = "\ZHXPIHHN\UQZQDQWW" ("\ZHXPIHHN\UQZQDQWW")
Change component parameters (AddParameter): Name = "MAN"; Value = "KOA Speer"; VariantName = "[No Variations]"
Change component parameters (AddParameter): Name = "NOTE"; Value = "_"; VariantName = "[No Variations]"
Change component parameters (AddParameter): Name = "Part Number"; Value = "RES-000000008"; VariantName = "[No Variations]"
Change component parameters (AddParameter): Name = "SUP"; Value = "Mouser"; VariantName = "[No Variations]"
Change component parameters (AddParameter): Name = "Value 1"; Value = "330R"; VariantName = "[No Variations]"
Added Component: Designator=U28(QFN50P800X800X100-57N-D)
Add component (AddParameter): Name = "DES"; Value = "USB Interface IC Hi-Speed USB 2.0 10/100/1000 Ethernet"; VariantName = "[No Variations]"
Add component (AddParameter): Name = "FTP"; Value = "QFN-56"; VariantName = "[No Variations]"
Add component (AddParameter): Name = "MAN"; Value = "Microchip Technology"; VariantName = "[No Variations]"
Add component (AddParameter): Name = "MANREF"; Value = "LAN9500A-ABZJ-TR"; VariantName = "[No Variations]"
Add component (AddParameter): Name = "NOTE"; Value = "_"; VariantName = "[No Variations]"
Add component (AddParameter): Name = "Part Number"; Value = "GIC-000000010"; VariantName = "[No Variations]"
Add component (AddParameter): Name = "SUP"; Value = "Mouser"; VariantName = "[No Variations]"
Add component (AddParameter): Name = "SUPREF"; Value = "886-LAN9500A-ABZJ-TR"; VariantName = "[No Variations]"
Add component (AddParameter): Name = "TOL"; Value = "_"; VariantName = "[No Variations]"
Add component (AddParameter): Name = "Value 1"; Value = "3.3 V"; VariantName = "[No Variations]"
Add component (AddParameter): Name = "Value 2"; Value = "480 Mb/s"; VariantName = "[No Variations]"
Added Component: Designator=U33(QFN50P800X800X100-57N-D)
Add component (AddParameter): Name = "DES"; Value = "USB Interface IC Hi-Speed USB 2.0 10/100/1000 Ethernet"; VariantName = "[No Variations]"
Add component (AddParameter): Name = "FTP"; Value = "QFN-56"; VariantName = "[No Variations]"
Add component (AddParameter): Name = "MAN"; Value = "Microchip Technology"; VariantName = "[No Variations]"
Add component (AddParameter): Name = "MANREF"; Value = "LAN9500A-ABZJ-TR"; VariantName = "[No Variations]"
Add component (AddParameter): Name = "NOTE"; Value = "_"; VariantName = "[No Variations]"
Add component (AddParameter): Name = "Part Number"; Value = "GIC-000000010"; VariantName = "[No Variations]"
Add component (AddParameter): Name = "SUP"; Value = "Mouser"; VariantName = "[No Variations]"
Add component (AddParameter): Name = "SUPREF"; Value = "886-LAN9500A-ABZJ-TR"; VariantName = "[No Variations]"
Add component (AddParameter): Name = "TOL"; Value = "_"; VariantName = "[No Variations]"
Add component (AddParameter): Name = "Value 1"; Value = "3.3 V"; VariantName = "[No Variations]"
Add component (AddParameter): Name = "Value 2"; Value = "480 Mb/s"; VariantName = "[No Variations]"
Add Pin To Net: Unknown Pin: Pin J12-4
Add Pin To Net: Unknown Pin: Pin U6-1
Add Pin To Net: Unknown Pin: Pin U6-2
Add Pin To Net: Unknown Pin: Pin U6-3
Add Pin To Net: Unknown Pin: Pin U6-4
Add Pin To Net: Unknown Pin: Pin U6-5
Add Pin To Net: Unknown Pin: Pin U6-6
Add Pin To Net: Unknown Pin: Pin U8-1
Add Pin To Net: Unknown Pin: Pin U8-2
Add Pin To Net: Unknown Pin: Pin U8-3
Add Pin To Net: Unknown Pin: Pin U8-4
Add Pin To Net: Unknown Pin: Pin U8-5
Add Pin To Net: Unknown Pin: Pin U8-6
Add Pin To Net: Unknown Pin: Pin U9-1
Add Pin To Net: Unknown Pin: Pin U9-2
Add Pin To Net: Unknown Pin: Pin U9-3
Add Pin To Net: Unknown Pin: Pin U9-4
Add Pin To Net: Unknown Pin: Pin U9-5
Add Pin To Net: Unknown Pin: Pin U9-6
Add Pin To Net: Unknown Pin: Pin U25-1
Add Pin To Net: Unknown Pin: Pin U25-2
Add Pin To Net: Unknown Pin: Pin U25-3
Add Pin To Net: Unknown Pin: Pin U25-4
Add Pin To Net: Unknown Pin: Pin U25-5
Add Pin To Net: Unknown Pin: Pin U25-6
Added Pin To Net: NetName=ETH_TR_TXN Pin=U28-2
Added Pin To Net: NetName=ETH_TR_TXP Pin=U28-3
Added Pin To Net: NetName=VDD33A Pin=U28-4
Added Pin To Net: NetName=ETH_TR_RXN Pin=U28-5
Added Pin To Net: NetName=LAN0_RX_P Pin=U28-6
Added Pin To Net: NetName=VDD33A Pin=U28-7
Added Pin To Net: NetName=NetR120_2 Pin=U28-8
Added Pin To Net: NetName=VDD33A Pin=U28-9
Added Pin To Net: NetName=VDDPLL Pin=U28-10
Added Pin To Net: NetName=_D1_N Pin=U28-11
Added Pin To Net: NetName=_D1_P Pin=U28-12
Added Pin To Net: NetName=GND Pin=U28-13
Added Pin To Net: NetName=VDD33A Pin=U28-15
Added Pin To Net: NetName=NetR119_2 Pin=U28-16
Added Pin To Net: NetName=VDDUSBPLL Pin=U28-17
Added Pin To Net: NetName=NetU28_18 Pin=U28-18
Added Pin To Net: NetName=NetU22_12 Pin=U28-20
Added Pin To Net: NetName=VDDCORE Pin=U28-21
Added Pin To Net: NetName=NetC95_2 Pin=U28-24
Added Pin To Net: NetName=3v3 Pin=U28-25
Added Pin To Net: NetName=LNKA_LED_K_LAN_0 Pin=U28-27
Added Pin To Net: NetName=SPD_LED_K_LAN_0 Pin=U28-28
Added Pin To Net: NetName=NetR117_1 Pin=U28-31
Added Pin To Net: NetName=GND Pin=U28-33
Added Pin To Net: NetName=GND Pin=U28-34
Added Pin To Net: NetName=3v3 Pin=U28-35
Added Pin To Net: NetName=3v3 Pin=U28-36
Added Pin To Net: NetName=3v3 Pin=U28-38
Added Pin To Net: NetName=3v3 Pin=U28-39
Added Pin To Net: NetName=3v3 Pin=U28-40
Added Pin To Net: NetName=3v3 Pin=U28-48
Added Pin To Net: NetName=3v3 Pin=U28-49
Added Pin To Net: NetName=VDDCORE Pin=U28-50
Added Pin To Net: NetName=3v3 Pin=U28-51
Added Pin To Net: NetName=3v3 Pin=U28-52
Added Pin To Net: NetName=GND Pin=U28-57
Added Pin To Net: NetName=LAN1_TX_N Pin=U33-2
Added Pin To Net: NetName=LAN1_TX_P Pin=U33-3
Added Pin To Net: NetName=VDD33A Pin=U33-4
Added Pin To Net: NetName=LAN1_RX_N Pin=U33-5
Added Pin To Net: NetName=LAN1_RX_P Pin=U33-6
Added Pin To Net: NetName=VDD33A Pin=U33-7
Added Pin To Net: NetName=NetR133_2 Pin=U33-8
Added Pin To Net: NetName=VDD33A Pin=U33-9
Added Pin To Net: NetName=VDDPLL Pin=U33-10
Added Pin To Net: NetName=_D2_N Pin=U33-11
Added Pin To Net: NetName=_D2_P Pin=U33-12
Added Pin To Net: NetName=GND Pin=U33-13
Added Pin To Net: NetName=VDD33A Pin=U33-15
Added Pin To Net: NetName=NetR132_2 Pin=U33-16
Added Pin To Net: NetName=VDDUSBPLL Pin=U33-17
Added Pin To Net: NetName=NetU33_18 Pin=U33-18
Added Pin To Net: NetName=NetU22_16 Pin=U33-20
Added Pin To Net: NetName=VDDCORE Pin=U33-21
Added Pin To Net: NetName=NetC114_2 Pin=U33-24
Added Pin To Net: NetName=3v3 Pin=U33-25
Added Pin To Net: NetName=LNKA_LED_K_LAN_1 Pin=U33-27
Added Pin To Net: NetName=SPD_LED_K_LAN_1 Pin=U33-28
Added Pin To Net: NetName=NetR128_1 Pin=U33-31
Added Pin To Net: NetName=GND Pin=U33-33
Added Pin To Net: NetName=GND Pin=U33-34
Added Pin To Net: NetName=3v3 Pin=U33-35
Added Pin To Net: NetName=3v3 Pin=U33-36
Added Pin To Net: NetName=3v3 Pin=U33-38
Added Pin To Net: NetName=3v3 Pin=U33-39
Added Pin To Net: NetName=3v3 Pin=U33-40
Added Pin To Net: NetName=3v3 Pin=U33-48
Added Pin To Net: NetName=3v3 Pin=U33-49
Added Pin To Net: NetName=VDDCORE Pin=U33-50
Added Pin To Net: NetName=3v3 Pin=U33-51
Added Pin To Net: NetName=3v3 Pin=U33-52
Added Pin To Net: NetName=GND Pin=U33-57
Added Member To Class: ClassName=cm4gateway Member=Component C1 Capacitor
Added Member To Class: ClassName=POWER SUPPLY Member=Component C2 Capacitor
Added Member To Class: ClassName=POWER SUPPLY Member=Component C3 Capacitor
Added Member To Class: ClassName=POWER SUPPLY Member=Component C4 Capacitor
Added Member To Class: ClassName=cm4gateway Member=Component FID1 Fiducial
Added Member To Class: ClassName=cm4gateway Member=Component FID3 Fiducial
Added Member To Class: ClassName=POWER SUPPLY Member=Component J1 12/24VDC
Added Member To Class: ClassName=cm4gateway Member=Component MH1 MH
Added Member To Class: ClassName=cm4gateway Member=Component R2 Resistor
Added Member To Class: ClassName=cm4gateway Member=Component R3 Resistor
Added Member To Class: ClassName=cm4gateway Member=Component R4 Resistor
Added Member To Class: ClassName=cm4gateway Member=Component R5 Resistor
Added Member To Class: ClassName=cm4gateway Member=Component R6 Resistor
Added Member To Class: ClassName=RPI Member=Component TP13 Test Point
Added Member To Class: ClassName=RPI Member=Component TP14 Test Point
Added Member To Class: ClassName=RPI Member=Component TP15 Test Point
Added Member To Class: ClassName=RPI Member=Component TP16 Test Point
Added Member To Class: ClassName=RS-485 Member=Component TP17 Test Point
Added Member To Class: ClassName=RS-485 Member=Component TP18 Test Point
Added Member To Class: ClassName=RS-485 Member=Component TP19 Test Point
Added Member To Class: ClassName=RS-485 Member=Component TP20 Test Point
Added Member To Class: ClassName=RS-485 Member=Component TP21 Test Point
Added Member To Class: ClassName=POWER SUPPLY Member=Component U1 LMR33640DDDAR
Added Member To Class: ClassName=LAN & Ethernet Member=Component U28 LAN9500A-ABZJ-TR
Added Member To Class: ClassName=LAN & Ethernet Member=Component U33 LAN9500A-ABZJ-TR
