Removed Pin From Net: NetName=GND Pin=C1-1
Removed Pin From Net: NetName=USER_PB Pin=C1-2
Removed Pin From Net: NetName=SYS_WAR_LED Pin=D1-1
Removed Pin From Net: NetName=SYS_ERR_LED Pin=D2-1
Removed Pin From Net: NetName=SYS_NET_LED Pin=D3-1
Removed Pin From Net: NetName=SYS_PWR_LED Pin=D4-1
Removed Pin From Net: NetName=3v3 Pin=R2-1
Removed Pin From Net: NetName=USER_PB Pin=R3-1
Removed Pin From Net: NetName=3v3 Pin=R3-2
Removed Pin From Net: NetName=3v3 Pin=R4-1
Removed Pin From Net: NetName=3v3 Pin=R5-1
Removed Pin From Net: NetName=3v3 Pin=R6-1
Removed Pin From Net: NetName=RPi_3V3_OUT Pin=U5-84
Removed Pin From Net: NetName=RPi_3V3_OUT Pin=U5-86
Removed Pin From Net: NetName=RPi_1V8_OUT Pin=U5-88
Removed Pin From Net: NetName=RPi_1V8_OUT Pin=U5-90
Removed Pin From Net: NetName=SD0_DAT2 Pin=U7-24
Removed Pin From Net: NetName=NetR9_1 Pin=U7-29
Removed Pin From Net: NetName=NetR103_2 Pin=U7-37
Removed Pin From Net: NetName=NetR105_2 Pin=U7-39
Removed Pin From Net: NetName=RPi_GPIO9 Pin=U7-40
Removed Pin From Net: NetName=SD0_DAT1 Pin=U7-41
Removed Pin From Net: NetName=RPi_GPIO10 Pin=U7-44
Removed Pin From Net: NetName=SD0_DAT0 Pin=U7-45
Removed Pin From Net: NetName=SD0_CLK Pin=U7-46
Removed Pin From Net: NetName=SD0_CMD Pin=U7-47
Removed Pin From Net: NetName=SD0_DAT3 Pin=U7-48
Removed Pin From Net: NetName=RPi_RXD0 Pin=U7-51
Removed Pin From Net: NetName=RPi_TXD0 Pin=U7-55
Removed Pin From Net: NetName=NetTP36_1 Pin=U7-58
Removed Pin From Net: NetName=GND Pin=U10-1
Removed Pin From Net: NetName=GND Pin=U10-2
Removed Pin From Net: NetName=GND Pin=U10-7
Removed Pin From Net: NetName=GND Pin=U10-8
Removed Pin From Net: NetName=GND Pin=U10-13
Removed Pin From Net: NetName=GND Pin=U10-14
Removed Pin From Net: NetName=GND Pin=U10-22
Removed Pin From Net: NetName=GND Pin=U10-23
Removed Pin From Net: NetName=GND Pin=U10-32
Removed Pin From Net: NetName=GND Pin=U10-33
Removed Pin From Net: NetName=GND Pin=U10-42
Removed Pin From Net: NetName=GND Pin=U10-43
Removed Pin From Net: NetName=GND Pin=U10-52
Removed Pin From Net: NetName=GND Pin=U10-53
Removed Pin From Net: NetName=GND Pin=U10-59
Removed Pin From Net: NetName=GND Pin=U10-60
Removed Pin From Net: NetName=GND Pin=U10-65
Removed Pin From Net: NetName=GND Pin=U10-66
Removed Pin From Net: NetName=GND Pin=U10-71
Removed Pin From Net: NetName=GND Pin=U10-74
Removed Pin From Net: NetName=GND Pin=U10-98
Removed Pin From Net: NetName=GND Pin=U10-107
Removed Pin From Net: NetName=GND Pin=U10-108
Removed Pin From Net: NetName=GND Pin=U10-113
Removed Pin From Net: NetName=GND Pin=U10-114
Removed Pin From Net: NetName=GND Pin=U10-119
Removed Pin From Net: NetName=GND Pin=U10-120
Removed Pin From Net: NetName=GND Pin=U10-125
Removed Pin From Net: NetName=GND Pin=U10-126
Removed Pin From Net: NetName=GND Pin=U10-131
Removed Pin From Net: NetName=GND Pin=U10-132
Removed Pin From Net: NetName=GND Pin=U10-137
Removed Pin From Net: NetName=GND Pin=U10-138
Removed Pin From Net: NetName=GND Pin=U10-144
Removed Pin From Net: NetName=GND Pin=U10-150
Removed Pin From Net: NetName=GND Pin=U10-155
Removed Pin From Net: NetName=GND Pin=U10-156
Removed Pin From Net: NetName=GND Pin=U10-161
Removed Pin From Net: NetName=GND Pin=U10-162
Removed Pin From Net: NetName=GND Pin=U10-167
Removed Pin From Net: NetName=GND Pin=U10-168
Removed Pin From Net: NetName=GND Pin=U10-173
Removed Pin From Net: NetName=GND Pin=U10-174
Removed Pin From Net: NetName=GND Pin=U10-179
Removed Pin From Net: NetName=GND Pin=U10-180
Removed Pin From Net: NetName=GND Pin=U10-185
Removed Pin From Net: NetName=GND Pin=U10-186
Removed Pin From Net: NetName=GND Pin=U10-191
Removed Pin From Net: NetName=GND Pin=U10-192
Removed Pin From Net: NetName=GND Pin=U10-197
Removed Pin From Net: NetName=GND Pin=U10-198
Removed Pin From Net: NetName=SCL0 Pin=U11-80
Removed Pin From Net: NetName=SDA0 Pin=U11-82
Removed Pin From Net: NetName=5V Pin=U12-77
Removed Pin From Net: NetName=5V Pin=U12-79
Removed Pin From Net: NetName=5V Pin=U12-81
Removed Pin From Net: NetName=5V Pin=U12-83
Removed Pin From Net: NetName=5V Pin=U12-85
Removed Pin From Net: NetName=5V Pin=U12-87
Removed Member From Class: ClassName=cm4gateway Member=C1
Removed Member From Class: ClassName=cm4gateway Member=D1
Removed Member From Class: ClassName=cm4gateway Member=D2
Removed Member From Class: ClassName=cm4gateway Member=D3
Removed Member From Class: ClassName=cm4gateway Member=D4
Removed Member From Class: ClassName=cm4gateway Member=R2
Removed Member From Class: ClassName=cm4gateway Member=R3
Removed Member From Class: ClassName=cm4gateway Member=R4
Removed Member From Class: ClassName=cm4gateway Member=R5
Removed Member From Class: ClassName=cm4gateway Member=R6
Removed Member From Class: ClassName=cm4gateway Member=S1
Removed Member From Class: ClassName=RPI Member=U10
Removed Member From Class: ClassName=RPI Member=U11
Removed Member From Class: ClassName=RPI Member=U12
Change Component Designator: OldDesignator=C2 NewDesignator=C1
Change Component Designator: OldDesignator=C3 NewDesignator=C2
Change Component Designator: OldDesignator=C4 NewDesignator=C3
Change Component Designator: OldDesignator=C5 NewDesignator=C4
Change Component Designator: OldDesignator=C6 NewDesignator=C5
Change Component Designator: OldDesignator=C7 NewDesignator=C6
Change Component Designator: OldDesignator=C8 NewDesignator=C7
Change Component Designator: OldDesignator=C9 NewDesignator=C8
Change Component Designator: OldDesignator=C10 NewDesignator=C9
Change Component Designator: OldDesignator=C11 NewDesignator=C10
Change Component Designator: OldDesignator=C12 NewDesignator=C11
Change Component Designator: OldDesignator=C13 NewDesignator=C12
Change Component Designator: OldDesignator=C14 NewDesignator=C13
Change Component Designator: OldDesignator=C15 NewDesignator=C14
Change Component Designator: OldDesignator=C16 NewDesignator=C15
Change Component Designator: OldDesignator=C17 NewDesignator=C16
Change Component Designator: OldDesignator=C18 NewDesignator=C17
Change Component Designator: OldDesignator=C19 NewDesignator=C18
Change Component Designator: OldDesignator=C20 NewDesignator=C19
Change Component Designator: OldDesignator=C21 NewDesignator=C20
Change Component Designator: OldDesignator=C22 NewDesignator=C21
Change Component Designator: OldDesignator=C23 NewDesignator=C22
Change Component Designator: OldDesignator=C24 NewDesignator=C23
Change Component Designator: OldDesignator=C25 NewDesignator=C24
Change Component Designator: OldDesignator=C26 NewDesignator=C25
Change Component Designator: OldDesignator=C27 NewDesignator=C26
Change Component Designator: OldDesignator=C28 NewDesignator=C27
Change Component Designator: OldDesignator=C29 NewDesignator=C28
Change Component Designator: OldDesignator=C30 NewDesignator=C29
Change Component Designator: OldDesignator=C31 NewDesignator=C30
Change Component Designator: OldDesignator=C32 NewDesignator=C31
Change Component Designator: OldDesignator=C33 NewDesignator=C32
Change Component Designator: OldDesignator=C34 NewDesignator=C33
Change Component Designator: OldDesignator=C35 NewDesignator=C34
Change Component Designator: OldDesignator=C36 NewDesignator=C35
Change Component Designator: OldDesignator=C37 NewDesignator=C36
Change Component Designator: OldDesignator=C38 NewDesignator=C37
Change Component Designator: OldDesignator=C39 NewDesignator=C38
Change Component Designator: OldDesignator=C40 NewDesignator=C39
Change Component Designator: OldDesignator=C41 NewDesignator=C40
Change Component Designator: OldDesignator=C42 NewDesignator=C41
Change Component Designator: OldDesignator=C43 NewDesignator=C42
Change Component Designator: OldDesignator=C44 NewDesignator=C43
Change Component Designator: OldDesignator=C45 NewDesignator=C44
Change Component Designator: OldDesignator=C46 NewDesignator=C45
Change Component Designator: OldDesignator=C47 NewDesignator=C46
Change Component Designator: OldDesignator=C48 NewDesignator=C47
Change Component Designator: OldDesignator=C49 NewDesignator=C48
Change Component Designator: OldDesignator=C50 NewDesignator=C49
Change Component Designator: OldDesignator=C51 NewDesignator=C50
Change Component Designator: OldDesignator=C52 NewDesignator=C51
Change Component Designator: OldDesignator=C53 NewDesignator=C52
Change Component Designator: OldDesignator=C54 NewDesignator=C53
Change Component Designator: OldDesignator=C55 NewDesignator=C54
Change Component Designator: OldDesignator=C56 NewDesignator=C55
Change Component Designator: OldDesignator=C57 NewDesignator=C56
Change Component Designator: OldDesignator=C58 NewDesignator=C57
Change Component Designator: OldDesignator=C59 NewDesignator=C58
Change Component Designator: OldDesignator=C60 NewDesignator=C59
Change Component Designator: OldDesignator=C61 NewDesignator=C60
Change Component Designator: OldDesignator=C62 NewDesignator=C61
Change Component Designator: OldDesignator=C63 NewDesignator=C62
Change Component Designator: OldDesignator=C64 NewDesignator=C63
Change Component Designator: OldDesignator=C65 NewDesignator=C64
Change Component Designator: OldDesignator=C66 NewDesignator=C65
Change Component Designator: OldDesignator=C67 NewDesignator=C66
Change Component Designator: OldDesignator=C68 NewDesignator=C67
Change Component Designator: OldDesignator=C69 NewDesignator=C68
Change Component Designator: OldDesignator=C70 NewDesignator=C69
Change Component Designator: OldDesignator=C71 NewDesignator=C70
Change Component Designator: OldDesignator=C72 NewDesignator=C71
Change Component Designator: OldDesignator=C73 NewDesignator=C72
Change Component Designator: OldDesignator=C74 NewDesignator=C73
Change Component Designator: OldDesignator=C75 NewDesignator=C74
Change Component Designator: OldDesignator=C76 NewDesignator=C75
Change Component Designator: OldDesignator=C77 NewDesignator=C76
Change Component Designator: OldDesignator=C78 NewDesignator=C77
Change Component Designator: OldDesignator=D5 NewDesignator=D1
Change Component Designator: OldDesignator=D6 NewDesignator=D2
Change Component Designator: OldDesignator=D7 NewDesignator=D3
Change Component Designator: OldDesignator=D8 NewDesignator=D4
Change Component Designator: OldDesignator=D9 NewDesignator=D5
Change Component Designator: OldDesignator=D10 NewDesignator=D6
Change Component Designator: OldDesignator=R7 NewDesignator=R2
Change Component Designator: OldDesignator=R8 NewDesignator=R3
Change Component Designator: OldDesignator=R9 NewDesignator=R4
Change Component Designator: OldDesignator=R10 NewDesignator=R5
Change Component Designator: OldDesignator=R11 NewDesignator=R6
Change Component Designator: OldDesignator=R12 NewDesignator=R7
Change Component Designator: OldDesignator=R13 NewDesignator=R8
Change Component Designator: OldDesignator=R14 NewDesignator=R9
Change Component Designator: OldDesignator=R15 NewDesignator=R10
Change Component Designator: OldDesignator=R16 NewDesignator=R11
Change Component Designator: OldDesignator=R17 NewDesignator=R12
Change Component Designator: OldDesignator=R18 NewDesignator=R13
Change Component Designator: OldDesignator=R19 NewDesignator=R14
Change Component Designator: OldDesignator=R20 NewDesignator=R15
Change Component Designator: OldDesignator=R21 NewDesignator=R16
Change Component Designator: OldDesignator=R22 NewDesignator=R17
Change Component Designator: OldDesignator=R23 NewDesignator=R18
Change Component Designator: OldDesignator=R24 NewDesignator=R19
Change Component Designator: OldDesignator=R25 NewDesignator=R20
Change Component Designator: OldDesignator=R26 NewDesignator=R21
Change Component Designator: OldDesignator=R27 NewDesignator=R22
Change Component Designator: OldDesignator=R28 NewDesignator=R23
Change Component Designator: OldDesignator=R29 NewDesignator=R24
Change Component Designator: OldDesignator=R30 NewDesignator=R25
Change Component Designator: OldDesignator=R31 NewDesignator=R26
Change Component Designator: OldDesignator=R32 NewDesignator=R27
Change Component Designator: OldDesignator=R33 NewDesignator=R28
Change Component Designator: OldDesignator=R34 NewDesignator=R29
Change Component Designator: OldDesignator=R35 NewDesignator=R30
Change Component Designator: OldDesignator=R36 NewDesignator=R31
Change Component Designator: OldDesignator=R37 NewDesignator=R32
Change Component Designator: OldDesignator=R38 NewDesignator=R33
Change Component Designator: OldDesignator=R39 NewDesignator=R34
Change Component Designator: OldDesignator=R40 NewDesignator=R35
Change Component Designator: OldDesignator=R41 NewDesignator=R36
Change Component Designator: OldDesignator=R42 NewDesignator=R37
Change Component Designator: OldDesignator=R43 NewDesignator=R38
Change Component Designator: OldDesignator=R44 NewDesignator=R39
Change Component Designator: OldDesignator=R45 NewDesignator=R40
Change Component Designator: OldDesignator=R46 NewDesignator=R41
Change Component Designator: OldDesignator=R47 NewDesignator=R42
Change Component Designator: OldDesignator=R48 NewDesignator=R43
Change Component Designator: OldDesignator=R49 NewDesignator=R44
Change Component Designator: OldDesignator=R50 NewDesignator=R45
Change Component Designator: OldDesignator=R51 NewDesignator=R46
Change Component Designator: OldDesignator=R52 NewDesignator=R47
Change Component Designator: OldDesignator=R53 NewDesignator=R48
Change Component Designator: OldDesignator=R54 NewDesignator=R49
Change Component Designator: OldDesignator=R55 NewDesignator=R50
Change Component Designator: OldDesignator=R56 NewDesignator=R51
Change Component Designator: OldDesignator=R57 NewDesignator=R52
Change Component Designator: OldDesignator=R58 NewDesignator=R53
Change Component Designator: OldDesignator=R59 NewDesignator=R54
Change Component Designator: OldDesignator=R60 NewDesignator=R55
Change Component Designator: OldDesignator=R61 NewDesignator=R56
Change Component Designator: OldDesignator=R62 NewDesignator=R57
Change Component Designator: OldDesignator=R63 NewDesignator=R58
Change Component Designator: OldDesignator=R64 NewDesignator=R59
Change Component Designator: OldDesignator=R65 NewDesignator=R60
Change Component Designator: OldDesignator=R66 NewDesignator=R61
Change Component Designator: OldDesignator=R67 NewDesignator=R62
Change Component Designator: OldDesignator=R68 NewDesignator=R63
Change Component Designator: OldDesignator=R69 NewDesignator=R64
Change Component Designator: OldDesignator=R70 NewDesignator=R65
Change Component Designator: OldDesignator=R71 NewDesignator=R66
Change Component Designator: OldDesignator=R72 NewDesignator=R67
Change Component Designator: OldDesignator=R73 NewDesignator=R68
Change Component Designator: OldDesignator=R74 NewDesignator=R69
Change Component Designator: OldDesignator=R75 NewDesignator=R70
Change Component Designator: OldDesignator=R76 NewDesignator=R71
Change Component Designator: OldDesignator=R77 NewDesignator=R72
Change Component Designator: OldDesignator=R78 NewDesignator=R73
Change Component Designator: OldDesignator=R79 NewDesignator=R74
Change Component Designator: OldDesignator=R80 NewDesignator=R75
Change Component Designator: OldDesignator=R81 NewDesignator=R76
Change Component Designator: OldDesignator=R82 NewDesignator=R77
Change Component Designator: OldDesignator=R83 NewDesignator=R78
Change Component Designator: OldDesignator=R84 NewDesignator=R79
Change Component Designator: OldDesignator=R85 NewDesignator=R80
Change Component Designator: OldDesignator=R86 NewDesignator=R81
Change Component Designator: OldDesignator=R87 NewDesignator=R82
Change Component Designator: OldDesignator=R88 NewDesignator=R83
Change Component Designator: OldDesignator=R89 NewDesignator=R84
Change Component Designator: OldDesignator=R90 NewDesignator=R85
Change Component Designator: OldDesignator=R91 NewDesignator=R86
Change Component Designator: OldDesignator=R92 NewDesignator=R87
Change Component Designator: OldDesignator=R93 NewDesignator=R88
Change Component Designator: OldDesignator=R94 NewDesignator=R89
Change Component Designator: OldDesignator=R95 NewDesignator=R90
Change Component Designator: OldDesignator=R96 NewDesignator=R91
Change Component Designator: OldDesignator=R97 NewDesignator=R92
Change Component Designator: OldDesignator=R98 NewDesignator=R93
Change Component Designator: OldDesignator=R99 NewDesignator=R94
Change Component Designator: OldDesignator=R100 NewDesignator=R95
Change Component Designator: OldDesignator=U13 NewDesignator=U8
Change Component Designator: OldDesignator=U14 NewDesignator=U9
Change Component Designator: OldDesignator=U15 NewDesignator=U10
Change Component Designator: OldDesignator=U16 NewDesignator=U11
Change Component Designator: OldDesignator=U17 NewDesignator=U12
Change Component Designator: OldDesignator=U18 NewDesignator=U13
Change Component Designator: OldDesignator=U19 NewDesignator=U14
Change Component Designator: OldDesignator=U20 NewDesignator=U15
Change Component Designator: OldDesignator=U21 NewDesignator=U16
Change Component Designator: OldDesignator=U22 NewDesignator=U17
Change Component Designator: OldDesignator=U23 NewDesignator=U18
Change Component Designator: OldDesignator=U24 NewDesignator=U19
Change Component Designator: OldDesignator=U26 NewDesignator=U21
Change Component Designator: OldDesignator=U27 NewDesignator=U22
Change Component Designator: OldDesignator=U28 NewDesignator=U23
Change Component Designator: OldDesignator=U29 NewDesignator=U24
Change Component Designator: OldDesignator=U30 NewDesignator=U25
Change Component Designator: OldDesignator=U31 NewDesignator=U26
Change Component Designator: OldDesignator=U32 NewDesignator=U27
Change Component Designator: OldDesignator=U33 NewDesignator=U28
Added Component: Designator=C78(CAPC1608N)
Add component (AddParameter): Name = "DES"; Value = "Multilayer Ceramic Capacitors MLCC - SMD/SMT 50V 0.1uF 0603 X7R 20%"; VariantName = "[No Variations]"
Add component (AddParameter): Name = "FTP"; Value = "0603"; VariantName = "[No Variations]"
Add component (AddParameter): Name = "MAN"; Value = "KEMET"; VariantName = "[No Variations]"
Add component (AddParameter): Name = "MANREF"; Value = "C0603C104M5RAC"; VariantName = "[No Variations]"
Add component (AddParameter): Name = "NOTE"; Value = "_"; VariantName = "[No Variations]"
Add component (AddParameter): Name = "Part Number"; Value = "CAP-000000003"; VariantName = "[No Variations]"
Add component (AddParameter): Name = "SUP"; Value = "Mouser"; VariantName = "[No Variations]"
Add component (AddParameter): Name = "SUPREF"; Value = "80-C0603C104M5RAC"; VariantName = "[No Variations]"
Add component (AddParameter): Name = "TOL"; Value = "20 %"; VariantName = "[No Variations]"
Add component (AddParameter): Name = "Value 1"; Value = "0.1 uF"; VariantName = "[No Variations]"
Add component (AddParameter): Name = "Value 2"; Value = "50 VDC"; VariantName = "[No Variations]"
Added Component: Designator=D7(LED0603)
Add component (AddParameter): Name = "DES"; Value = "Standard LEDs - SMD WL-SMCW SMDMono TpVw Waterclr 0603 Blue"; VariantName = "[No Variations]"
Add component (AddParameter): Name = "FTP"; Value = "0603"; VariantName = "[No Variations]"
Add component (AddParameter): Name = "MAN"; Value = "Wurth Elektronik"; VariantName = "[No Variations]"
Add component (AddParameter): Name = "MANREF"; Value = "150060BS75000"; VariantName = "[No Variations]"
Add component (AddParameter): Name = "NOTE"; Value = "_"; VariantName = "[No Variations]"
Add component (AddParameter): Name = "Part Number"; Value = "LED-000000003"; VariantName = "[No Variations]"
Add component (AddParameter): Name = "SUP"; Value = "Mouser"; VariantName = "[No Variations]"
Add component (AddParameter): Name = "SUPREF"; Value = "710-150060BS75000"; VariantName = "[No Variations]"
Add component (AddParameter): Name = "TOL"; Value = "_"; VariantName = "[No Variations]"
Add component (AddParameter): Name = "Value 1"; Value = "0.02A"; VariantName = "[No Variations]"
Add component (AddParameter): Name = "Value 2"; Value = "3.2 V"; VariantName = "[No Variations]"
Added Component: Designator=D8(LED0603)
Add component (AddParameter): Name = "DES"; Value = "Standard LEDs - SMD WL-SMCW SMDMono TpVw Waterclr 0603 Red"; VariantName = "[No Variations]"
Add component (AddParameter): Name = "FTP"; Value = "0603"; VariantName = "[No Variations]"
Add component (AddParameter): Name = "MAN"; Value = "Wurth Elektronik"; VariantName = "[No Variations]"
Add component (AddParameter): Name = "MANREF"; Value = "150060RS75000"; VariantName = "[No Variations]"
Add component (AddParameter): Name = "NOTE"; Value = "_"; VariantName = "[No Variations]"
Add component (AddParameter): Name = "Part Number"; Value = "LED-000000001"; VariantName = "[No Variations]"
Add component (AddParameter): Name = "SUP"; Value = "Mouser"; VariantName = "[No Variations]"
Add component (AddParameter): Name = "SUPREF"; Value = "710-150060RS75000"; VariantName = "[No Variations]"
Add component (AddParameter): Name = "TOL"; Value = "_"; VariantName = "[No Variations]"
Add component (AddParameter): Name = "Value 1"; Value = "0.02A"; VariantName = "[No Variations]"
Add component (AddParameter): Name = "Value 2"; Value = "2 V"; VariantName = "[No Variations]"
Added Component: Designator=D9(LED0603)
Add component (AddParameter): Name = "DES"; Value = "Standard LEDs - SMD WL-SMCW SMDMono TpVw Waterclr 0603 Green"; VariantName = "[No Variations]"
Add component (AddParameter): Name = "FTP"; Value = "0603"; VariantName = "[No Variations]"
Add component (AddParameter): Name = "MAN"; Value = "Wurth Elektronik"; VariantName = "[No Variations]"
Add component (AddParameter): Name = "MANREF"; Value = "150060GS75000"; VariantName = "[No Variations]"
Add component (AddParameter): Name = "NOTE"; Value = "_"; VariantName = "[No Variations]"
Add component (AddParameter): Name = "Part Number"; Value = "LED-000000002"; VariantName = "[No Variations]"
Add component (AddParameter): Name = "SUP"; Value = "Mouser"; VariantName = "[No Variations]"
Add component (AddParameter): Name = "SUPREF"; Value = "710-150060GS75000"; VariantName = "[No Variations]"
Add component (AddParameter): Name = "TOL"; Value = "_"; VariantName = "[No Variations]"
Add component (AddParameter): Name = "Value 1"; Value = "0.02A"; VariantName = "[No Variations]"
Add component (AddParameter): Name = "Value 2"; Value = "3.2 V"; VariantName = "[No Variations]"
Added Component: Designator=D10(LED0603)
Add component (AddParameter): Name = "DES"; Value = "Standard LEDs - SMD WL-SMCW SMDMono TpVw Waterclr 0603 Green"; VariantName = "[No Variations]"
Add component (AddParameter): Name = "FTP"; Value = "0603"; VariantName = "[No Variations]"
Add component (AddParameter): Name = "MAN"; Value = "Wurth Elektronik"; VariantName = "[No Variations]"
Add component (AddParameter): Name = "MANREF"; Value = "150060GS75000"; VariantName = "[No Variations]"
Add component (AddParameter): Name = "NOTE"; Value = "_"; VariantName = "[No Variations]"
Add component (AddParameter): Name = "Part Number"; Value = "LED-000000002"; VariantName = "[No Variations]"
Add component (AddParameter): Name = "SUP"; Value = "Mouser"; VariantName = "[No Variations]"
Add component (AddParameter): Name = "SUPREF"; Value = "710-150060GS75000"; VariantName = "[No Variations]"
Add component (AddParameter): Name = "TOL"; Value = "_"; VariantName = "[No Variations]"
Add component (AddParameter): Name = "Value 1"; Value = "0.02A"; VariantName = "[No Variations]"
Add component (AddParameter): Name = "Value 2"; Value = "3.2 V"; VariantName = "[No Variations]"
Added Component: Designator=R96(RESC1608N)
Add component (AddParameter): Name = "MAN"; Value = "KOA Speer"; VariantName = "[No Variations]"
Add component (AddParameter): Name = "NOTE"; Value = "_"; VariantName = "[No Variations]"
Add component (AddParameter): Name = "Part Number"; Value = "RES-000000008"; VariantName = "[No Variations]"
Add component (AddParameter): Name = "SUP"; Value = "Mouser"; VariantName = "[No Variations]"
Add component (AddParameter): Name = "Value 1"; Value = "330R"; VariantName = "[No Variations]"
Added Component: Designator=R97(RESC1608N)
Add component (AddParameter): Name = "MAN"; Value = "KOA Speer"; VariantName = "[No Variations]"
Add component (AddParameter): Name = "NOTE"; Value = "_"; VariantName = "[No Variations]"
Add component (AddParameter): Name = "Part Number"; Value = "RES-000000008"; VariantName = "[No Variations]"
Add component (AddParameter): Name = "SUP"; Value = "Mouser"; VariantName = "[No Variations]"
Add component (AddParameter): Name = "Value 1"; Value = "330R"; VariantName = "[No Variations]"
Added Component: Designator=R98(RESC1608N)
Add component (AddParameter): Name = "MAN"; Value = "KOA Speer"; VariantName = "[No Variations]"
Add component (AddParameter): Name = "NOTE"; Value = "_"; VariantName = "[No Variations]"
Add component (AddParameter): Name = "Part Number"; Value = "RES-000000008"; VariantName = "[No Variations]"
Add component (AddParameter): Name = "SUP"; Value = "Mouser"; VariantName = "[No Variations]"
Add component (AddParameter): Name = "Value 1"; Value = "330R"; VariantName = "[No Variations]"
Added Component: Designator=R99(RESC1608N)
Add component (AddParameter): Name = "MAN"; Value = "KOA Speer"; VariantName = "[No Variations]"
Add component (AddParameter): Name = "NOTE"; Value = "_"; VariantName = "[No Variations]"
Add component (AddParameter): Name = "Part Number"; Value = "RES-000000008"; VariantName = "[No Variations]"
Add component (AddParameter): Name = "SUP"; Value = "Mouser"; VariantName = "[No Variations]"
Add component (AddParameter): Name = "Value 1"; Value = "330R"; VariantName = "[No Variations]"
Added Component: Designator=R100(RESC1608N)
Add component (AddParameter): Name = "MAN"; Value = "KOA Speer"; VariantName = "[No Variations]"
Add component (AddParameter): Name = "NOTE"; Value = "_"; VariantName = "[No Variations]"
Add component (AddParameter): Name = "Part Number"; Value = "RES-000000008"; VariantName = "[No Variations]"
Add component (AddParameter): Name = "SUP"; Value = "Mouser"; VariantName = "[No Variations]"
Add component (AddParameter): Name = "Value 1"; Value = "330R"; VariantName = "[No Variations]"
Added Pin To Net: NetName=GND Pin=C78-1
Added Pin To Net: NetName=USER_PB Pin=C78-2
Added Pin To Net: NetName=SYS_WAR_LED Pin=D7-1
Added Pin To Net: NetName=SYS_ERR_LED Pin=D8-1
Added Pin To Net: NetName=SYS_NET_LED Pin=D9-1
Added Pin To Net: NetName=SYS_PWR_LED Pin=D10-1
Add Pin To Net: Unknown Pin: Pin J12-4
Added Pin To Net: NetName=3v3 Pin=R96-1
Added Pin To Net: NetName=USER_PB Pin=R97-1
Added Pin To Net: NetName=3v3 Pin=R97-2
Added Pin To Net: NetName=3v3 Pin=R98-1
Added Pin To Net: NetName=3v3 Pin=R99-1
Added Pin To Net: NetName=3v3 Pin=R100-1
Added Pin To Net: NetName=GND Pin=U4-1
Added Pin To Net: NetName=GND Pin=U4-2
Added Pin To Net: NetName=GND Pin=U4-7
Added Pin To Net: NetName=GND Pin=U4-8
Added Pin To Net: NetName=GND Pin=U4-13
Added Pin To Net: NetName=GND Pin=U4-14
Added Pin To Net: NetName=GND Pin=U4-22
Added Pin To Net: NetName=GND Pin=U4-23
Added Pin To Net: NetName=SD0_DAT2 Pin=U4-24
Added Pin To Net: NetName=NetR9_1 Pin=U4-29
Added Pin To Net: NetName=GND Pin=U4-32
Added Pin To Net: NetName=GND Pin=U4-33
Added Pin To Net: NetName=NetR103_2 Pin=U4-37
Added Pin To Net: NetName=NetR105_2 Pin=U4-39
Added Pin To Net: NetName=RPi_GPIO9 Pin=U4-40
Added Pin To Net: NetName=SD0_DAT1 Pin=U4-41
Added Pin To Net: NetName=GND Pin=U4-42
Added Pin To Net: NetName=GND Pin=U4-43
Added Pin To Net: NetName=RPi_GPIO10 Pin=U4-44
Added Pin To Net: NetName=SD0_DAT0 Pin=U4-45
Added Pin To Net: NetName=SD0_CLK Pin=U4-46
Added Pin To Net: NetName=SD0_CMD Pin=U4-47
Added Pin To Net: NetName=SD0_DAT3 Pin=U4-48
Added Pin To Net: NetName=RPi_RXD0 Pin=U4-51
Added Pin To Net: NetName=GND Pin=U4-52
Added Pin To Net: NetName=GND Pin=U4-53
Added Pin To Net: NetName=RPi_TXD0 Pin=U4-55
Added Pin To Net: NetName=NetTP36_1 Pin=U4-58
Added Pin To Net: NetName=GND Pin=U4-59
Added Pin To Net: NetName=GND Pin=U4-60
Added Pin To Net: NetName=GND Pin=U4-65
Added Pin To Net: NetName=GND Pin=U4-66
Added Pin To Net: NetName=GND Pin=U4-71
Added Pin To Net: NetName=GND Pin=U4-74
Added Pin To Net: NetName=5V Pin=U4-77
Added Pin To Net: NetName=5V Pin=U4-79
Added Pin To Net: NetName=SCL0 Pin=U4-80
Added Pin To Net: NetName=5V Pin=U4-81
Added Pin To Net: NetName=SDA0 Pin=U4-82
Added Pin To Net: NetName=5V Pin=U4-83
Added Pin To Net: NetName=RPi_3V3_OUT Pin=U4-84
Added Pin To Net: NetName=5V Pin=U4-85
Added Pin To Net: NetName=RPi_3V3_OUT Pin=U4-86
Added Pin To Net: NetName=5V Pin=U4-87
Added Pin To Net: NetName=RPi_1V8_OUT Pin=U4-88
Added Pin To Net: NetName=RPi_1V8_OUT Pin=U4-90
Added Pin To Net: NetName=GND Pin=U4-98
Added Pin To Net: NetName=GND Pin=U4-107
Added Pin To Net: NetName=GND Pin=U4-108
Added Pin To Net: NetName=GND Pin=U4-113
Added Pin To Net: NetName=GND Pin=U4-114
Added Pin To Net: NetName=GND Pin=U4-119
Added Pin To Net: NetName=GND Pin=U4-120
Added Pin To Net: NetName=GND Pin=U4-125
Added Pin To Net: NetName=GND Pin=U4-126
Added Pin To Net: NetName=GND Pin=U4-131
Added Pin To Net: NetName=GND Pin=U4-132
Added Pin To Net: NetName=GND Pin=U4-137
Added Pin To Net: NetName=GND Pin=U4-138
Added Pin To Net: NetName=GND Pin=U4-144
Added Pin To Net: NetName=GND Pin=U4-150
Added Pin To Net: NetName=GND Pin=U4-155
Added Pin To Net: NetName=GND Pin=U4-156
Added Pin To Net: NetName=GND Pin=U4-161
Added Pin To Net: NetName=GND Pin=U4-162
Added Pin To Net: NetName=GND Pin=U4-167
Added Pin To Net: NetName=GND Pin=U4-168
Added Pin To Net: NetName=GND Pin=U4-173
Added Pin To Net: NetName=GND Pin=U4-174
Added Pin To Net: NetName=GND Pin=U4-179
Added Pin To Net: NetName=GND Pin=U4-180
Added Pin To Net: NetName=GND Pin=U4-185
Added Pin To Net: NetName=GND Pin=U4-186
Added Pin To Net: NetName=GND Pin=U4-191
Added Pin To Net: NetName=GND Pin=U4-192
Added Pin To Net: NetName=GND Pin=U4-197
Added Pin To Net: NetName=GND Pin=U4-198
Add Pin To Net: Unknown Pin: Pin U5-1
Add Pin To Net: Unknown Pin: Pin U5-2
Add Pin To Net: Unknown Pin: Pin U5-3
Add Pin To Net: Unknown Pin: Pin U5-4
Add Pin To Net: Unknown Pin: Pin U5-5
Add Pin To Net: Unknown Pin: Pin U5-6
Add Pin To Net: Unknown Pin: Pin U6-1
Add Pin To Net: Unknown Pin: Pin U6-2
Add Pin To Net: Unknown Pin: Pin U6-3
Add Pin To Net: Unknown Pin: Pin U6-4
Add Pin To Net: Unknown Pin: Pin U6-5
Add Pin To Net: Unknown Pin: Pin U6-6
Add Pin To Net: Unknown Pin: Pin U7-1
Add Pin To Net: Unknown Pin: Pin U7-2
Add Pin To Net: Unknown Pin: Pin U7-3
Add Pin To Net: Unknown Pin: Pin U7-4
Add Pin To Net: Unknown Pin: Pin U7-5
Add Pin To Net: Unknown Pin: Pin U7-6
Add Pin To Net: Unknown Pin: Pin U20-1
Add Pin To Net: Unknown Pin: Pin U20-2
Add Pin To Net: Unknown Pin: Pin U20-3
Add Pin To Net: Unknown Pin: Pin U20-4
Add Pin To Net: Unknown Pin: Pin U20-5
Add Pin To Net: Unknown Pin: Pin U20-6
Change Net Name : Old Net Name=NetC2_1 New Net Name=NetC1_1
Change Net Name : Old Net Name=NetC2_2 New Net Name=NetC1_2
Change Net Name : Old Net Name=NetC3_1 New Net Name=NetC2_1
Change Net Name : Old Net Name=NetC3_2 New Net Name=NetC2_2
Change Net Name : Old Net Name=NetC8_2 New Net Name=NetC7_2
Change Net Name : Old Net Name=NetC9_1 New Net Name=NetC8_1
Change Net Name : Old Net Name=NetC9_2 New Net Name=NetC8_2
Change Net Name : Old Net Name=NetC10_1 New Net Name=NetC9_1
Change Net Name : Old Net Name=NetC10_2 New Net Name=NetC9_2
Change Net Name : Old Net Name=NetC15_2 New Net Name=NetC14_2
Change Net Name : Old Net Name=NetC16_2 New Net Name=NetC15_2
Change Net Name : Old Net Name=NetC17_2 New Net Name=NetC16_2
Change Net Name : Old Net Name=NetC35_2 New Net Name=NetC34_2
Change Net Name : Old Net Name=NetC36_2 New Net Name=NetC35_2
Change Net Name : Old Net Name=NetC42_2 New Net Name=NetC41_2
Change Net Name : Old Net Name=NetC43_2 New Net Name=NetC42_2
Change Net Name : Old Net Name=NetC70_2 New Net Name=NetC69_2
Change Net Name : Old Net Name=NetC71_2 New Net Name=NetC70_2
Change Net Name : Old Net Name=NetC72_2 New Net Name=NetC71_2
Change Net Name : Old Net Name=NetC73_2 New Net Name=NetC72_2
Change Net Name : Old Net Name=NetD6_1 New Net Name=NetD2_1
Change Net Name : Old Net Name=NetR9_1 New Net Name=NetR4_1
Change Net Name : Old Net Name=NetR13_2 New Net Name=NetR8_2
Change Net Name : Old Net Name=NetR16_1 New Net Name=NetR11_1
Change Net Name : Old Net Name=NetR20_2 New Net Name=NetR15_2
Change Net Name : Old Net Name=NetR26_2 New Net Name=NetR21_2
Change Net Name : Old Net Name=NetR32_1 New Net Name=NetR27_1
Change Net Name : Old Net Name=NetR32_2 New Net Name=NetR27_2
Change Net Name : Old Net Name=NetR33_2 New Net Name=NetR28_2
Change Net Name : Old Net Name=NetR36_2 New Net Name=NetR31_2
Change Net Name : Old Net Name=NetR39_1 New Net Name=NetR34_1
Change Net Name : Old Net Name=NetR42_1 New Net Name=NetR37_1
Change Net Name : Old Net Name=NetR44_1 New Net Name=NetR39_1
Change Net Name : Old Net Name=NetR47_2 New Net Name=NetR42_2
Change Net Name : Old Net Name=NetR48_1 New Net Name=NetR43_1
Change Net Name : Old Net Name=NetR48_2 New Net Name=NetR43_2
Change Net Name : Old Net Name=NetR51_1 New Net Name=NetR46_1
Change Net Name : Old Net Name=NetR53_1 New Net Name=NetR48_1
Change Net Name : Old Net Name=NetR56_2 New Net Name=NetR51_2
Change Net Name : Old Net Name=NetR58_2 New Net Name=NetR53_2
Change Net Name : Old Net Name=NetR59_2 New Net Name=NetR54_2
Change Net Name : Old Net Name=NetR60_2 New Net Name=NetR55_2
Change Net Name : Old Net Name=NetR61_2 New Net Name=NetR56_2
Change Net Name : Old Net Name=NetR62_2 New Net Name=NetR57_2
Change Net Name : Old Net Name=NetR63_2 New Net Name=NetR58_2
Change Net Name : Old Net Name=NetR64_2 New Net Name=NetR59_2
Change Net Name : Old Net Name=NetR72_2 New Net Name=NetR67_2
Change Net Name : Old Net Name=NetR73_2 New Net Name=NetR68_2
Change Net Name : Old Net Name=NetR74_2 New Net Name=NetR69_2
Change Net Name : Old Net Name=NetR84_1 New Net Name=NetR79_1
Change Net Name : Old Net Name=NetR86_1 New Net Name=NetR81_1
Change Net Name : Old Net Name=NetR93_1 New Net Name=NetR88_1
Change Net Name : Old Net Name=NetR96_2 New Net Name=NetR91_2
Change Net Name : Old Net Name=NetR97_2 New Net Name=NetR92_2
Change Net Name : Old Net Name=NetR98_2 New Net Name=NetR93_2
Change Net Name : Old Net Name=NetU14_7 New Net Name=NetU9_7
Change Net Name : Old Net Name=NetU14_8 New Net Name=NetU9_8
Change Net Name : Old Net Name=NetU22_12 New Net Name=NetU17_12
Change Net Name : Old Net Name=NetU22_16 New Net Name=NetU17_16
Change Net Name : Old Net Name=NetU26_28 New Net Name=NetU21_28
Change Net Name : Old Net Name=NetU26_29 New Net Name=NetU21_29
Change Net Name : Old Net Name=NetU28_11 New Net Name=NetU23_11
Change Net Name : Old Net Name=NetU28_12 New Net Name=NetU23_12
Change Net Name : Old Net Name=NetU28_18 New Net Name=NetU23_18
Change Net Name : Old Net Name=NetU33_11 New Net Name=NetU28_11
Change Net Name : Old Net Name=NetU33_12 New Net Name=NetU28_12
Change Net Name : Old Net Name=NetU33_18 New Net Name=NetU28_18
Added Pin To Net: NetName=NetD7_2 Pin=D7-2
Added Pin To Net: NetName=NetD7_2 Pin=R96-2
Added Net: Name=NetD7_2
Added Pin To Net: NetName=NetD8_2 Pin=D8-2
Added Pin To Net: NetName=NetD8_2 Pin=R98-2
Added Net: Name=NetD8_2
Added Pin To Net: NetName=NetD9_2 Pin=D9-2
Added Pin To Net: NetName=NetD9_2 Pin=R99-2
Added Net: Name=NetD9_2
Added Pin To Net: NetName=NetD10_2 Pin=D10-2
Added Pin To Net: NetName=NetD10_2 Pin=R100-2
Added Net: Name=NetD10_2
Added Pin To Net: NetName=NetR22_2 Pin=R22-2
Added Pin To Net: NetName=NetR22_2 Pin=U4-78
Added Net: Name=NetR22_2
Added Pin To Net: NetName=NetR23_2 Pin=R23-2
Added Pin To Net: NetName=NetR23_2 Pin=U4-54
Added Net: Name=NetR23_2
Added Pin To Net: NetName=NetR24_2 Pin=R24-2
Added Pin To Net: NetName=NetR24_2 Pin=U4-34
Added Net: Name=NetR24_2
Added Member To Class: ClassName=CPU_superviser Member=Component C78 Capacitor
Added Member To Class: ClassName=CPU_superviser Member=Component D7 150060BS75000
Added Member To Class: ClassName=CPU_superviser Member=Component D8 150060RS75000
Added Member To Class: ClassName=CPU_superviser Member=Component D9 150060GS75000
Added Member To Class: ClassName=CPU_superviser Member=Component D10 150060GS75000
Added Member To Class: ClassName=CPU_superviser Member=Component R96 Resistor
Added Member To Class: ClassName=CPU_superviser Member=Component R97 Resistor
Added Member To Class: ClassName=CPU_superviser Member=Component R98 Resistor
Added Member To Class: ClassName=CPU_superviser Member=Component R99 Resistor
Added Member To Class: ClassName=CPU_superviser Member=Component R100 Resistor
Added Member To Class: ClassName=CPU_superviser Member=Component S1 SPST-ON
