Add Differential Pair: Number of nets in differential pair LAN1_TX is 1 instead of 2
Added Member To Class: ClassName=cm4gateway Member=Component C? Capacitor
Added Member To Class: ClassName=cm4gateway Member=Component R? Resistor
Added Member To Class: ClassName=cm4gateway Member=Component R? Resistor
Added Member To Class: ClassName=cm4gateway Member=Component R? Resistor
Added Member To Class: ClassName=cm4gateway Member=Component R? Resistor
Added Member To Class: ClassName=cm4gateway Member=Component R? Resistor
Added Member To Class: ClassName=cm4gateway Member=Component R? Resistor
Added Member To Class: ClassName=cm4gateway Member=Component R? Resistor
Added Member To Class: ClassName=cm4gateway Member=Component TP? Test Point
Added Member To Class: ClassName=cm4gateway Member=Component TP? Test Point
Added Member To Class: ClassName=cm4gateway Member=Component TP? Test Point
Added Member To Class: ClassName=cm4gateway Member=Component TP? Test Point
Added Member To Class: ClassName=cm4gateway Member=Component TP? Test Point
Added Member To Class: ClassName=cm4gateway Member=Component TP? Test Point
Added Member To Class: ClassName=cm4gateway Member=Component TP? Test Point
Added Member To Class: ClassName=cm4gateway Member=Component TP? Test Point
Added Member To Class: ClassName=cm4gateway Member=Component TP? Test Point
Added Member To Class: ClassName=cm4gateway Member=Component TP? Test Point
Added Member To Class: ClassName=cm4gateway Member=Component U? TPD4EUSB30DQAR
Added Member To Class: ClassName=cm4gateway Member=Component U? TPD4EUSB30DQAR
