Added Component: Designator=C?(CAPC1608N)
Add component (AddParameter): Name = "DES"; Value = "Multilayer Ceramic Capacitors MLCC - SMD/SMT 50V 0.1uF 0603 X7R 20%"; VariantName = "[No Variations]"
Add component (AddParameter): Name = "FTP"; Value = "0603"; VariantName = "[No Variations]"
Add component (AddParameter): Name = "MAN"; Value = "KEMET"; VariantName = "[No Variations]"
Add component (AddParameter): Name = "MANREF"; Value = "C0603C104M5RAC"; VariantName = "[No Variations]"
Add component (AddParameter): Name = "NOTE"; Value = "_"; VariantName = "[No Variations]"
Add component (AddParameter): Name = "Part Number"; Value = "CAP-000000003"; VariantName = "[No Variations]"
Add component (AddParameter): Name = "SUP"; Value = "Mouser"; VariantName = "[No Variations]"
Add component (AddParameter): Name = "SUPREF"; Value = "80-C0603C104M5RAC"; VariantName = "[No Variations]"
Add component (AddParameter): Name = "TOL"; Value = "20 %"; VariantName = "[No Variations]"
Add component (AddParameter): Name = "Value 1"; Value = "0.1 uF"; VariantName = "[No Variations]"
Add component (AddParameter): Name = "Value 2"; Value = "50 VDC"; VariantName = "[No Variations]"
Added Component: Designator=C?(CAPC1608N)
Add component (AddParameter): Name = "DES"; Value = "Multilayer Ceramic Capacitors MLCC - SMD/SMT 50V 0.1uF 0603 X7R 20%"; VariantName = "[No Variations]"
Add component (AddParameter): Name = "FTP"; Value = "0603"; VariantName = "[No Variations]"
Add component (AddParameter): Name = "MAN"; Value = "KEMET"; VariantName = "[No Variations]"
Add component (AddParameter): Name = "MANREF"; Value = "C0603C104M5RAC"; VariantName = "[No Variations]"
Add component (AddParameter): Name = "NOTE"; Value = "_"; VariantName = "[No Variations]"
Add component (AddParameter): Name = "Part Number"; Value = "CAP-000000003"; VariantName = "[No Variations]"
Add component (AddParameter): Name = "SUP"; Value = "Mouser"; VariantName = "[No Variations]"
Add component (AddParameter): Name = "SUPREF"; Value = "80-C0603C104M5RAC"; VariantName = "[No Variations]"
Add component (AddParameter): Name = "TOL"; Value = "20 %"; VariantName = "[No Variations]"
Add component (AddParameter): Name = "Value 1"; Value = "0.1 uF"; VariantName = "[No Variations]"
Add component (AddParameter): Name = "Value 2"; Value = "50 VDC"; VariantName = "[No Variations]"
Added Component: Designator=D1(LED0603)
Add component (AddParameter): Name = "DES"; Value = "Standard LEDs - SMD WL-SMCW SMDMono TpVw Waterclr 0603 Green"; VariantName = "[No Variations]"
Add component (AddParameter): Name = "FTP"; Value = "0603"; VariantName = "[No Variations]"
Add component (AddParameter): Name = "MAN"; Value = "Wurth Elektronik"; VariantName = "[No Variations]"
Add component (AddParameter): Name = "MANREF"; Value = "150060GS75000"; VariantName = "[No Variations]"
Add component (AddParameter): Name = "NOTE"; Value = "_"; VariantName = "[No Variations]"
Add component (AddParameter): Name = "Part Number"; Value = "LED-000000002"; VariantName = "[No Variations]"
Add component (AddParameter): Name = "SUP"; Value = "Mouser"; VariantName = "[No Variations]"
Add component (AddParameter): Name = "SUPREF"; Value = "710-150060GS75000"; VariantName = "[No Variations]"
Add component (AddParameter): Name = "TOL"; Value = "_"; VariantName = "[No Variations]"
Add component (AddParameter): Name = "Value 1"; Value = "0.02A"; VariantName = "[No Variations]"
Add component (AddParameter): Name = "Value 2"; Value = "3.2 V"; VariantName = "[No Variations]"
Added Component: Designator=D2(LED0603)
Add component (AddParameter): Name = "DES"; Value = "Standard LEDs - SMD WL-SMCW SMDMono TpVw Waterclr 0603 Green"; VariantName = "[No Variations]"
Add component (AddParameter): Name = "FTP"; Value = "0603"; VariantName = "[No Variations]"
Add component (AddParameter): Name = "MAN"; Value = "Wurth Elektronik"; VariantName = "[No Variations]"
Add component (AddParameter): Name = "MANREF"; Value = "150060GS75000"; VariantName = "[No Variations]"
Add component (AddParameter): Name = "NOTE"; Value = "_"; VariantName = "[No Variations]"
Add component (AddParameter): Name = "Part Number"; Value = "LED-000000002"; VariantName = "[No Variations]"
Add component (AddParameter): Name = "SUP"; Value = "Mouser"; VariantName = "[No Variations]"
Add component (AddParameter): Name = "SUPREF"; Value = "710-150060GS75000"; VariantName = "[No Variations]"
Add component (AddParameter): Name = "TOL"; Value = "_"; VariantName = "[No Variations]"
Add component (AddParameter): Name = "Value 1"; Value = "0.02A"; VariantName = "[No Variations]"
Add component (AddParameter): Name = "Value 2"; Value = "3.2 V"; VariantName = "[No Variations]"
Added Component: Designator=D3(LED0603)
Add component (AddParameter): Name = "DES"; Value = "Standard LEDs - SMD WL-SMCW SMDMono TpVw Waterclr 0603 Blue"; VariantName = "[No Variations]"
Add component (AddParameter): Name = "FTP"; Value = "0603"; VariantName = "[No Variations]"
Add component (AddParameter): Name = "MAN"; Value = "Wurth Elektronik"; VariantName = "[No Variations]"
Add component (AddParameter): Name = "MANREF"; Value = "150060BS75000"; VariantName = "[No Variations]"
Add component (AddParameter): Name = "NOTE"; Value = "_"; VariantName = "[No Variations]"
Add component (AddParameter): Name = "Part Number"; Value = "LED-000000003"; VariantName = "[No Variations]"
Add component (AddParameter): Name = "SUP"; Value = "Mouser"; VariantName = "[No Variations]"
Add component (AddParameter): Name = "SUPREF"; Value = "710-150060BS75000"; VariantName = "[No Variations]"
Add component (AddParameter): Name = "TOL"; Value = "_"; VariantName = "[No Variations]"
Add component (AddParameter): Name = "Value 1"; Value = "0.02A"; VariantName = "[No Variations]"
Add component (AddParameter): Name = "Value 2"; Value = "3.2 V"; VariantName = "[No Variations]"
Added Component: Designator=D4(LED0603)
Add component (AddParameter): Name = "DES"; Value = "Standard LEDs - SMD WL-SMCW SMDMono TpVw Waterclr 0603 Red"; VariantName = "[No Variations]"
Add component (AddParameter): Name = "FTP"; Value = "0603"; VariantName = "[No Variations]"
Add component (AddParameter): Name = "MAN"; Value = "Wurth Elektronik"; VariantName = "[No Variations]"
Add component (AddParameter): Name = "MANREF"; Value = "150060RS75000"; VariantName = "[No Variations]"
Add component (AddParameter): Name = "NOTE"; Value = "_"; VariantName = "[No Variations]"
Add component (AddParameter): Name = "Part Number"; Value = "LED-000000001"; VariantName = "[No Variations]"
Add component (AddParameter): Name = "SUP"; Value = "Mouser"; VariantName = "[No Variations]"
Add component (AddParameter): Name = "SUPREF"; Value = "710-150060RS75000"; VariantName = "[No Variations]"
Add component (AddParameter): Name = "TOL"; Value = "_"; VariantName = "[No Variations]"
Add component (AddParameter): Name = "Value 1"; Value = "0.02A"; VariantName = "[No Variations]"
Add component (AddParameter): Name = "Value 2"; Value = "2 V"; VariantName = "[No Variations]"
Added Component: Designator=J1(WE-RJ45-7499021125)
Add component (AddParameter): Name = "DES"; Value = "Modular Connectors / Ethernet Connectors WE-RJ45 Intgtd XFMR 1x2 THT Tab Down EMI"; VariantName = "[No Variations]"
Add component (AddParameter): Name = "FTP"; Value = "THT"; VariantName = "[No Variations]"
Add component (AddParameter): Name = "MAN"; Value = "Wurth Elektronik"; VariantName = "[No Variations]"
Add component (AddParameter): Name = "MANREF"; Value = "7499021125"; VariantName = "[No Variations]"
Add component (AddParameter): Name = "NOTE"; Value = "_"; VariantName = "[No Variations]"
Add component (AddParameter): Name = "Part Number"; Value = "CON-000000008"; VariantName = "[No Variations]"
Add component (AddParameter): Name = "SUP"; Value = "Mouser"; VariantName = "[No Variations]"
Add component (AddParameter): Name = "SUPREF"; Value = "710-7499021125"; VariantName = "[No Variations]"
Add component (AddParameter): Name = "TOL"; Value = "_"; VariantName = "[No Variations]"
Add component (AddParameter): Name = "Value 1"; Value = "_"; VariantName = "[No Variations]"
Add component (AddParameter): Name = "Value 2"; Value = "10/100BaseT"; VariantName = "[No Variations]"
Added Component: Designator=J2(WE-RJ45-7499111121A)
Add component (AddParameter): Name = "DES"; Value = "Modular Connectors / Ethernet Connectors WE-RJ45 Intgtd XFMR 1x1 THT Tab Down EMI"; VariantName = "[No Variations]"
Add component (AddParameter): Name = "FTP"; Value = "THT"; VariantName = "[No Variations]"
Add component (AddParameter): Name = "MAN"; Value = "Wurth Elektronik"; VariantName = "[No Variations]"
Add component (AddParameter): Name = "MANREF"; Value = "7499111121A"; VariantName = "[No Variations]"
Add component (AddParameter): Name = "NOTE"; Value = "_"; VariantName = "[No Variations]"
Add component (AddParameter): Name = "Part Number"; Value = "CON-000000002"; VariantName = "[No Variations]"
Add component (AddParameter): Name = "SUP"; Value = "Mouser"; VariantName = "[No Variations]"
Add component (AddParameter): Name = "SUPREF"; Value = "710-7499111121A"; VariantName = "[No Variations]"
Add component (AddParameter): Name = "TOL"; Value = "_"; VariantName = "[No Variations]"
Add component (AddParameter): Name = "Value 1"; Value = "_"; VariantName = "[No Variations]"
Add component (AddParameter): Name = "Value 2"; Value = "10/100/1000BaseT"; VariantName = "[No Variations]"
Added Component: Designator=R1(RESC1608N)
Add component (AddParameter): Name = "MAN"; Value = "KOA Speer"; VariantName = "[No Variations]"
Add component (AddParameter): Name = "Part Number"; Value = "RES-000000008"; VariantName = "[No Variations]"
Add component (AddParameter): Name = "Value 1"; Value = "330R"; VariantName = "[No Variations]"
Added Component: Designator=R2(RESC1608N)
Add component (AddParameter): Name = "MAN"; Value = "KOA Speer"; VariantName = "[No Variations]"
Add component (AddParameter): Name = "Part Number"; Value = "RES-000000008"; VariantName = "[No Variations]"
Add component (AddParameter): Name = "Value 1"; Value = "330R"; VariantName = "[No Variations]"
Added Component: Designator=R3(RESC1608N)
Add component (AddParameter): Name = "MAN"; Value = "KOA Speer"; VariantName = "[No Variations]"
Add component (AddParameter): Name = "Part Number"; Value = "RES-000000008"; VariantName = "[No Variations]"
Add component (AddParameter): Name = "Value 1"; Value = "330R"; VariantName = "[No Variations]"
Added Component: Designator=R4(RESC1608N)
Add component (AddParameter): Name = "MAN"; Value = "KOA Speer"; VariantName = "[No Variations]"
Add component (AddParameter): Name = "Part Number"; Value = "RES-000000008"; VariantName = "[No Variations]"
Add component (AddParameter): Name = "Value 1"; Value = "330R"; VariantName = "[No Variations]"
Added Component: Designator=R5(RESC1608N)
Add component (AddParameter): Name = "MAN"; Value = "KOA Speer"; VariantName = "[No Variations]"
Add component (AddParameter): Name = "Part Number"; Value = "RES-000000008"; VariantName = "[No Variations]"
Add component (AddParameter): Name = "Value 1"; Value = "330R"; VariantName = "[No Variations]"
Added Component: Designator=R?(RESC1608N)
Add component (AddParameter): Name = "MAN"; Value = "KOA Speer"; VariantName = "[No Variations]"
Add component (AddParameter): Name = "Part Number"; Value = "RES-000000008"; VariantName = "[No Variations]"
Add component (AddParameter): Name = "Value 1"; Value = "330R"; VariantName = "[No Variations]"
Added Component: Designator=R?(RESC1608N)
Add component (AddParameter): Name = "MAN"; Value = "KOA Speer"; VariantName = "[No Variations]"
Add component (AddParameter): Name = "Part Number"; Value = "RES-000000008"; VariantName = "[No Variations]"
Add component (AddParameter): Name = "Value 1"; Value = "330R"; VariantName = "[No Variations]"
Added Component: Designator=R?(RESC1608N)
Add component (AddParameter): Name = "MAN"; Value = "KOA Speer"; VariantName = "[No Variations]"
Add component (AddParameter): Name = "Part Number"; Value = "RES-000000008"; VariantName = "[No Variations]"
Add component (AddParameter): Name = "Value 1"; Value = "330R"; VariantName = "[No Variations]"
Added Component: Designator=R?(RESC1608N)
Add component (AddParameter): Name = "MAN"; Value = "KOA Speer"; VariantName = "[No Variations]"
Add component (AddParameter): Name = "Part Number"; Value = "RES-000000008"; VariantName = "[No Variations]"
Add component (AddParameter): Name = "Value 1"; Value = "330R"; VariantName = "[No Variations]"
Added Component: Designator=R?(RESC1608N)
Add component (AddParameter): Name = "MAN"; Value = "KOA Speer"; VariantName = "[No Variations]"
Add component (AddParameter): Name = "Part Number"; Value = "RES-000000008"; VariantName = "[No Variations]"
Add component (AddParameter): Name = "Value 1"; Value = "330R"; VariantName = "[No Variations]"
Added Component: Designator=R?(RESC1608N)
Add component (AddParameter): Name = "MAN"; Value = "KOA Speer"; VariantName = "[No Variations]"
Add component (AddParameter): Name = "Part Number"; Value = "RES-000000008"; VariantName = "[No Variations]"
Add component (AddParameter): Name = "Value 1"; Value = "330R"; VariantName = "[No Variations]"
Added Component: Designator=R?(RESC1608N)
Add component (AddParameter): Name = "MAN"; Value = "KOA Speer"; VariantName = "[No Variations]"
Add component (AddParameter): Name = "Part Number"; Value = "RES-000000008"; VariantName = "[No Variations]"
Add component (AddParameter): Name = "Value 1"; Value = "330R"; VariantName = "[No Variations]"
Added Component: Designator=R?(RESC1608N)
Add component (AddParameter): Name = "MAN"; Value = "KOA Speer"; VariantName = "[No Variations]"
Add component (AddParameter): Name = "Part Number"; Value = "RES-000000008"; VariantName = "[No Variations]"
Add component (AddParameter): Name = "Value 1"; Value = "330R"; VariantName = "[No Variations]"
Added Component: Designator=S?(118250272)
Add component (AddParameter): Name = "DES"; Value = "Tactile Switches R/A TACT 260 PB SWITCH"; VariantName = "[No Variations]"
Add component (AddParameter): Name = "MAN"; Value = "TE Connectivity / P&B"; VariantName = "[No Variations]"
Add component (AddParameter): Name = "MANREF"; Value = "1-1825027-2"; VariantName = "[No Variations]"
Add component (AddParameter): Name = "NOTE"; Value = "-"; VariantName = "[No Variations]"
Add component (AddParameter): Name = "Part Number"; Value = "S-000000001"; VariantName = "[No Variations]"
Add component (AddParameter): Name = "SUP"; Value = "Mouser"; VariantName = "[No Variations]"
Add component (AddParameter): Name = "SUPREF"; Value = "506-1-1825027-2"; VariantName = "[No Variations]"
Add component (AddParameter): Name = "Value 1"; Value = "50 mA"; VariantName = "[No Variations]"
Add component (AddParameter): Name = "Value 2"; Value = "24 VDC"; VariantName = "[No Variations]"
Added Component: Designator=TP1(TP)
Add component (AddParameter): Name = "DES"; Value = "_"; VariantName = "[No Variations]"
Add component (AddParameter): Name = "FTP"; Value = "_"; VariantName = "[No Variations]"
Add component (AddParameter): Name = "MAN"; Value = "_"; VariantName = "[No Variations]"
Add component (AddParameter): Name = "MANREF"; Value = "_"; VariantName = "[No Variations]"
Add component (AddParameter): Name = "NOTE"; Value = "_"; VariantName = "[No Variations]"
Add component (AddParameter): Name = "Part Number"; Value = "MIS-000000002"; VariantName = "[No Variations]"
Add component (AddParameter): Name = "SUP"; Value = "_"; VariantName = "[No Variations]"
Add component (AddParameter): Name = "SUPREF"; Value = "_"; VariantName = "[No Variations]"
Add component (AddParameter): Name = "TOL"; Value = "_"; VariantName = "[No Variations]"
Add component (AddParameter): Name = "Value 1"; Value = "_"; VariantName = "[No Variations]"
Add component (AddParameter): Name = "Value 2"; Value = "_"; VariantName = "[No Variations]"
Added Component: Designator=TP?(TP)
Add component (AddParameter): Name = "DES"; Value = "_"; VariantName = "[No Variations]"
Add component (AddParameter): Name = "FTP"; Value = "_"; VariantName = "[No Variations]"
Add component (AddParameter): Name = "MAN"; Value = "_"; VariantName = "[No Variations]"
Add component (AddParameter): Name = "MANREF"; Value = "_"; VariantName = "[No Variations]"
Add component (AddParameter): Name = "NOTE"; Value = "_"; VariantName = "[No Variations]"
Add component (AddParameter): Name = "Part Number"; Value = "MIS-000000002"; VariantName = "[No Variations]"
Add component (AddParameter): Name = "SUP"; Value = "_"; VariantName = "[No Variations]"
Add component (AddParameter): Name = "SUPREF"; Value = "_"; VariantName = "[No Variations]"
Add component (AddParameter): Name = "TOL"; Value = "_"; VariantName = "[No Variations]"
Add component (AddParameter): Name = "Value 1"; Value = "_"; VariantName = "[No Variations]"
Add component (AddParameter): Name = "Value 2"; Value = "_"; VariantName = "[No Variations]"
Added Component: Designator=TP?(TP)
Add component (AddParameter): Name = "DES"; Value = "_"; VariantName = "[No Variations]"
Add component (AddParameter): Name = "FTP"; Value = "_"; VariantName = "[No Variations]"
Add component (AddParameter): Name = "MAN"; Value = "_"; VariantName = "[No Variations]"
Add component (AddParameter): Name = "MANREF"; Value = "_"; VariantName = "[No Variations]"
Add component (AddParameter): Name = "NOTE"; Value = "_"; VariantName = "[No Variations]"
Add component (AddParameter): Name = "Part Number"; Value = "MIS-000000002"; VariantName = "[No Variations]"
Add component (AddParameter): Name = "SUP"; Value = "_"; VariantName = "[No Variations]"
Add component (AddParameter): Name = "SUPREF"; Value = "_"; VariantName = "[No Variations]"
Add component (AddParameter): Name = "TOL"; Value = "_"; VariantName = "[No Variations]"
Add component (AddParameter): Name = "Value 1"; Value = "_"; VariantName = "[No Variations]"
Add component (AddParameter): Name = "Value 2"; Value = "_"; VariantName = "[No Variations]"
Added Component: Designator=TP?(TP)
Add component (AddParameter): Name = "DES"; Value = "_"; VariantName = "[No Variations]"
Add component (AddParameter): Name = "FTP"; Value = "_"; VariantName = "[No Variations]"
Add component (AddParameter): Name = "MAN"; Value = "_"; VariantName = "[No Variations]"
Add component (AddParameter): Name = "MANREF"; Value = "_"; VariantName = "[No Variations]"
Add component (AddParameter): Name = "NOTE"; Value = "_"; VariantName = "[No Variations]"
Add component (AddParameter): Name = "Part Number"; Value = "MIS-000000002"; VariantName = "[No Variations]"
Add component (AddParameter): Name = "SUP"; Value = "_"; VariantName = "[No Variations]"
Add component (AddParameter): Name = "SUPREF"; Value = "_"; VariantName = "[No Variations]"
Add component (AddParameter): Name = "TOL"; Value = "_"; VariantName = "[No Variations]"
Add component (AddParameter): Name = "Value 1"; Value = "_"; VariantName = "[No Variations]"
Add component (AddParameter): Name = "Value 2"; Value = "_"; VariantName = "[No Variations]"
Added Component: Designator=TP?(TP)
Add component (AddParameter): Name = "DES"; Value = "_"; VariantName = "[No Variations]"
Add component (AddParameter): Name = "FTP"; Value = "_"; VariantName = "[No Variations]"
Add component (AddParameter): Name = "MAN"; Value = "_"; VariantName = "[No Variations]"
Add component (AddParameter): Name = "MANREF"; Value = "_"; VariantName = "[No Variations]"
Add component (AddParameter): Name = "NOTE"; Value = "_"; VariantName = "[No Variations]"
Add component (AddParameter): Name = "Part Number"; Value = "MIS-000000002"; VariantName = "[No Variations]"
Add component (AddParameter): Name = "SUP"; Value = "_"; VariantName = "[No Variations]"
Add component (AddParameter): Name = "SUPREF"; Value = "_"; VariantName = "[No Variations]"
Add component (AddParameter): Name = "TOL"; Value = "_"; VariantName = "[No Variations]"
Add component (AddParameter): Name = "Value 1"; Value = "_"; VariantName = "[No Variations]"
Add component (AddParameter): Name = "Value 2"; Value = "_"; VariantName = "[No Variations]"
Added Component: Designator=TP?(TP)
Add component (AddParameter): Name = "DES"; Value = "_"; VariantName = "[No Variations]"
Add component (AddParameter): Name = "FTP"; Value = "_"; VariantName = "[No Variations]"
Add component (AddParameter): Name = "MAN"; Value = "_"; VariantName = "[No Variations]"
Add component (AddParameter): Name = "MANREF"; Value = "_"; VariantName = "[No Variations]"
Add component (AddParameter): Name = "NOTE"; Value = "_"; VariantName = "[No Variations]"
Add component (AddParameter): Name = "Part Number"; Value = "MIS-000000002"; VariantName = "[No Variations]"
Add component (AddParameter): Name = "SUP"; Value = "_"; VariantName = "[No Variations]"
Add component (AddParameter): Name = "SUPREF"; Value = "_"; VariantName = "[No Variations]"
Add component (AddParameter): Name = "TOL"; Value = "_"; VariantName = "[No Variations]"
Add component (AddParameter): Name = "Value 1"; Value = "_"; VariantName = "[No Variations]"
Add component (AddParameter): Name = "Value 2"; Value = "_"; VariantName = "[No Variations]"
Added Component: Designator=TP?(TP)
Add component (AddParameter): Name = "DES"; Value = "_"; VariantName = "[No Variations]"
Add component (AddParameter): Name = "FTP"; Value = "_"; VariantName = "[No Variations]"
Add component (AddParameter): Name = "MAN"; Value = "_"; VariantName = "[No Variations]"
Add component (AddParameter): Name = "MANREF"; Value = "_"; VariantName = "[No Variations]"
Add component (AddParameter): Name = "NOTE"; Value = "_"; VariantName = "[No Variations]"
Add component (AddParameter): Name = "Part Number"; Value = "MIS-000000002"; VariantName = "[No Variations]"
Add component (AddParameter): Name = "SUP"; Value = "_"; VariantName = "[No Variations]"
Add component (AddParameter): Name = "SUPREF"; Value = "_"; VariantName = "[No Variations]"
Add component (AddParameter): Name = "TOL"; Value = "_"; VariantName = "[No Variations]"
Add component (AddParameter): Name = "Value 1"; Value = "_"; VariantName = "[No Variations]"
Add component (AddParameter): Name = "Value 2"; Value = "_"; VariantName = "[No Variations]"
Added Component: Designator=TP?(TP)
Add component (AddParameter): Name = "DES"; Value = "_"; VariantName = "[No Variations]"
Add component (AddParameter): Name = "FTP"; Value = "_"; VariantName = "[No Variations]"
Add component (AddParameter): Name = "MAN"; Value = "_"; VariantName = "[No Variations]"
Add component (AddParameter): Name = "MANREF"; Value = "_"; VariantName = "[No Variations]"
Add component (AddParameter): Name = "NOTE"; Value = "_"; VariantName = "[No Variations]"
Add component (AddParameter): Name = "Part Number"; Value = "MIS-000000002"; VariantName = "[No Variations]"
Add component (AddParameter): Name = "SUP"; Value = "_"; VariantName = "[No Variations]"
Add component (AddParameter): Name = "SUPREF"; Value = "_"; VariantName = "[No Variations]"
Add component (AddParameter): Name = "TOL"; Value = "_"; VariantName = "[No Variations]"
Add component (AddParameter): Name = "Value 1"; Value = "_"; VariantName = "[No Variations]"
Add component (AddParameter): Name = "Value 2"; Value = "_"; VariantName = "[No Variations]"
Added Component: Designator=TP?(TP)
Add component (AddParameter): Name = "DES"; Value = "_"; VariantName = "[No Variations]"
Add component (AddParameter): Name = "FTP"; Value = "_"; VariantName = "[No Variations]"
Add component (AddParameter): Name = "MAN"; Value = "_"; VariantName = "[No Variations]"
Add component (AddParameter): Name = "MANREF"; Value = "_"; VariantName = "[No Variations]"
Add component (AddParameter): Name = "NOTE"; Value = "_"; VariantName = "[No Variations]"
Add component (AddParameter): Name = "Part Number"; Value = "MIS-000000002"; VariantName = "[No Variations]"
Add component (AddParameter): Name = "SUP"; Value = "_"; VariantName = "[No Variations]"
Add component (AddParameter): Name = "SUPREF"; Value = "_"; VariantName = "[No Variations]"
Add component (AddParameter): Name = "TOL"; Value = "_"; VariantName = "[No Variations]"
Add component (AddParameter): Name = "Value 1"; Value = "_"; VariantName = "[No Variations]"
Add component (AddParameter): Name = "Value 2"; Value = "_"; VariantName = "[No Variations]"
Added Component: Designator=TP?(TP)
Add component (AddParameter): Name = "DES"; Value = "_"; VariantName = "[No Variations]"
Add component (AddParameter): Name = "FTP"; Value = "_"; VariantName = "[No Variations]"
Add component (AddParameter): Name = "MAN"; Value = "_"; VariantName = "[No Variations]"
Add component (AddParameter): Name = "MANREF"; Value = "_"; VariantName = "[No Variations]"
Add component (AddParameter): Name = "NOTE"; Value = "_"; VariantName = "[No Variations]"
Add component (AddParameter): Name = "Part Number"; Value = "MIS-000000002"; VariantName = "[No Variations]"
Add component (AddParameter): Name = "SUP"; Value = "_"; VariantName = "[No Variations]"
Add component (AddParameter): Name = "SUPREF"; Value = "_"; VariantName = "[No Variations]"
Add component (AddParameter): Name = "TOL"; Value = "_"; VariantName = "[No Variations]"
Add component (AddParameter): Name = "Value 1"; Value = "_"; VariantName = "[No Variations]"
Add component (AddParameter): Name = "Value 2"; Value = "_"; VariantName = "[No Variations]"
Added Component: Designator=TP?(TP)
Add component (AddParameter): Name = "DES"; Value = "_"; VariantName = "[No Variations]"
Add component (AddParameter): Name = "FTP"; Value = "_"; VariantName = "[No Variations]"
Add component (AddParameter): Name = "MAN"; Value = "_"; VariantName = "[No Variations]"
Add component (AddParameter): Name = "MANREF"; Value = "_"; VariantName = "[No Variations]"
Add component (AddParameter): Name = "NOTE"; Value = "_"; VariantName = "[No Variations]"
Add component (AddParameter): Name = "Part Number"; Value = "MIS-000000002"; VariantName = "[No Variations]"
Add component (AddParameter): Name = "SUP"; Value = "_"; VariantName = "[No Variations]"
Add component (AddParameter): Name = "SUPREF"; Value = "_"; VariantName = "[No Variations]"
Add component (AddParameter): Name = "TOL"; Value = "_"; VariantName = "[No Variations]"
Add component (AddParameter): Name = "Value 1"; Value = "_"; VariantName = "[No Variations]"
Add component (AddParameter): Name = "Value 2"; Value = "_"; VariantName = "[No Variations]"
Added Component: Designator=TP?(TP)
Add component (AddParameter): Name = "DES"; Value = "_"; VariantName = "[No Variations]"
Add component (AddParameter): Name = "FTP"; Value = "_"; VariantName = "[No Variations]"
Add component (AddParameter): Name = "MAN"; Value = "_"; VariantName = "[No Variations]"
Add component (AddParameter): Name = "MANREF"; Value = "_"; VariantName = "[No Variations]"
Add component (AddParameter): Name = "NOTE"; Value = "_"; VariantName = "[No Variations]"
Add component (AddParameter): Name = "Part Number"; Value = "MIS-000000002"; VariantName = "[No Variations]"
Add component (AddParameter): Name = "SUP"; Value = "_"; VariantName = "[No Variations]"
Add component (AddParameter): Name = "SUPREF"; Value = "_"; VariantName = "[No Variations]"
Add component (AddParameter): Name = "TOL"; Value = "_"; VariantName = "[No Variations]"
Add component (AddParameter): Name = "Value 1"; Value = "_"; VariantName = "[No Variations]"
Add component (AddParameter): Name = "Value 2"; Value = "_"; VariantName = "[No Variations]"
Added Component: Designator=U1(USON-10)
Add component (AddParameter): Name = "DES"; Value = "ESD Suppressors / TVS Diodes 4Ch ESD SOLUTION"; VariantName = "[No Variations]"
Add component (AddParameter): Name = "FTP"; Value = "USON-10"; VariantName = "[No Variations]"
Add component (AddParameter): Name = "MAN"; Value = "Texas Instruments"; VariantName = "[No Variations]"
Add component (AddParameter): Name = "MANREF"; Value = "TPD4EUSB30DQAR"; VariantName = "[No Variations]"
Add component (AddParameter): Name = "NOTE"; Value = "_"; VariantName = "[No Variations]"
Add component (AddParameter): Name = "Part Number"; Value = "TVS-000000001"; VariantName = "[No Variations]"
Add component (AddParameter): Name = "SUP"; Value = "Mouser"; VariantName = "[No Variations]"
Add component (AddParameter): Name = "SUPREF"; Value = "595-TPD4EUSB30DQAR"; VariantName = "[No Variations]"
Add component (AddParameter): Name = "TOL"; Value = "_"; VariantName = "[No Variations]"
Add component (AddParameter): Name = "Value 1"; Value = "7 V"; VariantName = "[No Variations]"
Add component (AddParameter): Name = "Value 2"; Value = "0.05 pF"; VariantName = "[No Variations]"
Added Component: Designator=U?(USON-10)
Add component (AddParameter): Name = "DES"; Value = "ESD Suppressors / TVS Diodes 4Ch ESD SOLUTION"; VariantName = "[No Variations]"
Add component (AddParameter): Name = "FTP"; Value = "USON-10"; VariantName = "[No Variations]"
Add component (AddParameter): Name = "MAN"; Value = "Texas Instruments"; VariantName = "[No Variations]"
Add component (AddParameter): Name = "MANREF"; Value = "TPD4EUSB30DQAR"; VariantName = "[No Variations]"
Add component (AddParameter): Name = "NOTE"; Value = "_"; VariantName = "[No Variations]"
Add component (AddParameter): Name = "Part Number"; Value = "TVS-000000001"; VariantName = "[No Variations]"
Add component (AddParameter): Name = "SUP"; Value = "Mouser"; VariantName = "[No Variations]"
Add component (AddParameter): Name = "SUPREF"; Value = "595-TPD4EUSB30DQAR"; VariantName = "[No Variations]"
Add component (AddParameter): Name = "TOL"; Value = "_"; VariantName = "[No Variations]"
Add component (AddParameter): Name = "Value 1"; Value = "7 V"; VariantName = "[No Variations]"
Add component (AddParameter): Name = "Value 2"; Value = "0.05 pF"; VariantName = "[No Variations]"
Added Component: Designator=U?(USON-10)
Add component (AddParameter): Name = "DES"; Value = "ESD Suppressors / TVS Diodes 4Ch ESD SOLUTION"; VariantName = "[No Variations]"
Add component (AddParameter): Name = "FTP"; Value = "USON-10"; VariantName = "[No Variations]"
Add component (AddParameter): Name = "MAN"; Value = "Texas Instruments"; VariantName = "[No Variations]"
Add component (AddParameter): Name = "MANREF"; Value = "TPD4EUSB30DQAR"; VariantName = "[No Variations]"
Add component (AddParameter): Name = "NOTE"; Value = "_"; VariantName = "[No Variations]"
Add component (AddParameter): Name = "Part Number"; Value = "TVS-000000001"; VariantName = "[No Variations]"
Add component (AddParameter): Name = "SUP"; Value = "Mouser"; VariantName = "[No Variations]"
Add component (AddParameter): Name = "SUPREF"; Value = "595-TPD4EUSB30DQAR"; VariantName = "[No Variations]"
Add component (AddParameter): Name = "TOL"; Value = "_"; VariantName = "[No Variations]"
Add component (AddParameter): Name = "Value 1"; Value = "7 V"; VariantName = "[No Variations]"
Add component (AddParameter): Name = "Value 2"; Value = "0.05 pF"; VariantName = "[No Variations]"
Added Component: Designator=U?(USON-10)
Add component (AddParameter): Name = "DES"; Value = "ESD Suppressors / TVS Diodes 4Ch ESD SOLUTION"; VariantName = "[No Variations]"
Add component (AddParameter): Name = "FTP"; Value = "USON-10"; VariantName = "[No Variations]"
Add component (AddParameter): Name = "MAN"; Value = "Texas Instruments"; VariantName = "[No Variations]"
Add component (AddParameter): Name = "MANREF"; Value = "TPD4EUSB30DQAR"; VariantName = "[No Variations]"
Add component (AddParameter): Name = "NOTE"; Value = "_"; VariantName = "[No Variations]"
Add component (AddParameter): Name = "Part Number"; Value = "TVS-000000001"; VariantName = "[No Variations]"
Add component (AddParameter): Name = "SUP"; Value = "Mouser"; VariantName = "[No Variations]"
Add component (AddParameter): Name = "SUPREF"; Value = "595-TPD4EUSB30DQAR"; VariantName = "[No Variations]"
Add component (AddParameter): Name = "TOL"; Value = "_"; VariantName = "[No Variations]"
Add component (AddParameter): Name = "Value 1"; Value = "7 V"; VariantName = "[No Variations]"
Add component (AddParameter): Name = "Value 2"; Value = "0.05 pF"; VariantName = "[No Variations]"
Added Pin To Net: NetName=GND Pin=C?-1
Added Pin To Net: NetName=GND Pin=C?-1
Added Pin To Net: NetName=GND Pin=J1-A8
Added Pin To Net: NetName=GND Pin=J1-B8
Added Pin To Net: NetName=GND Pin=J1-Shell
Added Pin To Net: NetName=GND Pin=J1-Shell
Added Pin To Net: NetName=GND Pin=J1-Shell
Added Pin To Net: NetName=GND Pin=J2-10
Added Pin To Net: NetName=ETH_LEDY Pin=J2-12
Added Pin To Net: NetName=ETH_LEDG Pin=J2-14
Added Pin To Net: NetName=GND Pin=J2-Shell
Added Pin To Net: NetName=GND Pin=J2-Shell
Added Pin To Net: NetName=GND Pin=S?-2
Added Pin To Net: NetName=GND Pin=U1-3
Added Pin To Net: NetName=GND Pin=U?-3
Added Pin To Net: NetName=GND Pin=U?-3
Added Pin To Net: NetName=GND Pin=U?-3
Added Pin To Net: NetName=3v3 Pin=R1-2
Added Pin To Net: NetName=3v3 Pin=R2-2
Added Pin To Net: NetName=3v3 Pin=R3-2
Added Pin To Net: NetName=3v3 Pin=R4-2
Added Pin To Net: NetName=3v3 Pin=R?-1
Added Pin To Net: NetName=3v3 Pin=R?-1
Added Pin To Net: NetName=3v3 Pin=R?-1
Added Pin To Net: NetName=3v3 Pin=R?-1
Added Pin To Net: NetName=3v3 Pin=R?-2
Added Pin To Net: NetName=3v3 Pin=R?-2
Added Pin To Net: NetName=3v3 Pin=R?-2
Added Pin To Net: NetName=3v3 Pin=R?-2
Added Net: Name=3v3
Added Pin To Net: NetName=ETH_P0_N Pin=J2-2
Added Pin To Net: NetName=ETH_P0_N Pin=U?-2
Added Pin To Net: NetName=ETH_P0_N Pin=U?-9
Added Net: Name=ETH_P0_N
Added Pin To Net: NetName=ETH_P0_P Pin=J2-1
Added Pin To Net: NetName=ETH_P0_P Pin=U?-1
Added Pin To Net: NetName=ETH_P0_P Pin=U?-10
Added Net: Name=ETH_P0_P
Added Pin To Net: NetName=ETH_P1_N Pin=J2-6
Added Pin To Net: NetName=ETH_P1_N Pin=U?-5
Added Pin To Net: NetName=ETH_P1_N Pin=U?-6
Added Net: Name=ETH_P1_N
Added Pin To Net: NetName=ETH_P1_P Pin=J2-3
Added Pin To Net: NetName=ETH_P1_P Pin=U?-4
Added Pin To Net: NetName=ETH_P1_P Pin=U?-7
Added Net: Name=ETH_P1_P
Added Pin To Net: NetName=ETH_P2_N Pin=J2-5
Added Pin To Net: NetName=ETH_P2_N Pin=U?-2
Added Pin To Net: NetName=ETH_P2_N Pin=U?-9
Added Net: Name=ETH_P2_N
Added Pin To Net: NetName=ETH_P2_P Pin=J2-4
Added Pin To Net: NetName=ETH_P2_P Pin=U?-1
Added Pin To Net: NetName=ETH_P2_P Pin=U?-10
Added Net: Name=ETH_P2_P
Added Pin To Net: NetName=ETH_P3_N Pin=J2-7
Added Pin To Net: NetName=ETH_P3_N Pin=U?-5
Added Pin To Net: NetName=ETH_P3_N Pin=U?-6
Added Net: Name=ETH_P3_N
Added Pin To Net: NetName=ETH_P3_P Pin=J2-8
Added Pin To Net: NetName=ETH_P3_P Pin=U?-4
Added Pin To Net: NetName=ETH_P3_P Pin=U?-7
Added Net: Name=ETH_P3_P
Added Pin To Net: NetName=ETH_TR_CT_LAN_0 Pin=J1-A4
Added Pin To Net: NetName=ETH_TR_CT_LAN_0 Pin=J1-A5
Added Net: Name=ETH_TR_CT_LAN_0
Added Pin To Net: NetName=ETH_TR_CT_LAN_1 Pin=J1-B4
Added Net: Name=ETH_TR_CT_LAN_1
Added Pin To Net: NetName=LAN0_RX_N Pin=J1-A6
Added Pin To Net: NetName=LAN0_RX_N Pin=U1-2
Added Pin To Net: NetName=LAN0_RX_N Pin=U1-9
Added Pin To Net: NetName=LAN0_RX_N Pin=U?-2
Added Pin To Net: NetName=LAN0_RX_N Pin=U?-9
Added Net: Name=LAN0_RX_N
Added Pin To Net: NetName=LAN0_RX_P Pin=J1-A3
Added Pin To Net: NetName=LAN0_RX_P Pin=U1-1
Added Pin To Net: NetName=LAN0_RX_P Pin=U1-10
Added Pin To Net: NetName=LAN0_RX_P Pin=U?-1
Added Pin To Net: NetName=LAN0_RX_P Pin=U?-10
Added Net: Name=LAN0_RX_P
Added Pin To Net: NetName=LAN0_TX_N Pin=J1-A2
Added Pin To Net: NetName=LAN0_TX_N Pin=U1-5
Added Pin To Net: NetName=LAN0_TX_N Pin=U1-6
Added Pin To Net: NetName=LAN0_TX_N Pin=U?-5
Added Pin To Net: NetName=LAN0_TX_N Pin=U?-6
Added Net: Name=LAN0_TX_N
Added Pin To Net: NetName=LAN0_TX_P Pin=J1-A1
Added Pin To Net: NetName=LAN0_TX_P Pin=U1-4
Added Pin To Net: NetName=LAN0_TX_P Pin=U1-7
Added Pin To Net: NetName=LAN0_TX_P Pin=U?-4
Added Pin To Net: NetName=LAN0_TX_P Pin=U?-7
Added Net: Name=LAN0_TX_P
Added Pin To Net: NetName=LAN1_RX_N Pin=J1-B6
Added Net: Name=LAN1_RX_N
Added Pin To Net: NetName=LAN1_RX_P Pin=J1-B3
Added Net: Name=LAN1_RX_P
Added Pin To Net: NetName=LAN1_TX_N Pin=J1-B2
Added Net: Name=LAN1_TX_N
Added Pin To Net: NetName=LAN1_TX_P Pin=J1-B1
Added Pin To Net: NetName=LAN1_TX_P Pin=J1-B5
Added Net: Name=LAN1_TX_P
Added Pin To Net: NetName=LNKA_LED_K_LAN_0 Pin=J1-A12
Added Net: Name=LNKA_LED_K_LAN_0
Added Pin To Net: NetName=LNKA_LED_K_LAN_1 Pin=J1-B12
Added Net: Name=LNKA_LED_K_LAN_1
Added Pin To Net: NetName=NetC?_2 Pin=C?-2
Added Pin To Net: NetName=NetC?_2 Pin=J2-9
Added Pin To Net: NetName=NetC?_2 Pin=R?-1
Added Net: Name=NetC?_2
Added Pin To Net: NetName=NetD1_2 Pin=D1-2
Added Pin To Net: NetName=NetD1_2 Pin=R?-2
Added Net: Name=NetD1_2
Added Pin To Net: NetName=NetD2_2 Pin=D2-2
Added Pin To Net: NetName=NetD2_2 Pin=R?-2
Added Net: Name=NetD2_2
Added Pin To Net: NetName=NetD3_2 Pin=D3-2
Added Pin To Net: NetName=NetD3_2 Pin=R?-2
Added Net: Name=NetD3_2
Added Pin To Net: NetName=NetD4_2 Pin=D4-2
Added Pin To Net: NetName=NetD4_2 Pin=R?-2
Added Net: Name=NetD4_2
Added Pin To Net: NetName=NetJ1_A9 Pin=J1-A9
Added Pin To Net: NetName=NetJ1_A9 Pin=R1-1
Added Net: Name=NetJ1_A9
Added Pin To Net: NetName=NetJ1_A11 Pin=J1-A11
Added Pin To Net: NetName=NetJ1_A11 Pin=R2-1
Added Net: Name=NetJ1_A11
Added Pin To Net: NetName=NetJ1_B9 Pin=J1-B9
Added Pin To Net: NetName=NetJ1_B9 Pin=R3-1
Added Net: Name=NetJ1_B9
Added Pin To Net: NetName=NetJ1_B11 Pin=J1-B11
Added Pin To Net: NetName=NetJ1_B11 Pin=R4-1
Added Net: Name=NetJ1_B11
Added Pin To Net: NetName=NetJ2_11 Pin=J2-11
Added Pin To Net: NetName=NetJ2_11 Pin=R?-1
Added Net: Name=NetJ2_11
Added Pin To Net: NetName=NetJ2_13 Pin=J2-13
Added Pin To Net: NetName=NetJ2_13 Pin=R?-1
Added Net: Name=NetJ2_13
Added Pin To Net: NetName=NetR5_1 Pin=R5-1
Added Net: Name=NetR5_1
Added Pin To Net: NetName=NetR5_2 Pin=R5-2
Added Net: Name=NetR5_2
Added Pin To Net: NetName=SPD_LED_K_LAN_1 Pin=J1-B10
Added Net: Name=SPD_LED_K_LAN_1
Added Pin To Net: NetName=SYS_ERR_LED Pin=D4-1
Added Net: Name=SYS_ERR_LED
Added Pin To Net: NetName=SYS_NET_LED Pin=D2-1
Added Net: Name=SYS_NET_LED
Added Pin To Net: NetName=SYS_PWR_LED Pin=D1-1
Added Net: Name=SYS_PWR_LED
Added Pin To Net: NetName=SYS_WAR_LED Pin=D3-1
Added Net: Name=SYS_WAR_LED
Added Pin To Net: NetName=USER_PB Pin=C?-2
Added Pin To Net: NetName=USER_PB Pin=R?-1
Added Pin To Net: NetName=USER_PB Pin=S?-1
Added Net: Name=USER_PB
Added Class: Name=cm4gateway
Added Differential Pair: Name=LAN0_RX
Added Differential Pair: Name=LAN0_TX
Added Differential Pair: Name=LAN1_RX
Add Differential Pair: Number of nets in differential pair LAN1_TX is 1 instead of 2
Added Rule: Name=Schematic Supply Nets
Added Rule: Name=Schematic Supply Nets_1
