Replace Part C1 Capacitor in D:\WORKSPACE\compute-module-4-gateway\PCB\cm4gateway.SchDoc with Capacitor from DB.DbLib
Replace Part D1 LED in D:\WORKSPACE\compute-module-4-gateway\PCB\cm4gateway.SchDoc with LED from DB.DbLib
Replace Part D2 LED in D:\WORKSPACE\compute-module-4-gateway\PCB\cm4gateway.SchDoc with LED from DB.DbLib
Replace Part D3 LED in D:\WORKSPACE\compute-module-4-gateway\PCB\cm4gateway.SchDoc with LED from DB.DbLib
Replace Part D4 LED in D:\WORKSPACE\compute-module-4-gateway\PCB\cm4gateway.SchDoc with LED from DB.DbLib
Replace Part FID1 Fiducial in D:\WORKSPACE\compute-module-4-gateway\PCB\cm4gateway.SchDoc with Fiducial from DB.DbLib
Replace Part FID2 Fiducial in D:\WORKSPACE\compute-module-4-gateway\PCB\cm4gateway.SchDoc with Fiducial from DB.DbLib
Replace Part FID3 Fiducial in D:\WORKSPACE\compute-module-4-gateway\PCB\cm4gateway.SchDoc with Fiducial from DB.DbLib
Replace Part FID4 Fiducial in D:\WORKSPACE\compute-module-4-gateway\PCB\cm4gateway.SchDoc with Fiducial from DB.DbLib
Replace Part MH1 MH in D:\WORKSPACE\compute-module-4-gateway\PCB\cm4gateway.SchDoc with MH from DB.DbLib
Replace Part MH2 MH in D:\WORKSPACE\compute-module-4-gateway\PCB\cm4gateway.SchDoc with MH from DB.DbLib
Replace Part MH3 MH in D:\WORKSPACE\compute-module-4-gateway\PCB\cm4gateway.SchDoc with MH from DB.DbLib
Replace Part MH4 MH in D:\WORKSPACE\compute-module-4-gateway\PCB\cm4gateway.SchDoc with MH from DB.DbLib
Replace Part R1 Resistor in D:\WORKSPACE\compute-module-4-gateway\PCB\cm4gateway.SchDoc with Resistor from DB.DbLib
Replace Part R2 Resistor in D:\WORKSPACE\compute-module-4-gateway\PCB\cm4gateway.SchDoc with Resistor from DB.DbLib
Replace Part R3 Resistor in D:\WORKSPACE\compute-module-4-gateway\PCB\cm4gateway.SchDoc with Resistor from DB.DbLib
Replace Part R4 Resistor in D:\WORKSPACE\compute-module-4-gateway\PCB\cm4gateway.SchDoc with Resistor from DB.DbLib
Replace Part R5 Resistor in D:\WORKSPACE\compute-module-4-gateway\PCB\cm4gateway.SchDoc with Resistor from DB.DbLib
Replace Part R6 Resistor in D:\WORKSPACE\compute-module-4-gateway\PCB\cm4gateway.SchDoc with Resistor from DB.DbLib
Replace Part S1 SPST-ON in D:\WORKSPACE\compute-module-4-gateway\PCB\cm4gateway.SchDoc with SPST-ON from DB.DbLib
