Removed Pin From Net: NetName=VDDCORE Pin=C101-2
Removed Pin From Net: NetName=VDDCORE Pin=C102-2
Removed Pin From Net: NetName=VDDCORE Pin=C103-2
Removed Pin From Net: NetName=VDDCORE Pin=C104-2
Removed Pin From Net: NetName=VDDPLL Pin=C105-2
Removed Pin From Net: NetName=VDD33A Pin=C117-2
Removed Pin From Net: NetName=VDD33A Pin=C118-2
Removed Pin From Net: NetName=VDD33A Pin=C119-2
Removed Pin From Net: NetName=VDD33A Pin=C120-2
Removed Pin From Net: NetName=VDDUSBPLL Pin=C126-2
Removed Pin From Net: NetName=VDDCORE Pin=FB3-1
Removed Pin From Net: NetName=VDDPLL Pin=FB3-2
Removed Pin From Net: NetName=VDDCORE Pin=FB4-1
Removed Pin From Net: NetName=VDDUSBPLL Pin=FB7-2
Removed Pin From Net: NetName=VDD33A Pin=FB8-2
Removed Pin From Net: NetName=VDD33A Pin=R121-2
Removed Pin From Net: NetName=VDD33A Pin=R122-1
Removed Pin From Net: NetName=VDD33A Pin=R123-1
Removed Pin From Net: NetName=VDD33A Pin=R124-1
Removed Pin From Net: NetName=VDD33A Pin=R125-1
Removed Pin From Net: NetName=VDDPLL Pin=U23-10
Removed Pin From Net: NetName=VDDCORE Pin=U23-21
Removed Pin From Net: NetName=VDDCORE Pin=U23-50
Removed Pin From Net: NetName=VDD33A Pin=U28-4
Removed Pin From Net: NetName=VDD33A Pin=U28-7
Removed Pin From Net: NetName=VDD33A Pin=U28-9
Removed Pin From Net: NetName=VDD33A Pin=U28-15
Removed Pin From Net: NetName=VDDUSBPLL Pin=U28-17
Add Pin To Net: Unknown Pin: Pin U23-5
Change Net Name : Old Net Name=VDD33A New Net Name=VDD33A_1
Change Net Name : Old Net Name=VDDCORE New Net Name=VDDCORE_2
Change Net Name : Old Net Name=VDDPLL New Net Name=VDDPLL_2
Change Net Name : Old Net Name=VDDUSBPLL New Net Name=VDDUSBPLL_1
Added Pin To Net: NetName=VDD33A_2 Pin=C117-2
Added Pin To Net: NetName=VDD33A_2 Pin=C118-2
Added Pin To Net: NetName=VDD33A_2 Pin=C119-2
Added Pin To Net: NetName=VDD33A_2 Pin=C120-2
Added Pin To Net: NetName=VDD33A_2 Pin=FB8-2
Added Pin To Net: NetName=VDD33A_2 Pin=U28-4
Added Pin To Net: NetName=VDD33A_2 Pin=U28-7
Added Pin To Net: NetName=VDD33A_2 Pin=U28-9
Added Pin To Net: NetName=VDD33A_2 Pin=U28-15
Added Net: Name=VDD33A_2
Added Pin To Net: NetName=VDD33A Pin=R121-2
Added Pin To Net: NetName=VDD33A Pin=R122-1
Added Pin To Net: NetName=VDD33A Pin=R123-1
Added Pin To Net: NetName=VDD33A Pin=R124-1
Added Pin To Net: NetName=VDD33A Pin=R125-1
Added Net: Name=VDD33A
Added Pin To Net: NetName=VDDCORE_1 Pin=C101-2
Added Pin To Net: NetName=VDDCORE_1 Pin=C102-2
Added Pin To Net: NetName=VDDCORE_1 Pin=C103-2
Added Pin To Net: NetName=VDDCORE_1 Pin=C104-2
Added Pin To Net: NetName=VDDCORE_1 Pin=FB3-1
Added Pin To Net: NetName=VDDCORE_1 Pin=FB4-1
Added Pin To Net: NetName=VDDCORE_1 Pin=U23-21
Added Pin To Net: NetName=VDDCORE_1 Pin=U23-50
Added Net: Name=VDDCORE_1
Added Pin To Net: NetName=VDDPLL_1 Pin=C105-2
Added Pin To Net: NetName=VDDPLL_1 Pin=FB3-2
Added Pin To Net: NetName=VDDPLL_1 Pin=U23-10
Added Net: Name=VDDPLL_1
Added Pin To Net: NetName=VDDUSBPLL_2 Pin=C126-2
Added Pin To Net: NetName=VDDUSBPLL_2 Pin=FB7-2
Added Pin To Net: NetName=VDDUSBPLL_2 Pin=U28-17
Added Net: Name=VDDUSBPLL_2
