Replace Part C74 Capacitor in D:\WORKSPACE\compute-module-4-gateway\PCB\CPU_superviser.SchDoc with Capacitor from DB.DbLib
Replace Part C75 Capacitor in D:\WORKSPACE\compute-module-4-gateway\PCB\CPU_superviser.SchDoc with Capacitor from DB.DbLib
Replace Part C76 Capacitor in D:\WORKSPACE\compute-module-4-gateway\PCB\CPU_superviser.SchDoc with Capacitor from DB.DbLib
Replace Part C77 Capacitor in D:\WORKSPACE\compute-module-4-gateway\PCB\CPU_superviser.SchDoc with Capacitor from DB.DbLib
Replace Part C78 Capacitor in D:\WORKSPACE\compute-module-4-gateway\PCB\CPU_superviser.SchDoc with Capacitor from DB.DbLib
Replace Part D7 LED in D:\WORKSPACE\compute-module-4-gateway\PCB\CPU_superviser.SchDoc with LED from DB.DbLib
Replace Part D8 LED in D:\WORKSPACE\compute-module-4-gateway\PCB\CPU_superviser.SchDoc with LED from DB.DbLib
Replace Part D9 LED in D:\WORKSPACE\compute-module-4-gateway\PCB\CPU_superviser.SchDoc with LED from DB.DbLib
Replace Part D10 LED in D:\WORKSPACE\compute-module-4-gateway\PCB\CPU_superviser.SchDoc with LED from DB.DbLib
Replace Part J8 61300611121 in D:\WORKSPACE\compute-module-4-gateway\PCB\CPU_superviser.SchDoc with 61300611121 from DB.DbLib
Replace Part Q1 NX3008NBKS_115 in D:\WORKSPACE\compute-module-4-gateway\PCB\CPU_superviser.SchDoc with NX3008NBKS_115 from DB.DbLib
Replace Part R91 Resistor in D:\WORKSPACE\compute-module-4-gateway\PCB\CPU_superviser.SchDoc with Resistor from DB.DbLib
Replace Part R92 Resistor in D:\WORKSPACE\compute-module-4-gateway\PCB\CPU_superviser.SchDoc with Resistor from DB.DbLib
Replace Part R93 Resistor in D:\WORKSPACE\compute-module-4-gateway\PCB\CPU_superviser.SchDoc with Resistor from DB.DbLib
Replace Part R94 Resistor in D:\WORKSPACE\compute-module-4-gateway\PCB\CPU_superviser.SchDoc with Resistor from DB.DbLib
Replace Part R95 Resistor in D:\WORKSPACE\compute-module-4-gateway\PCB\CPU_superviser.SchDoc with Resistor from DB.DbLib
Replace Part R96 Resistor in D:\WORKSPACE\compute-module-4-gateway\PCB\CPU_superviser.SchDoc with Resistor from DB.DbLib
Replace Part R97 Resistor in D:\WORKSPACE\compute-module-4-gateway\PCB\CPU_superviser.SchDoc with Resistor from DB.DbLib
Replace Part R98 Resistor in D:\WORKSPACE\compute-module-4-gateway\PCB\CPU_superviser.SchDoc with Resistor from DB.DbLib
Replace Part R99 Resistor in D:\WORKSPACE\compute-module-4-gateway\PCB\CPU_superviser.SchDoc with Resistor from DB.DbLib
Replace Part R100 Resistor in D:\WORKSPACE\compute-module-4-gateway\PCB\CPU_superviser.SchDoc with Resistor from DB.DbLib
Replace Part S1 SPST-ON in D:\WORKSPACE\compute-module-4-gateway\PCB\CPU_superviser.SchDoc with SPST-ON from DB.DbLib
Replace Part TP34 TP in D:\WORKSPACE\compute-module-4-gateway\PCB\CPU_superviser.SchDoc with TP from DB.DbLib
Replace Part TP35 TP in D:\WORKSPACE\compute-module-4-gateway\PCB\CPU_superviser.SchDoc with TP from DB.DbLib
Replace Part TP36 TP in D:\WORKSPACE\compute-module-4-gateway\PCB\CPU_superviser.SchDoc with TP from DB.DbLib
Replace Part TP37 TP in D:\WORKSPACE\compute-module-4-gateway\PCB\CPU_superviser.SchDoc with TP from DB.DbLib
Replace Part TP38 TP in D:\WORKSPACE\compute-module-4-gateway\PCB\CPU_superviser.SchDoc with TP from DB.DbLib
Replace Part TP39 TP in D:\WORKSPACE\compute-module-4-gateway\PCB\CPU_superviser.SchDoc with TP from DB.DbLib
Replace Part TP40 TP in D:\WORKSPACE\compute-module-4-gateway\PCB\CPU_superviser.SchDoc with TP from DB.DbLib
Replace Part TP41 TP in D:\WORKSPACE\compute-module-4-gateway\PCB\CPU_superviser.SchDoc with TP from DB.DbLib
Replace Part TP42 TP in D:\WORKSPACE\compute-module-4-gateway\PCB\CPU_superviser.SchDoc with TP from DB.DbLib
Replace Part U19 PIC16F18857 in D:\WORKSPACE\compute-module-4-gateway\PCB\CPU_superviser.SchDoc with PIC16F18857 from DB.DbLib
Replace Part U20 SN74LVC2G07DCKT in D:\WORKSPACE\compute-module-4-gateway\PCB\CPU_superviser.SchDoc with SN74LVC2G07DCKT from DB.DbLib
