Change Component Designator: Old Designator=C1 New Designator=C74
Change Component Designator: Old Designator=C2 New Designator=C75
Change Component Designator: Old Designator=C3 New Designator=C76
Change Component Designator: Old Designator=C4 New Designator=C77
Change Component Designator: Old Designator=J1 New Designator=J8
Change Component Designator: Old Designator=R2 New Designator=R91
Change Component Designator: Old Designator=R3 New Designator=R92
Change Component Designator: Old Designator=R4 New Designator=R93
Change Component Designator: Old Designator=R5 New Designator=R94
Change Component Designator: Old Designator=R6 New Designator=R95
Change Component Designator: Old Designator=TP13 New Designator=TP46
Change Component Designator: Old Designator=TP14 New Designator=TP47
Change Component Designator: Old Designator=TP15 New Designator=TP48
Change Component Designator: Old Designator=TP16 New Designator=TP49
Change Component Designator: Old Designator=TP17 New Designator=TP50
Change Component Designator: Old Designator=TP18 New Designator=TP51
Change Component Designator: Old Designator=TP19 New Designator=TP52
Change Component Designator: Old Designator=TP20 New Designator=TP53
Change Component Designator: Old Designator=TP21 New Designator=TP54
Change Component Designator: Old Designator=U1 New Designator=U24
Change Component Designator: Old Designator=U2 New Designator=U25
