Change Component Designator: Old Designator=C75 New Designator=C74
Change Component Designator: Old Designator=C76 New Designator=C75
Change Component Designator: Old Designator=C77 New Designator=C76
Change Component Designator: Old Designator=C78 New Designator=C77
Change Component Designator: Old Designator=C? New Designator=C78
Change Component Designator: Old Designator=D? New Designator=D7
Change Component Designator: Old Designator=D? New Designator=D8
Change Component Designator: Old Designator=D? New Designator=D9
Change Component Designator: Old Designator=D? New Designator=D10
Change Component Designator: Old Designator=R96 New Designator=R91
Change Component Designator: Old Designator=R97 New Designator=R92
Change Component Designator: Old Designator=R98 New Designator=R93
Change Component Designator: Old Designator=R99 New Designator=R94
Change Component Designator: Old Designator=R100 New Designator=R95
Change Component Designator: Old Designator=R? New Designator=R96
Change Component Designator: Old Designator=R? New Designator=R97
Change Component Designator: Old Designator=R? New Designator=R98
Change Component Designator: Old Designator=R? New Designator=R99
Change Component Designator: Old Designator=R? New Designator=R100
Change Component Designator: Old Designator=S? New Designator=S1
Change Component Designator: Old Designator=U24 New Designator=U19
Change Component Designator: Old Designator=U25 New Designator=U20
