Replace Part C94 Capacitor in D:\WORKSPACE\compute-module-4-gateway\PCB\ETHERNET.SchDoc with Capacitor from DB.DbLib
Replace Part C95 Capacitor in D:\WORKSPACE\compute-module-4-gateway\PCB\ETHERNET.SchDoc with Capacitor from DB.DbLib
Replace Part C96 Capacitor in D:\WORKSPACE\compute-module-4-gateway\PCB\ETHERNET.SchDoc with Capacitor from DB.DbLib
Replace Part C97 Capacitor in D:\WORKSPACE\compute-module-4-gateway\PCB\ETHERNET.SchDoc with Capacitor from DB.DbLib
Replace Part C98 Capacitor in D:\WORKSPACE\compute-module-4-gateway\PCB\ETHERNET.SchDoc with Capacitor from DB.DbLib
Replace Part C99 Capacitor in D:\WORKSPACE\compute-module-4-gateway\PCB\ETHERNET.SchDoc with Capacitor from DB.DbLib
Replace Part C100 Capacitor in D:\WORKSPACE\compute-module-4-gateway\PCB\ETHERNET.SchDoc with Capacitor from DB.DbLib
Replace Part C101 Capacitor in D:\WORKSPACE\compute-module-4-gateway\PCB\ETHERNET.SchDoc with Capacitor from DB.DbLib
Replace Part C102 Capacitor in D:\WORKSPACE\compute-module-4-gateway\PCB\ETHERNET.SchDoc with Capacitor from DB.DbLib
Replace Part C103 Capacitor in D:\WORKSPACE\compute-module-4-gateway\PCB\ETHERNET.SchDoc with Capacitor from DB.DbLib
Replace Part C104 Capacitor in D:\WORKSPACE\compute-module-4-gateway\PCB\ETHERNET.SchDoc with Capacitor from DB.DbLib
Replace Part C105 Capacitor in D:\WORKSPACE\compute-module-4-gateway\PCB\ETHERNET.SchDoc with Capacitor from DB.DbLib
Replace Part C106 Capacitor in D:\WORKSPACE\compute-module-4-gateway\PCB\ETHERNET.SchDoc with Capacitor from DB.DbLib
Replace Part C107 Capacitor in D:\WORKSPACE\compute-module-4-gateway\PCB\ETHERNET.SchDoc with Capacitor from DB.DbLib
Replace Part C108 Capacitor in D:\WORKSPACE\compute-module-4-gateway\PCB\ETHERNET.SchDoc with Capacitor from DB.DbLib
Replace Part C109 Capacitor in D:\WORKSPACE\compute-module-4-gateway\PCB\ETHERNET.SchDoc with Capacitor from DB.DbLib
Replace Part C110 Capacitor in D:\WORKSPACE\compute-module-4-gateway\PCB\ETHERNET.SchDoc with Capacitor from DB.DbLib
Replace Part C111 Capacitor in D:\WORKSPACE\compute-module-4-gateway\PCB\ETHERNET.SchDoc with Capacitor from DB.DbLib
Replace Part C112 Capacitor in D:\WORKSPACE\compute-module-4-gateway\PCB\ETHERNET.SchDoc with Capacitor from DB.DbLib
Replace Part C113 Capacitor in D:\WORKSPACE\compute-module-4-gateway\PCB\ETHERNET.SchDoc with Capacitor from DB.DbLib
Replace Part C114 Capacitor in D:\WORKSPACE\compute-module-4-gateway\PCB\ETHERNET.SchDoc with Capacitor from DB.DbLib
Replace Part C115 Capacitor in D:\WORKSPACE\compute-module-4-gateway\PCB\ETHERNET.SchDoc with Capacitor from DB.DbLib
Replace Part C116 Capacitor in D:\WORKSPACE\compute-module-4-gateway\PCB\ETHERNET.SchDoc with Capacitor from DB.DbLib
Replace Part C117 Capacitor in D:\WORKSPACE\compute-module-4-gateway\PCB\ETHERNET.SchDoc with Capacitor from DB.DbLib
Replace Part C118 Capacitor in D:\WORKSPACE\compute-module-4-gateway\PCB\ETHERNET.SchDoc with Capacitor from DB.DbLib
Replace Part C119 Capacitor in D:\WORKSPACE\compute-module-4-gateway\PCB\ETHERNET.SchDoc with Capacitor from DB.DbLib
Replace Part C120 Capacitor in D:\WORKSPACE\compute-module-4-gateway\PCB\ETHERNET.SchDoc with Capacitor from DB.DbLib
Replace Part C121 Capacitor in D:\WORKSPACE\compute-module-4-gateway\PCB\ETHERNET.SchDoc with Capacitor from DB.DbLib
Replace Part C122 Capacitor in D:\WORKSPACE\compute-module-4-gateway\PCB\ETHERNET.SchDoc with Capacitor from DB.DbLib
Replace Part C123 Capacitor in D:\WORKSPACE\compute-module-4-gateway\PCB\ETHERNET.SchDoc with Capacitor from DB.DbLib
Replace Part C124 Capacitor in D:\WORKSPACE\compute-module-4-gateway\PCB\ETHERNET.SchDoc with Capacitor from DB.DbLib
Replace Part C125 Capacitor in D:\WORKSPACE\compute-module-4-gateway\PCB\ETHERNET.SchDoc with Capacitor from DB.DbLib
Replace Part C126 Capacitor in D:\WORKSPACE\compute-module-4-gateway\PCB\ETHERNET.SchDoc with Capacitor from DB.DbLib
Replace Part C127 Capacitor in D:\WORKSPACE\compute-module-4-gateway\PCB\ETHERNET.SchDoc with Capacitor from DB.DbLib
Replace Part C128 Capacitor in D:\WORKSPACE\compute-module-4-gateway\PCB\ETHERNET.SchDoc with Capacitor from DB.DbLib
Replace Part C129 Capacitor in D:\WORKSPACE\compute-module-4-gateway\PCB\ETHERNET.SchDoc with Capacitor from DB.DbLib
Replace Part C130 Capacitor in D:\WORKSPACE\compute-module-4-gateway\PCB\ETHERNET.SchDoc with Capacitor from DB.DbLib
Replace Part C131 Capacitor in D:\WORKSPACE\compute-module-4-gateway\PCB\ETHERNET.SchDoc with Capacitor from DB.DbLib
Replace Part C132 Capacitor in D:\WORKSPACE\compute-module-4-gateway\PCB\ETHERNET.SchDoc with Capacitor from DB.DbLib
Replace Part FB3 FERRIT in D:\WORKSPACE\compute-module-4-gateway\PCB\ETHERNET.SchDoc with FERRIT from DB.DbLib
Replace Part FB4 FERRIT in D:\WORKSPACE\compute-module-4-gateway\PCB\ETHERNET.SchDoc with FERRIT from DB.DbLib
Replace Part FB5 FERRIT in D:\WORKSPACE\compute-module-4-gateway\PCB\ETHERNET.SchDoc with FERRIT from DB.DbLib
Replace Part FB6 FERRIT in D:\WORKSPACE\compute-module-4-gateway\PCB\ETHERNET.SchDoc with FERRIT from DB.DbLib
Replace Part FB7 FERRIT in D:\WORKSPACE\compute-module-4-gateway\PCB\ETHERNET.SchDoc with FERRIT from DB.DbLib
Replace Part FB8 FERRIT in D:\WORKSPACE\compute-module-4-gateway\PCB\ETHERNET.SchDoc with FERRIT from DB.DbLib
Replace Part J13 WE-RJ45-7499021125 in D:\WORKSPACE\compute-module-4-gateway\PCB\ETHERNET.SchDoc with WE-RJ45-7499021125 from DB.DbLib
Replace Part J14 WE-RJ45-7499111121A in D:\WORKSPACE\compute-module-4-gateway\PCB\ETHERNET.SchDoc with WE-RJ45-7499111121A from DB.DbLib
Replace Part R107 Resistor in D:\WORKSPACE\compute-module-4-gateway\PCB\ETHERNET.SchDoc with Resistor from DB.DbLib
Replace Part R108 Resistor in D:\WORKSPACE\compute-module-4-gateway\PCB\ETHERNET.SchDoc with Resistor from DB.DbLib
Replace Part R109 Resistor in D:\WORKSPACE\compute-module-4-gateway\PCB\ETHERNET.SchDoc with Resistor from DB.DbLib
Replace Part R110 Resistor in D:\WORKSPACE\compute-module-4-gateway\PCB\ETHERNET.SchDoc with Resistor from DB.DbLib
Replace Part R111 Resistor in D:\WORKSPACE\compute-module-4-gateway\PCB\ETHERNET.SchDoc with Resistor from DB.DbLib
Replace Part R112 Resistor in D:\WORKSPACE\compute-module-4-gateway\PCB\ETHERNET.SchDoc with Resistor from DB.DbLib
Replace Part R113 Resistor in D:\WORKSPACE\compute-module-4-gateway\PCB\ETHERNET.SchDoc with Resistor from DB.DbLib
Replace Part R114 Resistor in D:\WORKSPACE\compute-module-4-gateway\PCB\ETHERNET.SchDoc with Resistor from DB.DbLib
Replace Part R115 Resistor in D:\WORKSPACE\compute-module-4-gateway\PCB\ETHERNET.SchDoc with Resistor from DB.DbLib
Replace Part R116 Resistor in D:\WORKSPACE\compute-module-4-gateway\PCB\ETHERNET.SchDoc with Resistor from DB.DbLib
Replace Part R117 Resistor in D:\WORKSPACE\compute-module-4-gateway\PCB\ETHERNET.SchDoc with Resistor from DB.DbLib
Replace Part R118 Resistor in D:\WORKSPACE\compute-module-4-gateway\PCB\ETHERNET.SchDoc with Resistor from DB.DbLib
Replace Part R119 Resistor in D:\WORKSPACE\compute-module-4-gateway\PCB\ETHERNET.SchDoc with Resistor from DB.DbLib
Replace Part R120 Resistor in D:\WORKSPACE\compute-module-4-gateway\PCB\ETHERNET.SchDoc with Resistor from DB.DbLib
Replace Part R121 Resistor in D:\WORKSPACE\compute-module-4-gateway\PCB\ETHERNET.SchDoc with Resistor from DB.DbLib
Replace Part R122 Resistor in D:\WORKSPACE\compute-module-4-gateway\PCB\ETHERNET.SchDoc with Resistor from DB.DbLib
Replace Part R123 Resistor in D:\WORKSPACE\compute-module-4-gateway\PCB\ETHERNET.SchDoc with Resistor from DB.DbLib
Replace Part R124 Resistor in D:\WORKSPACE\compute-module-4-gateway\PCB\ETHERNET.SchDoc with Resistor from DB.DbLib
Replace Part R125 Resistor in D:\WORKSPACE\compute-module-4-gateway\PCB\ETHERNET.SchDoc with Resistor from DB.DbLib
Replace Part R126 Resistor in D:\WORKSPACE\compute-module-4-gateway\PCB\ETHERNET.SchDoc with Resistor from DB.DbLib
Replace Part R127 Resistor in D:\WORKSPACE\compute-module-4-gateway\PCB\ETHERNET.SchDoc with Resistor from DB.DbLib
Replace Part R128 Resistor in D:\WORKSPACE\compute-module-4-gateway\PCB\ETHERNET.SchDoc with Resistor from DB.DbLib
Replace Part R129 Resistor in D:\WORKSPACE\compute-module-4-gateway\PCB\ETHERNET.SchDoc with Resistor from DB.DbLib
Replace Part R130 Resistor in D:\WORKSPACE\compute-module-4-gateway\PCB\ETHERNET.SchDoc with Resistor from DB.DbLib
Replace Part R131 Resistor in D:\WORKSPACE\compute-module-4-gateway\PCB\ETHERNET.SchDoc with Resistor from DB.DbLib
Replace Part R132 Resistor in D:\WORKSPACE\compute-module-4-gateway\PCB\ETHERNET.SchDoc with Resistor from DB.DbLib
Replace Part R133 Resistor in D:\WORKSPACE\compute-module-4-gateway\PCB\ETHERNET.SchDoc with Resistor from DB.DbLib
Replace Part U28 LAN9500 in D:\WORKSPACE\compute-module-4-gateway\PCB\ETHERNET.SchDoc with LAN9500 from DB.DbLib
Replace Part U29 TVS4 in D:\WORKSPACE\compute-module-4-gateway\PCB\ETHERNET.SchDoc with TVS4 from DB.DbLib
Replace Part U30 TVS4 in D:\WORKSPACE\compute-module-4-gateway\PCB\ETHERNET.SchDoc with TVS4 from DB.DbLib
Replace Part U31 TVS4 in D:\WORKSPACE\compute-module-4-gateway\PCB\ETHERNET.SchDoc with TVS4 from DB.DbLib
Replace Part U32 TVS4 in D:\WORKSPACE\compute-module-4-gateway\PCB\ETHERNET.SchDoc with TVS4 from DB.DbLib
Replace Part U33 LAN9500 in D:\WORKSPACE\compute-module-4-gateway\PCB\ETHERNET.SchDoc with LAN9500 from DB.DbLib
Replace Part Y4 DSC1001CE5 in D:\WORKSPACE\compute-module-4-gateway\PCB\ETHERNET.SchDoc with DSC1001CE5 from DB.DbLib
Replace Part Y5 DSC1001CE5 in D:\WORKSPACE\compute-module-4-gateway\PCB\ETHERNET.SchDoc with DSC1001CE5 from DB.DbLib
