Change Component Designator: Old Designator=C95 New Designator=C94
Change Component Designator: Old Designator=C96 New Designator=C95
Change Component Designator: Old Designator=C97 New Designator=C96
Change Component Designator: Old Designator=C98 New Designator=C104
Change Component Designator: Old Designator=C99 New Designator=C105
Change Component Designator: Old Designator=C100 New Designator=C106
Change Component Designator: Old Designator=C101 New Designator=C107
Change Component Designator: Old Designator=C102 New Designator=C108
Change Component Designator: Old Designator=C103 New Designator=C109
Change Component Designator: Old Designator=C104 New Designator=C110
Change Component Designator: Old Designator=C105 New Designator=C111
Change Component Designator: Old Designator=C106 New Designator=C112
Change Component Designator: Old Designator=C107 New Designator=C113
Change Component Designator: Old Designator=C108 New Designator=C98
Change Component Designator: Old Designator=C109 New Designator=C99
Change Component Designator: Old Designator=C110 New Designator=C100
Change Component Designator: Old Designator=C111 New Designator=C101
Change Component Designator: Old Designator=C112 New Designator=C102
Change Component Designator: Old Designator=C113 New Designator=C103
Change Component Designator: Old Designator=C? New Designator=C97
Change Component Designator: Old Designator=J? New Designator=J13
Change Component Designator: Old Designator=J? New Designator=J14
Change Component Designator: Old Designator=R114 New Designator=R107
Change Component Designator: Old Designator=R115 New Designator=R108
Change Component Designator: Old Designator=R116 New Designator=R109
Change Component Designator: Old Designator=R117 New Designator=R110
Change Component Designator: Old Designator=R118 New Designator=R111
Change Component Designator: Old Designator=R119 New Designator=R112
Change Component Designator: Old Designator=R120 New Designator=R113
Change Component Designator: Old Designator=R121 New Designator=R114
Change Component Designator: Old Designator=R122 New Designator=R115
Change Component Designator: Old Designator=R123 New Designator=R116
Change Component Designator: Old Designator=R? New Designator=R117
Change Component Designator: Old Designator=R? New Designator=R118
Change Component Designator: Old Designator=R? New Designator=R119
Change Component Designator: Old Designator=R? New Designator=R120
Change Component Designator: Old Designator=R? New Designator=R121
Change Component Designator: Old Designator=R? New Designator=R122
Change Component Designator: Old Designator=R? New Designator=R123
Change Component Designator: Old Designator=U32 New Designator=U28
Change Component Designator: Old Designator=U? New Designator=U29
Change Component Designator: Old Designator=U? New Designator=U30
Change Component Designator: Old Designator=U? New Designator=U31
Change Component Designator: Old Designator=U? New Designator=U32
