Change Component Designator: Old Designator=C5 New Designator=C92
Change Component Designator: Old Designator=C6 New Designator=C93
Change Component Designator: Old Designator=C7 New Designator=C94
Change Component Designator: Old Designator=D1 New Designator=D11
Change Component Designator: Old Designator=D2 New Designator=D12
Change Component Designator: Old Designator=D3 New Designator=D13
Change Component Designator: Old Designator=D4 New Designator=D14
Change Component Designator: Old Designator=J2 New Designator=J12
Change Component Designator: Old Designator=J3 New Designator=J13
Change Component Designator: Old Designator=J4 New Designator=J14
Change Component Designator: Old Designator=R7 New Designator=R102
Change Component Designator: Old Designator=R8 New Designator=R103
Change Component Designator: Old Designator=R9 New Designator=R104
Change Component Designator: Old Designator=R10 New Designator=R105
Change Component Designator: Old Designator=R11 New Designator=R106
Change Component Designator: Old Designator=R12 New Designator=R107
Change Component Designator: Old Designator=R13 New Designator=R108
Change Component Designator: Old Designator=R14 New Designator=R109
Change Component Designator: Old Designator=R15 New Designator=R110
Change Component Designator: Old Designator=R16 New Designator=R111
Change Component Designator: Old Designator=R17 New Designator=R112
Change Component Designator: Old Designator=R18 New Designator=R113
Change Component Designator: Old Designator=U3 New Designator=U28
Change Component Designator: Old Designator=U4 New Designator=U29
Change Component Designator: Old Designator=U5 New Designator=U30
Change Component Designator: Old Designator=U6 New Designator=U31
