Replace Part C1 Capacitor in D:\WORKSPACE\compute-module-4-gateway\PCB\POWER SUPPLY.SchDoc with Capacitor from DB.DbLib
Replace Part C2 Capacitor in D:\WORKSPACE\compute-module-4-gateway\PCB\POWER SUPPLY.SchDoc with Capacitor from DB.DbLib
Replace Part C3 Capacitor in D:\WORKSPACE\compute-module-4-gateway\PCB\POWER SUPPLY.SchDoc with Capacitor from DB.DbLib
Replace Part C4 Capacitor in D:\WORKSPACE\compute-module-4-gateway\PCB\POWER SUPPLY.SchDoc with Capacitor from DB.DbLib
Replace Part C5 Capacitor in D:\WORKSPACE\compute-module-4-gateway\PCB\POWER SUPPLY.SchDoc with Capacitor from DB.DbLib
Replace Part C6 Capacitor in D:\WORKSPACE\compute-module-4-gateway\PCB\POWER SUPPLY.SchDoc with Capacitor from DB.DbLib
Replace Part C7 Capacitor in D:\WORKSPACE\compute-module-4-gateway\PCB\POWER SUPPLY.SchDoc with Capacitor from DB.DbLib
Replace Part C8 Capacitor in D:\WORKSPACE\compute-module-4-gateway\PCB\POWER SUPPLY.SchDoc with Capacitor from DB.DbLib
Replace Part C9 Capacitor in D:\WORKSPACE\compute-module-4-gateway\PCB\POWER SUPPLY.SchDoc with Capacitor from DB.DbLib
Replace Part C10 Capacitor in D:\WORKSPACE\compute-module-4-gateway\PCB\POWER SUPPLY.SchDoc with Capacitor from DB.DbLib
Replace Part C11 Capacitor in D:\WORKSPACE\compute-module-4-gateway\PCB\POWER SUPPLY.SchDoc with Capacitor from DB.DbLib
Replace Part C12 Capacitor in D:\WORKSPACE\compute-module-4-gateway\PCB\POWER SUPPLY.SchDoc with Capacitor from DB.DbLib
Replace Part C13 Capacitor in D:\WORKSPACE\compute-module-4-gateway\PCB\POWER SUPPLY.SchDoc with Capacitor from DB.DbLib
Replace Part C14 Capacitor in D:\WORKSPACE\compute-module-4-gateway\PCB\POWER SUPPLY.SchDoc with Capacitor from DB.DbLib
Replace Part C15 Capacitor in D:\WORKSPACE\compute-module-4-gateway\PCB\POWER SUPPLY.SchDoc with Capacitor from DB.DbLib
Replace Part C16 Capacitor in D:\WORKSPACE\compute-module-4-gateway\PCB\POWER SUPPLY.SchDoc with Capacitor from DB.DbLib
Replace Part C17 Capacitor in D:\WORKSPACE\compute-module-4-gateway\PCB\POWER SUPPLY.SchDoc with Capacitor from DB.DbLib
Replace Part C18 Capacitor in D:\WORKSPACE\compute-module-4-gateway\PCB\POWER SUPPLY.SchDoc with Capacitor from DB.DbLib
Replace Part D1 TVSBI in D:\WORKSPACE\compute-module-4-gateway\PCB\POWER SUPPLY.SchDoc with TVSBI from DB.DbLib
Replace Part F1 Fuse in D:\WORKSPACE\compute-module-4-gateway\PCB\POWER SUPPLY.SchDoc with Fuse from DB.DbLib
Replace Part J1 HDRX2RIGHT in D:\WORKSPACE\compute-module-4-gateway\PCB\POWER SUPPLY.SchDoc with HDRX2RIGHT from DB.DbLib
Replace Part L1 Inductor in D:\WORKSPACE\compute-module-4-gateway\PCB\POWER SUPPLY.SchDoc with Inductor from DB.DbLib
Replace Part L2 Inductor in D:\WORKSPACE\compute-module-4-gateway\PCB\POWER SUPPLY.SchDoc with Inductor from DB.DbLib
Replace Part R2 Resistor in D:\WORKSPACE\compute-module-4-gateway\PCB\POWER SUPPLY.SchDoc with Resistor from DB.DbLib
Replace Part R4 Resistor in D:\WORKSPACE\compute-module-4-gateway\PCB\POWER SUPPLY.SchDoc with Resistor from DB.DbLib
Replace Part R5 Resistor in D:\WORKSPACE\compute-module-4-gateway\PCB\POWER SUPPLY.SchDoc with Resistor from DB.DbLib
Replace Part R7 Resistor in D:\WORKSPACE\compute-module-4-gateway\PCB\POWER SUPPLY.SchDoc with Resistor from DB.DbLib
Replace Part R8 Resistor in D:\WORKSPACE\compute-module-4-gateway\PCB\POWER SUPPLY.SchDoc with Resistor from DB.DbLib
Replace Part R9 Resistor in D:\WORKSPACE\compute-module-4-gateway\PCB\POWER SUPPLY.SchDoc with Resistor from DB.DbLib
Replace Part R10 Resistor in D:\WORKSPACE\compute-module-4-gateway\PCB\POWER SUPPLY.SchDoc with Resistor from DB.DbLib
Replace Part R11 Resistor in D:\WORKSPACE\compute-module-4-gateway\PCB\POWER SUPPLY.SchDoc with Resistor from DB.DbLib
Replace Part R13 Resistor in D:\WORKSPACE\compute-module-4-gateway\PCB\POWER SUPPLY.SchDoc with Resistor from DB.DbLib
Replace Part R15 Resistor in D:\WORKSPACE\compute-module-4-gateway\PCB\POWER SUPPLY.SchDoc with Resistor from DB.DbLib
Replace Part R16 Resistor in D:\WORKSPACE\compute-module-4-gateway\PCB\POWER SUPPLY.SchDoc with Resistor from DB.DbLib
Replace Part R17 Resistor in D:\WORKSPACE\compute-module-4-gateway\PCB\POWER SUPPLY.SchDoc with Resistor from DB.DbLib
Replace Part R18 Resistor in D:\WORKSPACE\compute-module-4-gateway\PCB\POWER SUPPLY.SchDoc with Resistor from DB.DbLib
Replace Part TP65 TP in D:\WORKSPACE\compute-module-4-gateway\PCB\POWER SUPPLY.SchDoc with TP from DB.DbLib
Replace Part TP66 TP in D:\WORKSPACE\compute-module-4-gateway\PCB\POWER SUPPLY.SchDoc with TP from DB.DbLib
Replace Part TP67 TP in D:\WORKSPACE\compute-module-4-gateway\PCB\POWER SUPPLY.SchDoc with TP from DB.DbLib
Replace Part TP68 TP in D:\WORKSPACE\compute-module-4-gateway\PCB\POWER SUPPLY.SchDoc with TP from DB.DbLib
Replace Part TP69 TP in D:\WORKSPACE\compute-module-4-gateway\PCB\POWER SUPPLY.SchDoc with TP from DB.DbLib
Replace Part U1 LMR33640DDDAR in D:\WORKSPACE\compute-module-4-gateway\PCB\POWER SUPPLY.SchDoc with LMR33640DDDAR from DB.DbLib
Replace Part U2 LMR33640DDDAR in D:\WORKSPACE\compute-module-4-gateway\PCB\POWER SUPPLY.SchDoc with LMR33640DDDAR from DB.DbLib
Replace Part U3 TLV1117 in D:\WORKSPACE\compute-module-4-gateway\PCB\POWER SUPPLY.SchDoc with TLV1117 from DB.DbLib
Replace Part U29 DF10M in D:\WORKSPACE\compute-module-4-gateway\PCB\POWER SUPPLY.SchDoc with DF10M from DB.DbLib
