Change Component Designator: Old Designator=C26 New Designator=C19
Change Component Designator: Old Designator=C27 New Designator=C20
Change Component Designator: Old Designator=C28 New Designator=C21
Change Component Designator: Old Designator=C29 New Designator=C22
Change Component Designator: Old Designator=C30 New Designator=C23
Change Component Designator: Old Designator=C31 New Designator=C24
Change Component Designator: Old Designator=C32 New Designator=C25
Change Component Designator: Old Designator=C33 New Designator=C26
Change Component Designator: Old Designator=C34 New Designator=C27
Change Component Designator: Old Designator=C35 New Designator=C28
Change Component Designator: Old Designator=C36 New Designator=C29
Change Component Designator: Old Designator=C37 New Designator=C30
Change Component Designator: Old Designator=C38 New Designator=C31
Change Component Designator: Old Designator=C39 New Designator=C32
Change Component Designator: Old Designator=D6 New Designator=D2
Change Component Designator: Old Designator=J6 New Designator=J2
Change Component Designator: Old Designator=R36 New Designator=R19
Change Component Designator: Old Designator=R37 New Designator=R20
Change Component Designator: Old Designator=R38 New Designator=R25
Change Component Designator: Old Designator=R39 New Designator=R26
Change Component Designator: Old Designator=R40 New Designator=R22
Change Component Designator: Old Designator=R41 New Designator=R23
Change Component Designator: Old Designator=R42 New Designator=R24
Change Component Designator: Old Designator=R43 New Designator=R29
Change Component Designator: Old Designator=R44 New Designator=R30
Change Component Designator: Old Designator=R45 New Designator=R31
Change Component Designator: Old Designator=R46 New Designator=R21
Change Component Designator: Old Designator=R47 New Designator=R27
Change Component Designator: Old Designator=R48 New Designator=R28
Change Component Designator: Old Designator=TP22 New Designator=TP18
Change Component Designator: Old Designator=TP23 New Designator=TP19
Change Component Designator: Old Designator=TP24 New Designator=TP21
Change Component Designator: Old Designator=TP25 New Designator=TP22
Change Component Designator: Old Designator=TP28 New Designator=TP17
Change Component Designator: Old Designator=TP29 New Designator=TP20
Change Component Designator: Old Designator=TP30 New Designator=TP23
Change Component Designator: Old Designator=TP31 New Designator=TP13
Change Component Designator: Old Designator=TP32 New Designator=TP14
Change Component Designator: Old Designator=TP33 New Designator=TP15
Change Component Designator: Old Designator=TP34 New Designator=TP16
Change Component Designator: Old Designator=TP35 New Designator=TP24
Change Component Designator: Old Designator=TP36 New Designator=TP25
Change Component Designator: Old Designator=TP37 New Designator=TP28
Change Component Designator: Old Designator=U10 New Designator=U6
Change Component Designator: Old Designator=U11 New Designator=U8
Change Component Designator: Old Designator=U12 New Designator=U9
Change Component Designator: Old Designator=U13 New Designator=U4
Change Component Designator: Old Designator=U13 New Designator=U4
Change Component Designator: Old Designator=U13 New Designator=U4
Change Component Designator: Old Designator=U13 New Designator=U4
Change Component Designator: Old Designator=U13 New Designator=U4
Change Component Designator: Old Designator=U13 New Designator=U4
Change Component Designator: Old Designator=U13 New Designator=U4
Change Component Designator: Old Designator=U13 New Designator=U4
Change Component Designator: Old Designator=U13 New Designator=U4
Change Component Designator: Old Designator=U13 New Designator=U4
Change Component Designator: Old Designator=U13 New Designator=U4
Change Component Designator: Old Designator=U13 New Designator=U4
Change Component Designator: Old Designator=U14 New Designator=U7
Change Component Designator: Old Designator=U15 New Designator=U5
Change Component Designator: Old Designator=U16 New Designator=U12
Change Component Designator: Old Designator=U17 New Designator=U4
Change Component Designator: Old Designator=U17 New Designator=U4
Change Component Designator: Old Designator=U18 New Designator=U10
Change Component Designator: Old Designator=U19 New Designator=U11
