Replace Part C19 Capacitor in D:\WORKSPACE\compute-module-4-gateway\PCB\RPI.SchDoc with Capacitor from DB.DbLib
Replace Part C20 Capacitor in D:\WORKSPACE\compute-module-4-gateway\PCB\RPI.SchDoc with Capacitor from DB.DbLib
Replace Part C21 Capacitor in D:\WORKSPACE\compute-module-4-gateway\PCB\RPI.SchDoc with Capacitor from DB.DbLib
Replace Part C22 Capacitor in D:\WORKSPACE\compute-module-4-gateway\PCB\RPI.SchDoc with Capacitor from DB.DbLib
Replace Part C23 Capacitor in D:\WORKSPACE\compute-module-4-gateway\PCB\RPI.SchDoc with Capacitor from DB.DbLib
Replace Part C24 Capacitor in D:\WORKSPACE\compute-module-4-gateway\PCB\RPI.SchDoc with Capacitor from DB.DbLib
Replace Part C25 Capacitor in D:\WORKSPACE\compute-module-4-gateway\PCB\RPI.SchDoc with Capacitor from DB.DbLib
Replace Part C26 Capacitor in D:\WORKSPACE\compute-module-4-gateway\PCB\RPI.SchDoc with Capacitor from DB.DbLib
Replace Part C27 Capacitor in D:\WORKSPACE\compute-module-4-gateway\PCB\RPI.SchDoc with Capacitor from DB.DbLib
Replace Part C28 Capacitor in D:\WORKSPACE\compute-module-4-gateway\PCB\RPI.SchDoc with Capacitor from DB.DbLib
Replace Part C29 Capacitor in D:\WORKSPACE\compute-module-4-gateway\PCB\RPI.SchDoc with Capacitor from DB.DbLib
Replace Part C30 Capacitor in D:\WORKSPACE\compute-module-4-gateway\PCB\RPI.SchDoc with Capacitor from DB.DbLib
Replace Part C31 Capacitor in D:\WORKSPACE\compute-module-4-gateway\PCB\RPI.SchDoc with Capacitor from DB.DbLib
Replace Part C32 Capacitor in D:\WORKSPACE\compute-module-4-gateway\PCB\RPI.SchDoc with Capacitor from DB.DbLib
Replace Part J2 61900311121 in D:\WORKSPACE\compute-module-4-gateway\PCB\RPI.SchDoc with 61900311121 from DB.DbLib
Replace Part R19 Resistor in D:\WORKSPACE\compute-module-4-gateway\PCB\RPI.SchDoc with Resistor from DB.DbLib
Replace Part R20 Resistor in D:\WORKSPACE\compute-module-4-gateway\PCB\RPI.SchDoc with Resistor from DB.DbLib
Replace Part R21 Resistor in D:\WORKSPACE\compute-module-4-gateway\PCB\RPI.SchDoc with Resistor from DB.DbLib
Replace Part R23 Resistor in D:\WORKSPACE\compute-module-4-gateway\PCB\RPI.SchDoc with Resistor from DB.DbLib
Replace Part R24 Resistor in D:\WORKSPACE\compute-module-4-gateway\PCB\RPI.SchDoc with Resistor from DB.DbLib
Replace Part R25 Resistor in D:\WORKSPACE\compute-module-4-gateway\PCB\RPI.SchDoc with Resistor from DB.DbLib
Replace Part R26 Resistor in D:\WORKSPACE\compute-module-4-gateway\PCB\RPI.SchDoc with Resistor from DB.DbLib
Replace Part R27 Resistor in D:\WORKSPACE\compute-module-4-gateway\PCB\RPI.SchDoc with Resistor from DB.DbLib
Replace Part R28 Resistor in D:\WORKSPACE\compute-module-4-gateway\PCB\RPI.SchDoc with Resistor from DB.DbLib
Replace Part R29 Resistor in D:\WORKSPACE\compute-module-4-gateway\PCB\RPI.SchDoc with Resistor from DB.DbLib
Replace Part R30 Resistor in D:\WORKSPACE\compute-module-4-gateway\PCB\RPI.SchDoc with Resistor from DB.DbLib
Replace Part TP1 TP in D:\WORKSPACE\compute-module-4-gateway\PCB\RPI.SchDoc with TP from DB.DbLib
Replace Part TP2 TP in D:\WORKSPACE\compute-module-4-gateway\PCB\RPI.SchDoc with TP from DB.DbLib
Replace Part TP3 TP in D:\WORKSPACE\compute-module-4-gateway\PCB\RPI.SchDoc with TP from DB.DbLib
Replace Part TP4 TP in D:\WORKSPACE\compute-module-4-gateway\PCB\RPI.SchDoc with TP from DB.DbLib
Replace Part TP5 TP in D:\WORKSPACE\compute-module-4-gateway\PCB\RPI.SchDoc with TP from DB.DbLib
Replace Part TP6 TP in D:\WORKSPACE\compute-module-4-gateway\PCB\RPI.SchDoc with TP from DB.DbLib
Replace Part TP7 TP in D:\WORKSPACE\compute-module-4-gateway\PCB\RPI.SchDoc with TP from DB.DbLib
Replace Part TP8 TP in D:\WORKSPACE\compute-module-4-gateway\PCB\RPI.SchDoc with TP from DB.DbLib
Replace Part TP9 TP in D:\WORKSPACE\compute-module-4-gateway\PCB\RPI.SchDoc with TP from DB.DbLib
Replace Part TP10 TP in D:\WORKSPACE\compute-module-4-gateway\PCB\RPI.SchDoc with TP from DB.DbLib
Replace Part TP11 TP in D:\WORKSPACE\compute-module-4-gateway\PCB\RPI.SchDoc with TP from DB.DbLib
Replace Part TP12 TP in D:\WORKSPACE\compute-module-4-gateway\PCB\RPI.SchDoc with TP from DB.DbLib
Replace Part TP13 TP in D:\WORKSPACE\compute-module-4-gateway\PCB\RPI.SchDoc with TP from DB.DbLib
Replace Part TP14 TP in D:\WORKSPACE\compute-module-4-gateway\PCB\RPI.SchDoc with TP from DB.DbLib
Replace Part TP15 TP in D:\WORKSPACE\compute-module-4-gateway\PCB\RPI.SchDoc with TP from DB.DbLib
Replace Part TP16 TP in D:\WORKSPACE\compute-module-4-gateway\PCB\RPI.SchDoc with TP from DB.DbLib
Replace Part U4 CM4 in D:\WORKSPACE\compute-module-4-gateway\PCB\RPI.SchDoc with CM4 from DB.DbLib
Replace Part U4 CM4 in D:\WORKSPACE\compute-module-4-gateway\PCB\RPI.SchDoc with CM4 from DB.DbLib
Replace Part U4 CM4 in D:\WORKSPACE\compute-module-4-gateway\PCB\RPI.SchDoc with CM4 from DB.DbLib
Replace Part U4 CM4 in D:\WORKSPACE\compute-module-4-gateway\PCB\RPI.SchDoc with CM4 from DB.DbLib
Replace Part U4 CM4 in D:\WORKSPACE\compute-module-4-gateway\PCB\RPI.SchDoc with CM4 from DB.DbLib
Replace Part U4 CM4 in D:\WORKSPACE\compute-module-4-gateway\PCB\RPI.SchDoc with CM4 from DB.DbLib
Replace Part U4 CM4 in D:\WORKSPACE\compute-module-4-gateway\PCB\RPI.SchDoc with CM4 from DB.DbLib
Replace Part U4 CM4 in D:\WORKSPACE\compute-module-4-gateway\PCB\RPI.SchDoc with CM4 from DB.DbLib
Replace Part U4 CM4 in D:\WORKSPACE\compute-module-4-gateway\PCB\RPI.SchDoc with CM4 from DB.DbLib
Replace Part U4 CM4 in D:\WORKSPACE\compute-module-4-gateway\PCB\RPI.SchDoc with CM4 from DB.DbLib
Replace Part U4 CM4 in D:\WORKSPACE\compute-module-4-gateway\PCB\RPI.SchDoc with CM4 from DB.DbLib
Replace Part U4 CM4 in D:\WORKSPACE\compute-module-4-gateway\PCB\RPI.SchDoc with CM4 from DB.DbLib
Replace Part U4 CM4 in D:\WORKSPACE\compute-module-4-gateway\PCB\RPI.SchDoc with CM4 from DB.DbLib
Replace Part U4 CM4 in D:\WORKSPACE\compute-module-4-gateway\PCB\RPI.SchDoc with CM4 from DB.DbLib
Replace Part U4 CM4 in D:\WORKSPACE\compute-module-4-gateway\PCB\RPI.SchDoc with CM4 from DB.DbLib
Replace Part U4 CM4 in D:\WORKSPACE\compute-module-4-gateway\PCB\RPI.SchDoc with CM4 from DB.DbLib
Replace Part U4 CM4 in D:\WORKSPACE\compute-module-4-gateway\PCB\RPI.SchDoc with CM4 from DB.DbLib
Replace Part U4 CM4 in D:\WORKSPACE\compute-module-4-gateway\PCB\RPI.SchDoc with CM4 from DB.DbLib
Replace Part U4 CM4 in D:\WORKSPACE\compute-module-4-gateway\PCB\RPI.SchDoc with CM4 from DB.DbLib
Replace Part U5 SN74LVC2G07DCKT in D:\WORKSPACE\compute-module-4-gateway\PCB\RPI.SchDoc with SN74LVC2G07DCKT from DB.DbLib
Replace Part U6 SN74LVC2G07DCKT in D:\WORKSPACE\compute-module-4-gateway\PCB\RPI.SchDoc with SN74LVC2G07DCKT from DB.DbLib
Replace Part U7 SN74LVC2G07DCKT in D:\WORKSPACE\compute-module-4-gateway\PCB\RPI.SchDoc with SN74LVC2G07DCKT from DB.DbLib
