Replace Part C33 Capacitor in D:\WORKSPACE\compute-module-4-gateway\PCB\RS-485.SchDoc with Capacitor from DB.DbLib
Replace Part C34 Capacitor in D:\WORKSPACE\compute-module-4-gateway\PCB\RS-485.SchDoc with Capacitor from DB.DbLib
Replace Part C35 Capacitor in D:\WORKSPACE\compute-module-4-gateway\PCB\RS-485.SchDoc with Capacitor from DB.DbLib
Replace Part C36 Capacitor in D:\WORKSPACE\compute-module-4-gateway\PCB\RS-485.SchDoc with Capacitor from DB.DbLib
Replace Part C37 Capacitor in D:\WORKSPACE\compute-module-4-gateway\PCB\RS-485.SchDoc with Capacitor from DB.DbLib
Replace Part C38 Capacitor in D:\WORKSPACE\compute-module-4-gateway\PCB\RS-485.SchDoc with Capacitor from DB.DbLib
Replace Part C39 Capacitor in D:\WORKSPACE\compute-module-4-gateway\PCB\RS-485.SchDoc with Capacitor from DB.DbLib
Replace Part C40 Capacitor in D:\WORKSPACE\compute-module-4-gateway\PCB\RS-485.SchDoc with Capacitor from DB.DbLib
Replace Part C41 Capacitor in D:\WORKSPACE\compute-module-4-gateway\PCB\RS-485.SchDoc with Capacitor from DB.DbLib
Replace Part C42 Capacitor in D:\WORKSPACE\compute-module-4-gateway\PCB\RS-485.SchDoc with Capacitor from DB.DbLib
Replace Part C43 Capacitor in D:\WORKSPACE\compute-module-4-gateway\PCB\RS-485.SchDoc with Capacitor from DB.DbLib
Replace Part C44 Capacitor in D:\WORKSPACE\compute-module-4-gateway\PCB\RS-485.SchDoc with Capacitor from DB.DbLib
Replace Part C45 Capacitor in D:\WORKSPACE\compute-module-4-gateway\PCB\RS-485.SchDoc with Capacitor from DB.DbLib
Replace Part C46 Capacitor in D:\WORKSPACE\compute-module-4-gateway\PCB\RS-485.SchDoc with Capacitor from DB.DbLib
Replace Part C47 Capacitor in D:\WORKSPACE\compute-module-4-gateway\PCB\RS-485.SchDoc with Capacitor from DB.DbLib
Replace Part C48 Capacitor in D:\WORKSPACE\compute-module-4-gateway\PCB\RS-485.SchDoc with Capacitor from DB.DbLib
Replace Part C49 Capacitor in D:\WORKSPACE\compute-module-4-gateway\PCB\RS-485.SchDoc with Capacitor from DB.DbLib
Replace Part C50 Capacitor in D:\WORKSPACE\compute-module-4-gateway\PCB\RS-485.SchDoc with Capacitor from DB.DbLib
Replace Part D3 TVSBI in D:\WORKSPACE\compute-module-4-gateway\PCB\RS-485.SchDoc with TVSBI from DB.DbLib
Replace Part D4 TVSBI in D:\WORKSPACE\compute-module-4-gateway\PCB\RS-485.SchDoc with TVSBI from DB.DbLib
Replace Part D5 TVSBI in D:\WORKSPACE\compute-module-4-gateway\PCB\RS-485.SchDoc with TVSBI from DB.DbLib
Replace Part D6 TVSBI in D:\WORKSPACE\compute-module-4-gateway\PCB\RS-485.SchDoc with TVSBI from DB.DbLib
Replace Part FB1 FERRIT in D:\WORKSPACE\compute-module-4-gateway\PCB\RS-485.SchDoc with FERRIT from DB.DbLib
Replace Part FB2 FERRIT in D:\WORKSPACE\compute-module-4-gateway\PCB\RS-485.SchDoc with FERRIT from DB.DbLib
Replace Part J3 691322310003 in D:\WORKSPACE\compute-module-4-gateway\PCB\RS-485.SchDoc with 691322310003 from DB.DbLib
Replace Part J4 691322310003 in D:\WORKSPACE\compute-module-4-gateway\PCB\RS-485.SchDoc with 691322310003 from DB.DbLib
Replace Part L3 Inductor in D:\WORKSPACE\compute-module-4-gateway\PCB\RS-485.SchDoc with Inductor from DB.DbLib
Replace Part L4 Inductor in D:\WORKSPACE\compute-module-4-gateway\PCB\RS-485.SchDoc with Inductor from DB.DbLib
Replace Part L5 Inductor in D:\WORKSPACE\compute-module-4-gateway\PCB\RS-485.SchDoc with Inductor from DB.DbLib
Replace Part L6 Inductor in D:\WORKSPACE\compute-module-4-gateway\PCB\RS-485.SchDoc with Inductor from DB.DbLib
Replace Part L7 Inductor in D:\WORKSPACE\compute-module-4-gateway\PCB\RS-485.SchDoc with Inductor from DB.DbLib
Replace Part L8 Inductor in D:\WORKSPACE\compute-module-4-gateway\PCB\RS-485.SchDoc with Inductor from DB.DbLib
Replace Part R32 Resistor in D:\WORKSPACE\compute-module-4-gateway\PCB\RS-485.SchDoc with Resistor from DB.DbLib
Replace Part R33 Resistor in D:\WORKSPACE\compute-module-4-gateway\PCB\RS-485.SchDoc with Resistor from DB.DbLib
Replace Part R34 Resistor in D:\WORKSPACE\compute-module-4-gateway\PCB\RS-485.SchDoc with Resistor from DB.DbLib
Replace Part R35 Resistor in D:\WORKSPACE\compute-module-4-gateway\PCB\RS-485.SchDoc with Resistor from DB.DbLib
Replace Part R36 Resistor in D:\WORKSPACE\compute-module-4-gateway\PCB\RS-485.SchDoc with Resistor from DB.DbLib
Replace Part R37 Resistor in D:\WORKSPACE\compute-module-4-gateway\PCB\RS-485.SchDoc with Resistor from DB.DbLib
Replace Part R38 Resistor in D:\WORKSPACE\compute-module-4-gateway\PCB\RS-485.SchDoc with Resistor from DB.DbLib
Replace Part R39 Resistor in D:\WORKSPACE\compute-module-4-gateway\PCB\RS-485.SchDoc with Resistor from DB.DbLib
Replace Part R40 Resistor in D:\WORKSPACE\compute-module-4-gateway\PCB\RS-485.SchDoc with Resistor from DB.DbLib
Replace Part R41 Resistor in D:\WORKSPACE\compute-module-4-gateway\PCB\RS-485.SchDoc with Resistor from DB.DbLib
Replace Part R42 Resistor in D:\WORKSPACE\compute-module-4-gateway\PCB\RS-485.SchDoc with Resistor from DB.DbLib
Replace Part R43 Resistor in D:\WORKSPACE\compute-module-4-gateway\PCB\RS-485.SchDoc with Resistor from DB.DbLib
Replace Part R44 Resistor in D:\WORKSPACE\compute-module-4-gateway\PCB\RS-485.SchDoc with Resistor from DB.DbLib
Replace Part R45 Resistor in D:\WORKSPACE\compute-module-4-gateway\PCB\RS-485.SchDoc with Resistor from DB.DbLib
Replace Part R46 Resistor in D:\WORKSPACE\compute-module-4-gateway\PCB\RS-485.SchDoc with Resistor from DB.DbLib
Replace Part R47 Resistor in D:\WORKSPACE\compute-module-4-gateway\PCB\RS-485.SchDoc with Resistor from DB.DbLib
Replace Part R48 Resistor in D:\WORKSPACE\compute-module-4-gateway\PCB\RS-485.SchDoc with Resistor from DB.DbLib
Replace Part R49 Resistor in D:\WORKSPACE\compute-module-4-gateway\PCB\RS-485.SchDoc with Resistor from DB.DbLib
Replace Part R50 Resistor in D:\WORKSPACE\compute-module-4-gateway\PCB\RS-485.SchDoc with Resistor from DB.DbLib
Replace Part TP17 TP in D:\WORKSPACE\compute-module-4-gateway\PCB\RS-485.SchDoc with TP from DB.DbLib
Replace Part TP18 TP in D:\WORKSPACE\compute-module-4-gateway\PCB\RS-485.SchDoc with TP from DB.DbLib
Replace Part TP19 TP in D:\WORKSPACE\compute-module-4-gateway\PCB\RS-485.SchDoc with TP from DB.DbLib
Replace Part TP20 TP in D:\WORKSPACE\compute-module-4-gateway\PCB\RS-485.SchDoc with TP from DB.DbLib
Replace Part TP21 TP in D:\WORKSPACE\compute-module-4-gateway\PCB\RS-485.SchDoc with TP from DB.DbLib
Replace Part TP22 TP in D:\WORKSPACE\compute-module-4-gateway\PCB\RS-485.SchDoc with TP from DB.DbLib
Replace Part TP23 TP in D:\WORKSPACE\compute-module-4-gateway\PCB\RS-485.SchDoc with TP from DB.DbLib
Replace Part TP24 TP in D:\WORKSPACE\compute-module-4-gateway\PCB\RS-485.SchDoc with TP from DB.DbLib
Replace Part U8 93C46B-I/SN in D:\WORKSPACE\compute-module-4-gateway\PCB\RS-485.SchDoc with 93C46B-I/SN from DB.DbLib
Replace Part U9 FT2232H in D:\WORKSPACE\compute-module-4-gateway\PCB\RS-485.SchDoc with FT2232H from DB.DbLib
Replace Part U10 SN75176ADR in D:\WORKSPACE\compute-module-4-gateway\PCB\RS-485.SchDoc with SN75176ADR from DB.DbLib
Replace Part U11 SN75176ADR in D:\WORKSPACE\compute-module-4-gateway\PCB\RS-485.SchDoc with SN75176ADR from DB.DbLib
Replace Part Y1 XTAL in D:\WORKSPACE\compute-module-4-gateway\PCB\RS-485.SchDoc with XTAL from DB.DbLib
