Change Component Designator: Old Designator=C40 New Designator=C51
Change Component Designator: Old Designator=C41 New Designator=C52
Change Component Designator: Old Designator=C42 New Designator=C53
Change Component Designator: Old Designator=C43 New Designator=C54
Change Component Designator: Old Designator=C44 New Designator=C55
Change Component Designator: Old Designator=C45 New Designator=C56
Change Component Designator: Old Designator=C46 New Designator=C57
Change Component Designator: Old Designator=C47 New Designator=C58
Change Component Designator: Old Designator=C48 New Designator=C59
Change Component Designator: Old Designator=C49 New Designator=C60
Change Component Designator: Old Designator=C50 New Designator=C61
Change Component Designator: Old Designator=J7 New Designator=J5
Change Component Designator: Old Designator=J8 New Designator=J6
Change Component Designator: Old Designator=J9 New Designator=J7
Change Component Designator: Old Designator=R49 New Designator=R51
Change Component Designator: Old Designator=R50 New Designator=R52
Change Component Designator: Old Designator=R51 New Designator=R53
Change Component Designator: Old Designator=R52 New Designator=R54
Change Component Designator: Old Designator=R53 New Designator=R55
Change Component Designator: Old Designator=R54 New Designator=R56
Change Component Designator: Old Designator=R55 New Designator=R57
Change Component Designator: Old Designator=R56 New Designator=R58
Change Component Designator: Old Designator=R57 New Designator=R59
Change Component Designator: Old Designator=R58 New Designator=R60
Change Component Designator: Old Designator=R59 New Designator=R61
Change Component Designator: Old Designator=R60 New Designator=R62
Change Component Designator: Old Designator=R61 New Designator=R63
Change Component Designator: Old Designator=R62 New Designator=R64
Change Component Designator: Old Designator=R63 New Designator=R65
Change Component Designator: Old Designator=R64 New Designator=R66
Change Component Designator: Old Designator=R65 New Designator=R67
Change Component Designator: Old Designator=R66 New Designator=R68
Change Component Designator: Old Designator=R67 New Designator=R69
Change Component Designator: Old Designator=TP38 New Designator=TP37
Change Component Designator: Old Designator=TP39 New Designator=TP38
Change Component Designator: Old Designator=TP40 New Designator=TP39
Change Component Designator: Old Designator=TP41 New Designator=TP40
Change Component Designator: Old Designator=TP42 New Designator=TP41
Change Component Designator: Old Designator=TP43 New Designator=TP42
Change Component Designator: Old Designator=U20 New Designator=U17
Change Component Designator: Old Designator=U21 New Designator=U18
Change Component Designator: Old Designator=U22 New Designator=U19
Change Component Designator: Old Designator=U23 New Designator=U20
Change Component Designator: Old Designator=U24 New Designator=U21
