Replace Part C51 Capacitor in D:\WORKSPACE\compute-module-4-gateway\PCB\SD-CARD.SchDoc with Capacitor from DB.DbLib
Replace Part C52 Capacitor in D:\WORKSPACE\compute-module-4-gateway\PCB\SD-CARD.SchDoc with Capacitor from DB.DbLib
Replace Part C53 Capacitor in D:\WORKSPACE\compute-module-4-gateway\PCB\SD-CARD.SchDoc with Capacitor from DB.DbLib
Replace Part C54 Capacitor in D:\WORKSPACE\compute-module-4-gateway\PCB\SD-CARD.SchDoc with Capacitor from DB.DbLib
Replace Part C55 Capacitor in D:\WORKSPACE\compute-module-4-gateway\PCB\SD-CARD.SchDoc with Capacitor from DB.DbLib
Replace Part C56 Capacitor in D:\WORKSPACE\compute-module-4-gateway\PCB\SD-CARD.SchDoc with Capacitor from DB.DbLib
Replace Part C57 Capacitor in D:\WORKSPACE\compute-module-4-gateway\PCB\SD-CARD.SchDoc with Capacitor from DB.DbLib
Replace Part C58 Capacitor in D:\WORKSPACE\compute-module-4-gateway\PCB\SD-CARD.SchDoc with Capacitor from DB.DbLib
Replace Part C59 Capacitor in D:\WORKSPACE\compute-module-4-gateway\PCB\SD-CARD.SchDoc with Capacitor from DB.DbLib
Replace Part C60 Capacitor in D:\WORKSPACE\compute-module-4-gateway\PCB\SD-CARD.SchDoc with Capacitor from DB.DbLib
Replace Part C61 Capacitor in D:\WORKSPACE\compute-module-4-gateway\PCB\SD-CARD.SchDoc with Capacitor from DB.DbLib
Replace Part J5 MOLEX-SD-47219 in D:\WORKSPACE\compute-module-4-gateway\PCB\SD-CARD.SchDoc with MOLEX-SD-47219 from DB.DbLib
Replace Part J6 MOLEX-SD-47219 in D:\WORKSPACE\compute-module-4-gateway\PCB\SD-CARD.SchDoc with MOLEX-SD-47219 from DB.DbLib
Replace Part J7 MOLEX-SD-47219 in D:\WORKSPACE\compute-module-4-gateway\PCB\SD-CARD.SchDoc with MOLEX-SD-47219 from DB.DbLib
Replace Part R51 Resistor in D:\WORKSPACE\compute-module-4-gateway\PCB\SD-CARD.SchDoc with Resistor from DB.DbLib
Replace Part R52 Resistor in D:\WORKSPACE\compute-module-4-gateway\PCB\SD-CARD.SchDoc with Resistor from DB.DbLib
Replace Part R53 Resistor in D:\WORKSPACE\compute-module-4-gateway\PCB\SD-CARD.SchDoc with Resistor from DB.DbLib
Replace Part R54 Resistor in D:\WORKSPACE\compute-module-4-gateway\PCB\SD-CARD.SchDoc with Resistor from DB.DbLib
Replace Part R55 Resistor in D:\WORKSPACE\compute-module-4-gateway\PCB\SD-CARD.SchDoc with Resistor from DB.DbLib
Replace Part R56 Resistor in D:\WORKSPACE\compute-module-4-gateway\PCB\SD-CARD.SchDoc with Resistor from DB.DbLib
Replace Part R57 Resistor in D:\WORKSPACE\compute-module-4-gateway\PCB\SD-CARD.SchDoc with Resistor from DB.DbLib
Replace Part R58 Resistor in D:\WORKSPACE\compute-module-4-gateway\PCB\SD-CARD.SchDoc with Resistor from DB.DbLib
Replace Part R59 Resistor in D:\WORKSPACE\compute-module-4-gateway\PCB\SD-CARD.SchDoc with Resistor from DB.DbLib
Replace Part R60 Resistor in D:\WORKSPACE\compute-module-4-gateway\PCB\SD-CARD.SchDoc with Resistor from DB.DbLib
Replace Part R61 Resistor in D:\WORKSPACE\compute-module-4-gateway\PCB\SD-CARD.SchDoc with Resistor from DB.DbLib
Replace Part R62 Resistor in D:\WORKSPACE\compute-module-4-gateway\PCB\SD-CARD.SchDoc with Resistor from DB.DbLib
Replace Part R63 Resistor in D:\WORKSPACE\compute-module-4-gateway\PCB\SD-CARD.SchDoc with Resistor from DB.DbLib
Replace Part R64 Resistor in D:\WORKSPACE\compute-module-4-gateway\PCB\SD-CARD.SchDoc with Resistor from DB.DbLib
Replace Part R65 Resistor in D:\WORKSPACE\compute-module-4-gateway\PCB\SD-CARD.SchDoc with Resistor from DB.DbLib
Replace Part R66 Resistor in D:\WORKSPACE\compute-module-4-gateway\PCB\SD-CARD.SchDoc with Resistor from DB.DbLib
Replace Part R67 Resistor in D:\WORKSPACE\compute-module-4-gateway\PCB\SD-CARD.SchDoc with Resistor from DB.DbLib
Replace Part R68 Resistor in D:\WORKSPACE\compute-module-4-gateway\PCB\SD-CARD.SchDoc with Resistor from DB.DbLib
Replace Part R69 Resistor in D:\WORKSPACE\compute-module-4-gateway\PCB\SD-CARD.SchDoc with Resistor from DB.DbLib
Replace Part TP25 TP in D:\WORKSPACE\compute-module-4-gateway\PCB\SD-CARD.SchDoc with TP from DB.DbLib
Replace Part TP26 TP in D:\WORKSPACE\compute-module-4-gateway\PCB\SD-CARD.SchDoc with TP from DB.DbLib
Replace Part TP27 TP in D:\WORKSPACE\compute-module-4-gateway\PCB\SD-CARD.SchDoc with TP from DB.DbLib
Replace Part TP28 TP in D:\WORKSPACE\compute-module-4-gateway\PCB\SD-CARD.SchDoc with TP from DB.DbLib
Replace Part TP29 TP in D:\WORKSPACE\compute-module-4-gateway\PCB\SD-CARD.SchDoc with TP from DB.DbLib
Replace Part TP30 TP in D:\WORKSPACE\compute-module-4-gateway\PCB\SD-CARD.SchDoc with TP from DB.DbLib
Replace Part U12 MAX4996 in D:\WORKSPACE\compute-module-4-gateway\PCB\SD-CARD.SchDoc with MAX4996 from DB.DbLib
Replace Part U13 TPS22919DCKR in D:\WORKSPACE\compute-module-4-gateway\PCB\SD-CARD.SchDoc with TPS22919DCKR from DB.DbLib
Replace Part U14 TPS22919DCKR in D:\WORKSPACE\compute-module-4-gateway\PCB\SD-CARD.SchDoc with TPS22919DCKR from DB.DbLib
Replace Part U15 SN74LVC1G00DCKRE4 in D:\WORKSPACE\compute-module-4-gateway\PCB\SD-CARD.SchDoc with SN74LVC1G00DCKRE4 from DB.DbLib
Replace Part U16 TPS22919DCKR in D:\WORKSPACE\compute-module-4-gateway\PCB\SD-CARD.SchDoc with TPS22919DCKR from DB.DbLib
