Replace Part C63 Capacitor in D:\WORKSPACE\compute-module-4-gateway\PCB\USB HUB.SchDoc with Capacitor from DB.DbLib
Replace Part C64 Capacitor in D:\WORKSPACE\compute-module-4-gateway\PCB\USB HUB.SchDoc with Capacitor from DB.DbLib
Replace Part C65 Capacitor in D:\WORKSPACE\compute-module-4-gateway\PCB\USB HUB.SchDoc with Capacitor from DB.DbLib
Replace Part C66 Capacitor in D:\WORKSPACE\compute-module-4-gateway\PCB\USB HUB.SchDoc with Capacitor from DB.DbLib
Replace Part C67 Capacitor in D:\WORKSPACE\compute-module-4-gateway\PCB\USB HUB.SchDoc with Capacitor from DB.DbLib
Replace Part C68 Capacitor in D:\WORKSPACE\compute-module-4-gateway\PCB\USB HUB.SchDoc with Capacitor from DB.DbLib
Replace Part C69 Capacitor in D:\WORKSPACE\compute-module-4-gateway\PCB\USB HUB.SchDoc with Capacitor from DB.DbLib
Replace Part C70 Capacitor in D:\WORKSPACE\compute-module-4-gateway\PCB\USB HUB.SchDoc with Capacitor from DB.DbLib
Replace Part C71 Capacitor in D:\WORKSPACE\compute-module-4-gateway\PCB\USB HUB.SchDoc with Capacitor from DB.DbLib
Replace Part C72 Capacitor in D:\WORKSPACE\compute-module-4-gateway\PCB\USB HUB.SchDoc with Capacitor from DB.DbLib
Replace Part C73 Capacitor in D:\WORKSPACE\compute-module-4-gateway\PCB\USB HUB.SchDoc with Capacitor from DB.DbLib
Replace Part C74 Capacitor in D:\WORKSPACE\compute-module-4-gateway\PCB\USB HUB.SchDoc with Capacitor from DB.DbLib
Replace Part R75 Resistor in D:\WORKSPACE\compute-module-4-gateway\PCB\USB HUB.SchDoc with Resistor from DB.DbLib
Replace Part R76 Resistor in D:\WORKSPACE\compute-module-4-gateway\PCB\USB HUB.SchDoc with Resistor from DB.DbLib
Replace Part R77 Resistor in D:\WORKSPACE\compute-module-4-gateway\PCB\USB HUB.SchDoc with Resistor from DB.DbLib
Replace Part R78 Resistor in D:\WORKSPACE\compute-module-4-gateway\PCB\USB HUB.SchDoc with Resistor from DB.DbLib
Replace Part R79 Resistor in D:\WORKSPACE\compute-module-4-gateway\PCB\USB HUB.SchDoc with Resistor from DB.DbLib
Replace Part R80 Resistor in D:\WORKSPACE\compute-module-4-gateway\PCB\USB HUB.SchDoc with Resistor from DB.DbLib
Replace Part R81 Resistor in D:\WORKSPACE\compute-module-4-gateway\PCB\USB HUB.SchDoc with Resistor from DB.DbLib
Replace Part R82 Resistor in D:\WORKSPACE\compute-module-4-gateway\PCB\USB HUB.SchDoc with Resistor from DB.DbLib
Replace Part R83 Resistor in D:\WORKSPACE\compute-module-4-gateway\PCB\USB HUB.SchDoc with Resistor from DB.DbLib
Replace Part R84 Resistor in D:\WORKSPACE\compute-module-4-gateway\PCB\USB HUB.SchDoc with Resistor from DB.DbLib
Replace Part R85 Resistor in D:\WORKSPACE\compute-module-4-gateway\PCB\USB HUB.SchDoc with Resistor from DB.DbLib
Replace Part R86 Resistor in D:\WORKSPACE\compute-module-4-gateway\PCB\USB HUB.SchDoc with Resistor from DB.DbLib
Replace Part R87 Resistor in D:\WORKSPACE\compute-module-4-gateway\PCB\USB HUB.SchDoc with Resistor from DB.DbLib
Replace Part R88 Resistor in D:\WORKSPACE\compute-module-4-gateway\PCB\USB HUB.SchDoc with Resistor from DB.DbLib
Replace Part R89 Resistor in D:\WORKSPACE\compute-module-4-gateway\PCB\USB HUB.SchDoc with Resistor from DB.DbLib
Replace Part R90 Resistor in D:\WORKSPACE\compute-module-4-gateway\PCB\USB HUB.SchDoc with Resistor from DB.DbLib
Replace Part R91 Resistor in D:\WORKSPACE\compute-module-4-gateway\PCB\USB HUB.SchDoc with Resistor from DB.DbLib
Replace Part R92 Resistor in D:\WORKSPACE\compute-module-4-gateway\PCB\USB HUB.SchDoc with Resistor from DB.DbLib
Replace Part R93 Resistor in D:\WORKSPACE\compute-module-4-gateway\PCB\USB HUB.SchDoc with Resistor from DB.DbLib
Replace Part R94 Resistor in D:\WORKSPACE\compute-module-4-gateway\PCB\USB HUB.SchDoc with Resistor from DB.DbLib
Replace Part R95 Resistor in D:\WORKSPACE\compute-module-4-gateway\PCB\USB HUB.SchDoc with Resistor from DB.DbLib
Replace Part TP31 TP in D:\WORKSPACE\compute-module-4-gateway\PCB\USB HUB.SchDoc with TP from DB.DbLib
Replace Part TP32 TP in D:\WORKSPACE\compute-module-4-gateway\PCB\USB HUB.SchDoc with TP from DB.DbLib
Replace Part TP33 TP in D:\WORKSPACE\compute-module-4-gateway\PCB\USB HUB.SchDoc with TP from DB.DbLib
Replace Part U22 USB2514 in D:\WORKSPACE\compute-module-4-gateway\PCB\USB HUB.SchDoc with USB2514 from DB.DbLib
Replace Part U23 AT24C04D-XHM-B in D:\WORKSPACE\compute-module-4-gateway\PCB\USB HUB.SchDoc with AT24C04D-XHM-B from DB.DbLib
Replace Part Y2 XTAL_4 in D:\WORKSPACE\compute-module-4-gateway\PCB\USB HUB.SchDoc with XTAL_4 from DB.DbLib
