Change Component Designator: Old Designator=C51 New Designator=C62
Change Component Designator: Old Designator=C52 New Designator=C63
Change Component Designator: Old Designator=C53 New Designator=C64
Change Component Designator: Old Designator=C54 New Designator=C65
Change Component Designator: Old Designator=C55 New Designator=C66
Change Component Designator: Old Designator=C56 New Designator=C67
Change Component Designator: Old Designator=C57 New Designator=C68
Change Component Designator: Old Designator=C58 New Designator=C69
Change Component Designator: Old Designator=C59 New Designator=C70
Change Component Designator: Old Designator=C60 New Designator=C71
Change Component Designator: Old Designator=C61 New Designator=C72
Change Component Designator: Old Designator=C62 New Designator=C73
Change Component Designator: Old Designator=R68 New Designator=R74
Change Component Designator: Old Designator=R69 New Designator=R75
Change Component Designator: Old Designator=R70 New Designator=R76
Change Component Designator: Old Designator=R71 New Designator=R77
Change Component Designator: Old Designator=R72 New Designator=R78
Change Component Designator: Old Designator=R73 New Designator=R79
Change Component Designator: Old Designator=R74 New Designator=R80
Change Component Designator: Old Designator=R75 New Designator=R81
Change Component Designator: Old Designator=R76 New Designator=R82
Change Component Designator: Old Designator=R77 New Designator=R83
Change Component Designator: Old Designator=R78 New Designator=R84
Change Component Designator: Old Designator=R79 New Designator=R85
Change Component Designator: Old Designator=R80 New Designator=R86
Change Component Designator: Old Designator=R81 New Designator=R87
Change Component Designator: Old Designator=R82 New Designator=R71
Change Component Designator: Old Designator=R83 New Designator=R72
Change Component Designator: Old Designator=R84 New Designator=R88
Change Component Designator: Old Designator=R85 New Designator=R70
Change Component Designator: Old Designator=R86 New Designator=R73
Change Component Designator: Old Designator=R87 New Designator=R89
Change Component Designator: Old Designator=R88 New Designator=R90
Change Component Designator: Old Designator=TP44 New Designator=TP43
Change Component Designator: Old Designator=TP45 New Designator=TP44
Change Component Designator: Old Designator=TP46 New Designator=TP45
Change Component Designator: Old Designator=U25 New Designator=U22
Change Component Designator: Old Designator=U26 New Designator=U23
Change Component Designator: Old Designator=Y1 New Designator=Y2
